[I 2026-04-16 14:08:43,791] Trial 67 finished with value: 0.3993213139829181 and parameters: {'nGraphConvolutionalLayers': 4, 'n_node_neurons': 294, 'n_edge_neurons': 190, 'DropoutGNN': 0.18081241963746483, 'momentumBatchNorm': 0.546551785013148, 'nSharedLayers': 1, 'nTargetSpecificLayers': 1, 'n_shared_0': 61, 'n_target_0': 197, 'DropoutShared_0': 0.2153170755467803, 'DropoutTarget_0': 0.038777385925341884, 'learningRate': 0.00020939289467656488, 'w1': 3.5215621490513227, 'w2': 5.311739191448616, 'w3': 3.448334625436122, 'w4': 1.9800116202704745, 'w5': 3.0031428973024843}. Best is trial 42 with value: 0.37855862776438387.
2026-04-16 14:08:43,791 - INFO - Starting trial 68
[I 2026-04-16 14:27:47,117] Trial 68 pruned. 
2026-04-16 14:27:47,129 - INFO - Starting trial 69
[I 2026-04-16 14:47:24,617] Trial 69 pruned. 
2026-04-16 14:47:24,617 - INFO - Starting trial 70
slurmstepd: error: *** JOB 1532153 ON drago31050352 CANCELLED AT 2026-04-16T14:56:58 DUE TO TIME LIMIT ***
