2026-04-15 14:59:31,986 - INFO - Using device: cuda
[I 2026-04-15 14:59:31,987] A new study created in memory with name: no-name-7a813b5e-4738-4c3b-9b14-bb9a0c53dff1
2026-04-15 14:59:31,987 - INFO - Created new Optuna study.
2026-04-15 14:59:31,997 - INFO - Input mode: gnn
2026-04-15 14:59:40,289 - INFO - [train] No NaN graphs found (6647 graphs OK).
2026-04-15 14:59:47,767 - INFO - Starting trial 0
2026-04-15 15:18:59,558 - INFO - Study saved to /lustre/scratch-global/cib/abiel/AMES_FINAL/optuna/study_20260415.pkl
[I 2026-04-15 15:18:59,563] Trial 0 finished with value: 0.5180468386127836 and parameters: {'nGraphConvolutionalLayers': 1, 'n_node_neurons': 208, 'n_edge_neurons': 35, 'DropoutGNN': 0.07979869265081457, 'momentumBatchNorm': 0.1908539458088785, 'nSharedLayers': 4, 'nTargetSpecificLayers': 1, 'n_shared_0': 101, 'n_shared_1': 144, 'n_shared_2': 172, 'n_shared_3': 176, 'n_target_0': 194, 'DropoutShared_0': 0.07192040472867417, 'DropoutShared_1': 0.0385515859584864, 'DropoutShared_2': 0.33786503740571083, 'DropoutShared_3': 0.4889928272149283, 'DropoutTarget_0': 0.3980290640723793, 'learningRate': 1.361630583682882e-05, 'w1': 4.063010910047992, 'w2': 4.865797694478495, 'w3': 2.8707779571238214, 'w4': 1.646879419651491, 'w5': 1.573122087726234}. Best is trial 0 with value: 0.5180468386127836.
2026-04-15 15:18:59,564 - INFO - Starting trial 1
[I 2026-04-15 15:40:38,116] Trial 1 finished with value: 0.4835954524931454 and parameters: {'nGraphConvolutionalLayers': 4, 'n_node_neurons': 155, 'n_edge_neurons': 156, 'DropoutGNN': 0.15551016053268846, 'momentumBatchNorm': 0.9674830630903356, 'nSharedLayers': 1, 'nTargetSpecificLayers': 2, 'n_shared_0': 290, 'n_target_0': 22, 'n_target_1': 59, 'DropoutShared_0': 0.4531368398860292, 'DropoutTarget_0': 0.35556664251295145, 'DropoutTarget_1': 0.3011556988236672, 'learningRate': 0.00040334337348365396, 'w1': 2.4903865613359395, 'w2': 3.89604545916195, 'w3': 4.394054988383732, 'w4': 3.473889415261211, 'w5': 3.484323286014758}. Best is trial 1 with value: 0.4835954524931454.
2026-04-15 15:40:38,117 - INFO - Starting trial 2
[I 2026-04-15 16:02:47,926] Trial 2 finished with value: 0.6076809135221299 and parameters: {'nGraphConvolutionalLayers': 1, 'n_node_neurons': 89, 'n_edge_neurons': 179, 'DropoutGNN': 0.016130153205189568, 'momentumBatchNorm': 0.10772415371217314, 'nSharedLayers': 4, 'nTargetSpecificLayers': 3, 'n_shared_0': 276, 'n_shared_1': 14, 'n_shared_2': 297, 'n_shared_3': 116, 'n_target_0': 131, 'n_target_1': 281, 'n_target_2': 214, 'DropoutShared_0': 0.1174902131266739, 'DropoutShared_1': 0.2666692371474267, 'DropoutShared_2': 0.3150188000101525, 'DropoutShared_3': 0.44437671930652534, 'DropoutTarget_0': 0.20531707274398897, 'DropoutTarget_1': 0.4464862282262261, 'DropoutTarget_2': 0.02645930903208188, 'learningRate': 1.5347726240510343e-05, 'w1': 5.394850443577493, 'w2': 2.7805165508994985, 'w3': 2.9684102393300593, 'w4': 5.792709295422306, 'w5': 3.9905329449688223}. Best is trial 1 with value: 0.4835954524931454.
2026-04-15 16:02:47,927 - INFO - Starting trial 3
[I 2026-04-15 16:24:35,045] Trial 3 finished with value: 0.4042331899205844 and parameters: {'nGraphConvolutionalLayers': 5, 'n_node_neurons': 199, 'n_edge_neurons': 192, 'DropoutGNN': 0.1220085431641329, 'momentumBatchNorm': 0.9392416732118415, 'nSharedLayers': 4, 'nTargetSpecificLayers': 1, 'n_shared_0': 277, 'n_shared_1': 146, 'n_shared_2': 89, 'n_shared_3': 243, 'n_target_0': 116, 'DropoutShared_0': 0.4449387891529332, 'DropoutShared_1': 0.24749167548671253, 'DropoutShared_2': 0.4601809809716131, 'DropoutShared_3': 0.21830953632028227, 'DropoutTarget_0': 0.38252154577694414, 'learningRate': 0.0001682783085286473, 'w1': 3.9059817559097167, 'w2': 3.1243075448835356, 'w3': 3.8052335222206293, 'w4': 1.4721572301899046, 'w5': 1.7783941450594134}. Best is trial 3 with value: 0.4042331899205844.
2026-04-15 16:24:35,046 - INFO - Starting trial 4
[I 2026-04-15 16:45:25,502] Trial 4 finished with value: 0.5410980514117649 and parameters: {'nGraphConvolutionalLayers': 5, 'n_node_neurons': 155, 'n_edge_neurons': 49, 'DropoutGNN': 0.3654975067396777, 'momentumBatchNorm': 0.24353820712645757, 'nSharedLayers': 3, 'nTargetSpecificLayers': 1, 'n_shared_0': 164, 'n_shared_1': 111, 'n_shared_2': 23, 'n_target_0': 99, 'DropoutShared_0': 0.3910340298284765, 'DropoutShared_1': 0.22708706686392366, 'DropoutShared_2': 0.08449367592558382, 'DropoutTarget_0': 0.3150814328895324, 'learningRate': 1.2621627763227504e-05, 'w1': 4.232021154453822, 'w2': 3.4327005465669544, 'w3': 5.1361226909025355, 'w4': 4.709256346066889, 'w5': 4.6788672984321025}. Best is trial 3 with value: 0.4042331899205844.
2026-04-15 16:45:25,503 - INFO - Starting trial 5
[I 2026-04-15 17:05:19,211] Trial 5 finished with value: 0.4040856185413542 and parameters: {'nGraphConvolutionalLayers': 2, 'n_node_neurons': 280, 'n_edge_neurons': 80, 'DropoutGNN': 0.19301206598346288, 'momentumBatchNorm': 0.20649313767754796, 'nSharedLayers': 1, 'nTargetSpecificLayers': 2, 'n_shared_0': 94, 'n_target_0': 255, 'n_target_1': 94, 'DropoutShared_0': 0.4413923740030991, 'DropoutTarget_0': 0.43476925579146664, 'DropoutTarget_1': 0.16010565762577061, 'learningRate': 0.0001321838689033034, 'w1': 2.974706976312926, 'w2': 1.0532441219826063, 'w3': 1.5104358508128355, 'w4': 4.139775790603034, 'w5': 3.6472021390653544}. Best is trial 5 with value: 0.4040856185413542.
2026-04-15 17:05:19,212 - INFO - Starting trial 6
[I 2026-04-15 17:24:31,013] Trial 6 pruned. 
2026-04-15 17:24:31,014 - INFO - Starting trial 7
[I 2026-04-15 17:46:18,249] Trial 7 pruned. 
2026-04-15 17:46:18,249 - INFO - Starting trial 8
[I 2026-04-15 18:05:19,579] Trial 8 pruned. 
2026-04-15 18:05:19,580 - INFO - Starting trial 9
[I 2026-04-15 18:25:15,184] Trial 9 finished with value: 0.4240939260948272 and parameters: {'nGraphConvolutionalLayers': 4, 'n_node_neurons': 159, 'n_edge_neurons': 275, 'DropoutGNN': 0.1220493546417088, 'momentumBatchNorm': 0.15884902356186537, 'nSharedLayers': 3, 'nTargetSpecificLayers': 1, 'n_shared_0': 135, 'n_shared_1': 45, 'n_shared_2': 253, 'n_target_0': 259, 'DropoutShared_0': 0.18777228924147565, 'DropoutShared_1': 0.34087721658887266, 'DropoutShared_2': 0.2773330136001481, 'DropoutTarget_0': 0.04722399031802671, 'learningRate': 1.4950724557950074e-05, 'w1': 1.1037121261088325, 'w2': 5.5942782115226395, 'w3': 5.303024411580449, 'w4': 5.681704429089354, 'w5': 1.799739285630508}. Best is trial 5 with value: 0.4040856185413542.
2026-04-15 18:25:15,185 - INFO - Starting trial 10
[I 2026-04-15 18:46:06,137] Trial 10 pruned. 
2026-04-15 18:46:06,138 - INFO - Starting trial 11
[I 2026-04-15 19:06:08,271] Trial 11 finished with value: 0.391377521554629 and parameters: {'nGraphConvolutionalLayers': 3, 'n_node_neurons': 244, 'n_edge_neurons': 210, 'DropoutGNN': 0.236013910979483, 'momentumBatchNorm': 0.9939682462004698, 'nSharedLayers': 2, 'nTargetSpecificLayers': 2, 'n_shared_0': 61, 'n_shared_1': 231, 'n_target_0': 196, 'n_target_1': 159, 'DropoutShared_0': 0.4893719990584028, 'DropoutShared_1': 0.07135205371280623, 'DropoutTarget_0': 0.3141370714410829, 'DropoutTarget_1': 0.24069261034042136, 'learningRate': 0.0001214714873319589, 'w1': 2.797132594203158, 'w2': 1.0767917158672775, 'w3': 3.933661975185287, 'w4': 1.1343586928187022, 'w5': 2.777979031913577}. Best is trial 11 with value: 0.391377521554629.
2026-04-15 19:06:08,271 - INFO - Starting trial 12
[I 2026-04-15 19:26:19,568] Trial 12 finished with value: 0.41908301952339355 and parameters: {'nGraphConvolutionalLayers': 3, 'n_node_neurons': 251, 'n_edge_neurons': 112, 'DropoutGNN': 0.25714862558024487, 'momentumBatchNorm': 0.44540775012553946, 'nSharedLayers': 2, 'nTargetSpecificLayers': 2, 'n_shared_0': 49, 'n_shared_1': 265, 'n_target_0': 199, 'n_target_1': 163, 'DropoutShared_0': 0.4941058208153972, 'DropoutShared_1': 0.003847204613890043, 'DropoutTarget_0': 0.2709630374840907, 'DropoutTarget_1': 0.23243672912639873, 'learningRate': 6.897156262842019e-05, 'w1': 2.790466243788739, 'w2': 1.398292473640331, 'w3': 4.017002652619322, 'w4': 2.7061786131430026, 'w5': 2.939069321557163}. Best is trial 11 with value: 0.391377521554629.
2026-04-15 19:26:19,587 - INFO - Starting trial 13
[I 2026-04-15 19:44:50,601] Trial 13 pruned. 
2026-04-15 19:44:50,602 - INFO - Starting trial 14
[I 2026-04-15 20:05:16,960] Trial 14 pruned. 
2026-04-15 20:05:16,960 - INFO - Starting trial 15
[I 2026-04-15 20:24:42,636] Trial 15 pruned. 
2026-04-15 20:24:42,636 - INFO - Starting trial 16
[I 2026-04-15 20:44:52,488] Trial 16 finished with value: 0.3874325809734208 and parameters: {'nGraphConvolutionalLayers': 3, 'n_node_neurons': 223, 'n_edge_neurons': 134, 'DropoutGNN': 0.20650496783812364, 'momentumBatchNorm': 0.5441845602290911, 'nSharedLayers': 2, 'nTargetSpecificLayers': 2, 'n_shared_0': 118, 'n_shared_1': 211, 'n_target_0': 228, 'n_target_1': 252, 'DropoutShared_0': 0.4990864492868653, 'DropoutShared_1': 0.11000136959195259, 'DropoutTarget_0': 0.4263992053060814, 'DropoutTarget_1': 0.3817881397262972, 'learningRate': 6.207242743820821e-05, 'w1': 1.810716040159278, 'w2': 2.2939869319257173, 'w3': 1.2578282238705878, 'w4': 4.0332326291258465, 'w5': 2.3762098108783145}. Best is trial 16 with value: 0.3874325809734208.
2026-04-15 20:44:52,498 - INFO - Starting trial 17
[I 2026-04-15 21:07:13,773] Trial 17 pruned. 
2026-04-15 21:07:13,774 - INFO - Starting trial 18
[I 2026-04-15 21:32:40,423] Trial 18 pruned. 
2026-04-15 21:32:40,457 - INFO - Starting trial 19
[I 2026-04-15 21:51:38,706] Trial 19 pruned. 
2026-04-15 21:51:38,706 - INFO - Starting trial 20
[I 2026-04-15 22:18:08,580] Trial 20 pruned. 
2026-04-15 22:18:08,581 - INFO - Starting trial 21
[I 2026-04-15 22:35:59,470] Trial 21 pruned. 
2026-04-15 22:35:59,470 - INFO - Starting trial 22
[I 2026-04-15 22:54:38,746] Trial 22 pruned. 
2026-04-15 22:54:38,747 - INFO - Starting trial 23
[I 2026-04-15 23:13:14,395] Trial 23 finished with value: 0.4001945072696323 and parameters: {'nGraphConvolutionalLayers': 3, 'n_node_neurons': 230, 'n_edge_neurons': 172, 'DropoutGNN': 0.1418855161804607, 'momentumBatchNorm': 0.8019950936580881, 'nSharedLayers': 1, 'nTargetSpecificLayers': 2, 'n_shared_0': 147, 'n_target_0': 236, 'n_target_1': 72, 'DropoutShared_0': 0.43219296387380235, 'DropoutTarget_0': 0.4778819601638069, 'DropoutTarget_1': 0.022781388472811637, 'learningRate': 9.811649768088737e-05, 'w1': 2.5546765534610842, 'w2': 1.8116286055905098, 'w3': 1.6546677177274, 'w4': 4.228048692655753, 'w5': 3.102884747915051}. Best is trial 16 with value: 0.3874325809734208.
2026-04-15 23:13:14,396 - INFO - Starting trial 24
[I 2026-04-15 23:32:41,172] Trial 24 pruned. 
2026-04-15 23:32:41,173 - INFO - Starting trial 25
[I 2026-04-15 23:59:59,204] Trial 25 pruned. 
2026-04-15 23:59:59,204 - INFO - Starting trial 26
[I 2026-04-16 00:17:34,846] Trial 26 finished with value: 0.40584076905534383 and parameters: {'nGraphConvolutionalLayers': 3, 'n_node_neurons': 186, 'n_edge_neurons': 166, 'DropoutGNN': 0.27844976501422114, 'momentumBatchNorm': 0.9292787834129972, 'nSharedLayers': 1, 'nTargetSpecificLayers': 1, 'n_shared_0': 241, 'n_target_0': 182, 'DropoutShared_0': 0.35926998997244086, 'DropoutTarget_0': 0.4688505321572053, 'learningRate': 8.812832198875935e-05, 'w1': 2.15351714486069, 'w2': 2.145356898080083, 'w3': 2.617808906693, 'w4': 3.7312228775094827, 'w5': 2.1143132099429347}. Best is trial 16 with value: 0.3874325809734208.
2026-04-16 00:17:34,847 - INFO - Starting trial 27
[I 2026-04-16 00:44:12,005] Trial 27 pruned. 
2026-04-16 00:44:12,028 - INFO - Starting trial 28
[I 2026-04-16 01:04:42,778] Trial 28 pruned. 
2026-04-16 01:04:42,778 - INFO - Starting trial 29
[I 2026-04-16 01:22:39,684] Trial 29 pruned. 
2026-04-16 01:22:39,684 - INFO - Starting trial 30
2026-04-16 01:42:21,310 - INFO - Study saved to /lustre/scratch-global/cib/abiel/AMES_FINAL/optuna/study_20260415.pkl
[I 2026-04-16 01:42:21,315] Trial 30 finished with value: 0.39739409983158114 and parameters: {'nGraphConvolutionalLayers': 3, 'n_node_neurons': 178, 'n_edge_neurons': 121, 'DropoutGNN': 0.09507287030336384, 'momentumBatchNorm': 0.6119819548301605, 'nSharedLayers': 2, 'nTargetSpecificLayers': 2, 'n_shared_0': 146, 'n_shared_1': 90, 'n_target_0': 139, 'n_target_1': 60, 'DropoutShared_0': 0.47373915250920395, 'DropoutShared_1': 0.0688821057649282, 'DropoutTarget_0': 0.36906947125715595, 'DropoutTarget_1': 0.10482981619074552, 'learningRate': 8.484485199611281e-05, 'w1': 1.4744326200090816, 'w2': 1.8977053695124688, 'w3': 4.1339939132335415, 'w4': 3.627297924311814, 'w5': 3.1915897272135783}. Best is trial 16 with value: 0.3874325809734208.
2026-04-16 01:42:21,316 - INFO - Starting trial 31
[I 2026-04-16 02:03:27,371] Trial 31 finished with value: 0.3997595058310599 and parameters: {'nGraphConvolutionalLayers': 3, 'n_node_neurons': 179, 'n_edge_neurons': 119, 'DropoutGNN': 0.09457863334521617, 'momentumBatchNorm': 0.639921401234666, 'nSharedLayers': 2, 'nTargetSpecificLayers': 2, 'n_shared_0': 149, 'n_shared_1': 94, 'n_target_0': 131, 'n_target_1': 70, 'DropoutShared_0': 0.49842858062103357, 'DropoutShared_1': 0.01227115724834102, 'DropoutTarget_0': 0.3541503984815595, 'DropoutTarget_1': 0.08402637191418388, 'learningRate': 8.332852519755659e-05, 'w1': 1.402216800153866, 'w2': 1.8836423555635216, 'w3': 4.1448049917534995, 'w4': 3.5081806218023623, 'w5': 3.26402608227254}. Best is trial 16 with value: 0.3874325809734208.
2026-04-16 02:03:27,372 - INFO - Starting trial 32
[I 2026-04-16 02:24:11,000] Trial 32 pruned. 
2026-04-16 02:24:11,000 - INFO - Starting trial 33
[I 2026-04-16 02:51:16,932] Trial 33 pruned. 
2026-04-16 02:51:16,957 - INFO - Starting trial 34
[I 2026-04-16 03:12:16,304] Trial 34 pruned. 
2026-04-16 03:12:16,305 - INFO - Starting trial 35
[I 2026-04-16 03:30:07,661] Trial 35 pruned. 
2026-04-16 03:30:07,662 - INFO - Starting trial 36
[I 2026-04-16 03:47:55,503] Trial 36 pruned. 
2026-04-16 03:47:55,503 - INFO - Starting trial 37
[I 2026-04-16 04:15:18,575] Trial 37 pruned. 
2026-04-16 04:15:18,576 - INFO - Starting trial 38
[I 2026-04-16 04:35:55,712] Trial 38 pruned. 
2026-04-16 04:35:55,735 - INFO - Starting trial 39
[I 2026-04-16 04:54:24,352] Trial 39 pruned. 
2026-04-16 04:54:24,352 - INFO - Starting trial 40
[I 2026-04-16 05:21:25,069] Trial 40 pruned. 
2026-04-16 05:21:25,069 - INFO - Starting trial 41
[I 2026-04-16 05:40:41,834] Trial 41 pruned. 
2026-04-16 05:40:41,834 - INFO - Starting trial 42
[I 2026-04-16 05:58:38,144] Trial 42 finished with value: 0.37855862776438387 and parameters: {'nGraphConvolutionalLayers': 3, 'n_node_neurons': 242, 'n_edge_neurons': 185, 'DropoutGNN': 0.1382943182968127, 'momentumBatchNorm': 0.71373506332951, 'nSharedLayers': 1, 'nTargetSpecificLayers': 2, 'n_shared_0': 175, 'n_target_0': 75, 'n_target_1': 74, 'DropoutShared_0': 0.4757324010693026, 'DropoutTarget_0': 0.416662418218587, 'DropoutTarget_1': 0.05388529012973886, 'learningRate': 9.291613177979323e-05, 'w1': 2.4044688651304025, 'w2': 1.7119394282064415, 'w3': 1.2961910480306862, 'w4': 4.449041275503844, 'w5': 3.045203390687916}. Best is trial 42 with value: 0.37855862776438387.
2026-04-16 05:58:38,144 - INFO - Starting trial 43
[I 2026-04-16 06:18:35,119] Trial 43 pruned. 
2026-04-16 06:18:35,119 - INFO - Starting trial 44
[I 2026-04-16 06:35:52,065] Trial 44 pruned. 
2026-04-16 06:35:52,068 - INFO - Starting trial 45
[I 2026-04-16 06:56:01,219] Trial 45 finished with value: 0.40316342413425443 and parameters: {'nGraphConvolutionalLayers': 3, 'n_node_neurons': 244, 'n_edge_neurons': 187, 'DropoutGNN': 0.23055913046009507, 'momentumBatchNorm': 0.6364256176143112, 'nSharedLayers': 2, 'nTargetSpecificLayers': 2, 'n_shared_0': 217, 'n_shared_1': 262, 'n_target_0': 52, 'n_target_1': 127, 'DropoutShared_0': 0.057723188809592735, 'DropoutShared_1': 0.18683006684007053, 'DropoutTarget_0': 0.4391751199257139, 'DropoutTarget_1': 0.06012660450037894, 'learningRate': 7.700012750106151e-05, 'w1': 2.761928733328927, 'w2': 2.1738247761996727, 'w3': 3.9965732350971273, 'w4': 3.3648357410182657, 'w5': 2.6113214977846355}. Best is trial 42 with value: 0.37855862776438387.
2026-04-16 06:56:01,219 - INFO - Starting trial 46
[I 2026-04-16 07:15:11,910] Trial 46 pruned. 
2026-04-16 07:15:11,911 - INFO - Starting trial 47
[I 2026-04-16 07:41:31,074] Trial 47 pruned. 
2026-04-16 07:41:31,075 - INFO - Starting trial 48
[I 2026-04-16 07:59:06,730] Trial 48 pruned. 
2026-04-16 07:59:06,730 - INFO - Starting trial 49
[I 2026-04-16 08:16:35,905] Trial 49 pruned. 
2026-04-16 08:16:35,930 - INFO - Starting trial 50
[I 2026-04-16 08:44:03,987] Trial 50 pruned. 
2026-04-16 08:44:03,988 - INFO - Starting trial 51
[I 2026-04-16 09:03:36,470] Trial 51 pruned. 
2026-04-16 09:03:36,471 - INFO - Starting trial 52
[I 2026-04-16 09:22:58,914] Trial 52 finished with value: 0.3998418926483109 and parameters: {'nGraphConvolutionalLayers': 3, 'n_node_neurons': 235, 'n_edge_neurons': 177, 'DropoutGNN': 0.049117766515297666, 'momentumBatchNorm': 0.8821921781779564, 'nSharedLayers': 1, 'nTargetSpecificLayers': 2, 'n_shared_0': 135, 'n_target_0': 244, 'n_target_1': 37, 'DropoutShared_0': 0.48225221500920823, 'DropoutTarget_0': 0.42843100065972706, 'DropoutTarget_1': 0.07565280864007035, 'learningRate': 9.16058257296666e-05, 'w1': 3.418644988154396, 'w2': 1.862625102575165, 'w3': 1.4117402620852677, 'w4': 4.472691809175999, 'w5': 3.0794787471127343}. Best is trial 42 with value: 0.37855862776438387.
2026-04-16 09:22:58,916 - INFO - Starting trial 53
[I 2026-04-16 09:41:41,795] Trial 53 pruned. 
2026-04-16 09:41:41,796 - INFO - Starting trial 54
[I 2026-04-16 10:00:10,481] Trial 54 pruned. 
2026-04-16 10:00:10,481 - INFO - Starting trial 55
[I 2026-04-16 10:18:23,431] Trial 55 finished with value: 0.4019943804258392 and parameters: {'nGraphConvolutionalLayers': 3, 'n_node_neurons': 219, 'n_edge_neurons': 156, 'DropoutGNN': 0.045870646998834676, 'momentumBatchNorm': 0.8957167738682609, 'nSharedLayers': 1, 'nTargetSpecificLayers': 2, 'n_shared_0': 96, 'n_target_0': 192, 'n_target_1': 178, 'DropoutShared_0': 0.4145866251962962, 'DropoutTarget_0': 0.11271986117464863, 'DropoutTarget_1': 0.07299299799380007, 'learningRate': 6.023272181165689e-05, 'w1': 3.948824233977813, 'w2': 1.2458115450980878, 'w3': 1.8129671220380756, 'w4': 4.506498127033439, 'w5': 3.6888637924837107}. Best is trial 42 with value: 0.37855862776438387.
2026-04-16 10:18:23,432 - INFO - Starting trial 56
[I 2026-04-16 10:45:53,019] Trial 56 pruned. 
2026-04-16 10:45:53,062 - INFO - Starting trial 57
[I 2026-04-16 11:03:55,609] Trial 57 pruned. 
2026-04-16 11:03:55,610 - INFO - Starting trial 58
[I 2026-04-16 11:24:41,413] Trial 58 pruned. 
2026-04-16 11:24:41,414 - INFO - Starting trial 59
[I 2026-04-16 11:46:15,438] Trial 59 pruned. 
2026-04-16 11:46:15,438 - INFO - Starting trial 60
2026-04-16 12:04:04,253 - INFO - Study saved to /lustre/scratch-global/cib/abiel/AMES_FINAL/optuna/study_20260415.pkl
[I 2026-04-16 12:04:04,261] Trial 60 finished with value: 0.3937716941038768 and parameters: {'nGraphConvolutionalLayers': 3, 'n_node_neurons': 268, 'n_edge_neurons': 190, 'DropoutGNN': 0.12202500884375835, 'momentumBatchNorm': 0.544626722606614, 'nSharedLayers': 1, 'nTargetSpecificLayers': 1, 'n_shared_0': 79, 'n_target_0': 214, 'DropoutShared_0': 0.22075019116955308, 'DropoutTarget_0': 0.0077324060093899305, 'learningRate': 0.0001666522446272495, 'w1': 3.46089376147416, 'w2': 5.28837705724135, 'w3': 3.020543011893615, 'w4': 3.415018598439605, 'w5': 3.032429613036274}. Best is trial 42 with value: 0.37855862776438387.
2026-04-16 12:04:04,262 - INFO - Starting trial 61
[I 2026-04-16 12:21:36,702] Trial 61 finished with value: 0.389973783493042 and parameters: {'nGraphConvolutionalLayers': 3, 'n_node_neurons': 271, 'n_edge_neurons': 204, 'DropoutGNN': 0.12231191397287602, 'momentumBatchNorm': 0.5871577905495027, 'nSharedLayers': 1, 'nTargetSpecificLayers': 1, 'n_shared_0': 74, 'n_target_0': 250, 'DropoutShared_0': 0.20719120988288445, 'DropoutTarget_0': 0.1009425351990492, 'learningRate': 0.00014914409368742328, 'w1': 3.4862507431261873, 'w2': 5.974115197538971, 'w3': 3.0460762870103206, 'w4': 3.417340860305889, 'w5': 3.035193179309237}. Best is trial 42 with value: 0.37855862776438387.
2026-04-16 12:21:36,703 - INFO - Starting trial 62
[I 2026-04-16 12:39:31,466] Trial 62 finished with value: 0.3959041375489462 and parameters: {'nGraphConvolutionalLayers': 3, 'n_node_neurons': 270, 'n_edge_neurons': 203, 'DropoutGNN': 0.12197479792823525, 'momentumBatchNorm': 0.5942317373971588, 'nSharedLayers': 1, 'nTargetSpecificLayers': 1, 'n_shared_0': 56, 'n_target_0': 220, 'DropoutShared_0': 0.22319491404430444, 'DropoutTarget_0': 0.003315052495200088, 'learningRate': 0.0001792761120090009, 'w1': 3.739010476734303, 'w2': 5.512802878900526, 'w3': 3.15728167532294, 'w4': 2.896725959677492, 'w5': 2.959968511541556}. Best is trial 42 with value: 0.37855862776438387.
2026-04-16 12:39:31,467 - INFO - Starting trial 63
[I 2026-04-16 12:57:11,580] Trial 63 finished with value: 0.3892340532370976 and parameters: {'nGraphConvolutionalLayers': 3, 'n_node_neurons': 293, 'n_edge_neurons': 206, 'DropoutGNN': 0.11600029688777198, 'momentumBatchNorm': 0.5934684398647707, 'nSharedLayers': 1, 'nTargetSpecificLayers': 1, 'n_shared_0': 51, 'n_target_0': 214, 'DropoutShared_0': 0.21196371368332717, 'DropoutTarget_0': 0.0002303584431745699, 'learningRate': 0.000167172868158311, 'w1': 3.636405843572003, 'w2': 5.479600522312438, 'w3': 2.8172872118585404, 'w4': 2.9376995236728254, 'w5': 2.8112897248260245}. Best is trial 42 with value: 0.37855862776438387.
2026-04-16 12:57:11,580 - INFO - Starting trial 64
[I 2026-04-16 13:14:42,320] Trial 64 pruned. 
2026-04-16 13:14:42,321 - INFO - Starting trial 65
[I 2026-04-16 13:32:02,971] Trial 65 pruned. 
2026-04-16 13:32:02,972 - INFO - Starting trial 66
[I 2026-04-16 13:50:26,755] Trial 66 pruned. 
2026-04-16 13:50:26,756 - INFO - Starting trial 67
