[I 2026-04-24 14:25:27,698] Trial 32 finished with value: 0.4006688170773642 and parameters: {'nGraphConvolutionalLayers': 2, 'n_node_neurons': 208, 'n_edge_neurons': 19, 'DropoutGNN': 0.07427431267588412, 'momentumBatchNorm': 0.6666655717239939, 'nSharedLayers': 1, 'nTargetSpecificLayers': 2, 'n_shared_0': 126, 'n_target_0': 23, 'n_target_1': 230, 'DropoutShared_0': 0.11829062392132413, 'DropoutTarget_0': 0.4436293824187644, 'DropoutTarget_1': 0.180389081842903, 'learningRate': 0.00034592887057363744, 'w1': 4.8149954045498955, 'w2': 3.0842638470467083, 'w3': 1.6549546796947485, 'w4': 1.0384030772927884, 'w5': 5.616941474053196}. Best is trial 14 with value: 0.33003648826054166.
2026-04-24 14:25:27,699 - INFO - Starting trial 33
[I 2026-04-24 15:27:33,218] Trial 33 pruned. 
2026-04-24 15:27:33,257 - INFO - Starting trial 34
2026-04-24 16:28:58,066 - INFO - Study saved to /lustre/scratch-global/cib/abiel/AMES_FINAL/optuna/study_20260423.pkl
[I 2026-04-24 16:28:58,091] Trial 34 finished with value: 0.35244581358773364 and parameters: {'nGraphConvolutionalLayers': 2, 'n_node_neurons': 185, 'n_edge_neurons': 75, 'DropoutGNN': 0.03401856536061392, 'momentumBatchNorm': 0.5930607811525486, 'nSharedLayers': 1, 'nTargetSpecificLayers': 1, 'n_shared_0': 163, 'n_target_0': 78, 'DropoutShared_0': 0.035517514898524255, 'DropoutTarget_0': 0.34714790168788145, 'learningRate': 0.00011794175962368083, 'w1': 4.2042465030455665, 'w2': 4.004024174538092, 'w3': 1.413629006023014, 'w4': 2.0992721278029185, 'w5': 4.782638230046036}. Best is trial 14 with value: 0.33003648826054166.
2026-04-24 16:28:58,092 - INFO - Starting trial 35
[I 2026-04-24 17:31:27,946] Trial 35 pruned. 
2026-04-24 17:31:27,948 - INFO - Starting trial 36
2026-04-24 18:35:09,863 - INFO - Study saved to /lustre/scratch-global/cib/abiel/AMES_FINAL/optuna/study_20260423.pkl
[I 2026-04-24 18:35:09,935] Trial 36 finished with value: 0.357373942221914 and parameters: {'nGraphConvolutionalLayers': 4, 'n_node_neurons': 255, 'n_edge_neurons': 69, 'DropoutGNN': 0.07917065416993367, 'momentumBatchNorm': 0.36325501724520626, 'nSharedLayers': 2, 'nTargetSpecificLayers': 1, 'n_shared_0': 210, 'n_shared_1': 47, 'n_target_0': 80, 'DropoutShared_0': 0.10124475668860655, 'DropoutShared_1': 0.2972688407946086, 'DropoutTarget_0': 0.35249731593549555, 'learningRate': 5.937999710006398e-05, 'w1': 4.143147052999037, 'w2': 4.615013668657532, 'w3': 2.5462453280199213, 'w4': 1.3309849458677128, 'w5': 5.637913742997746}. Best is trial 14 with value: 0.33003648826054166.
2026-04-24 18:35:09,938 - INFO - Starting trial 37
[I 2026-04-24 19:37:03,621] Trial 37 pruned. 
2026-04-24 19:37:03,622 - INFO - Starting trial 38
2026-04-24 20:42:12,467 - INFO - Study saved to /lustre/scratch-global/cib/abiel/AMES_FINAL/optuna/study_20260423.pkl
[I 2026-04-24 20:42:12,571] Trial 38 finished with value: 0.38460814671857013 and parameters: {'nGraphConvolutionalLayers': 3, 'n_node_neurons': 213, 'n_edge_neurons': 92, 'DropoutGNN': 0.0003985818719547587, 'momentumBatchNorm': 0.3080010069477229, 'nSharedLayers': 1, 'nTargetSpecificLayers': 3, 'n_shared_0': 131, 'n_target_0': 154, 'n_target_1': 4, 'n_target_2': 140, 'DropoutShared_0': 0.0003898060410999285, 'DropoutTarget_0': 0.23364017938540357, 'DropoutTarget_1': 0.42688950527991576, 'DropoutTarget_2': 0.21780083553194698, 'learningRate': 4.2685078578547324e-05, 'w1': 3.370072682169263, 'w2': 4.3948915959603285, 'w3': 2.267645400917326, 'w4': 3.395102007915555, 'w5': 5.2924666479422084}. Best is trial 14 with value: 0.33003648826054166.
2026-04-24 20:42:12,574 - INFO - Starting trial 39
[I 2026-04-24 21:45:49,861] Trial 39 pruned. 
2026-04-24 21:45:49,862 - INFO - Starting trial 40
[I 2026-04-24 22:47:42,274] Trial 40 pruned. 
2026-04-24 22:47:42,284 - INFO - Starting trial 41
2026-04-24 23:49:31,279 - INFO - Study saved to /lustre/scratch-global/cib/abiel/AMES_FINAL/optuna/study_20260423.pkl
[I 2026-04-24 23:49:31,315] Trial 41 finished with value: 0.35265767097473144 and parameters: {'nGraphConvolutionalLayers': 2, 'n_node_neurons': 180, 'n_edge_neurons': 4, 'DropoutGNN': 0.06220134299952925, 'momentumBatchNorm': 0.811561864348966, 'nSharedLayers': 1, 'nTargetSpecificLayers': 2, 'n_shared_0': 77, 'n_target_0': 70, 'n_target_1': 200, 'DropoutShared_0': 0.06129378630072851, 'DropoutTarget_0': 0.44739311657015823, 'DropoutTarget_1': 0.07575122831312503, 'learningRate': 0.00012871198179004447, 'w1': 4.463999265951625, 'w2': 3.380316755826766, 'w3': 1.4300441818482181, 'w4': 2.164244863031581, 'w5': 5.711629235253371}. Best is trial 14 with value: 0.33003648826054166.
2026-04-24 23:49:31,316 - INFO - Starting trial 42
2026-04-25 00:52:31,268 - INFO - Study saved to /lustre/scratch-global/cib/abiel/AMES_FINAL/optuna/study_20260423.pkl
[I 2026-04-25 00:52:31,280] Trial 42 finished with value: 0.37572245759623396 and parameters: {'nGraphConvolutionalLayers': 2, 'n_node_neurons': 187, 'n_edge_neurons': 1, 'DropoutGNN': 0.0683089970356407, 'momentumBatchNorm': 0.8954590149422684, 'nSharedLayers': 1, 'nTargetSpecificLayers': 2, 'n_shared_0': 77, 'n_target_0': 35, 'n_target_1': 202, 'DropoutShared_0': 0.034520776015508486, 'DropoutTarget_0': 0.45812586279519935, 'DropoutTarget_1': 0.07876788896624362, 'learningRate': 0.00010514813711955508, 'w1': 4.700566492420856, 'w2': 3.814473284020849, 'w3': 1.9653580168063818, 'w4': 1.2689931706752162, 'w5': 5.407845398303639}. Best is trial 14 with value: 0.33003648826054166.
2026-04-25 00:52:31,280 - INFO - Starting trial 43
[I 2026-04-25 01:56:14,933] Trial 43 pruned. 
2026-04-25 01:56:14,965 - INFO - Starting trial 44
[I 2026-04-25 02:57:44,600] Trial 44 pruned. 
2026-04-25 02:57:44,602 - INFO - Starting trial 45
[I 2026-04-25 04:00:14,041] Trial 45 pruned. 
2026-04-25 04:00:14,067 - INFO - Starting trial 46
2026-04-25 05:01:36,561 - INFO - Study saved to /lustre/scratch-global/cib/abiel/AMES_FINAL/optuna/study_20260423.pkl
[I 2026-04-25 05:01:36,564] Trial 46 finished with value: 0.38277915290423803 and parameters: {'nGraphConvolutionalLayers': 2, 'n_node_neurons': 200, 'n_edge_neurons': 72, 'DropoutGNN': 0.3562214905394414, 'momentumBatchNorm': 0.42453704804835224, 'nSharedLayers': 2, 'nTargetSpecificLayers': 2, 'n_shared_0': 167, 'n_shared_1': 223, 'n_target_0': 140, 'n_target_1': 161, 'DropoutShared_0': 0.1765625100844732, 'DropoutShared_1': 0.2456906031803874, 'DropoutTarget_0': 0.2820320277358992, 'DropoutTarget_1': 0.007254564717400297, 'learningRate': 0.00010272100015470465, 'w1': 3.6570012835240178, 'w2': 4.014274155363173, 'w3': 1.5403739396369232, 'w4': 4.943341786435874, 'w5': 5.777042890942659}. Best is trial 14 with value: 0.33003648826054166.
2026-04-25 05:01:36,565 - INFO - Starting trial 47
[I 2026-04-25 05:54:59,086] Trial 47 pruned. 
2026-04-25 05:54:59,087 - INFO - Starting trial 48
2026-04-25 06:55:03,095 - INFO - Study saved to /lustre/scratch-global/cib/abiel/AMES_FINAL/optuna/study_20260423.pkl
[I 2026-04-25 06:55:03,103] Trial 48 finished with value: 0.37594287506171636 and parameters: {'nGraphConvolutionalLayers': 3, 'n_node_neurons': 241, 'n_edge_neurons': 101, 'DropoutGNN': 0.09603021509264134, 'momentumBatchNorm': 0.3648267067021395, 'nSharedLayers': 3, 'nTargetSpecificLayers': 2, 'n_shared_0': 64, 'n_shared_1': 103, 'n_shared_2': 95, 'n_target_0': 15, 'n_target_1': 180, 'DropoutShared_0': 0.22463756185963896, 'DropoutShared_1': 0.0005049640984468654, 'DropoutShared_2': 0.2497906693422842, 'DropoutTarget_0': 0.4522377696370116, 'DropoutTarget_1': 0.27061875547361547, 'learningRate': 0.0001101013776018593, 'w1': 4.583237163427789, 'w2': 5.811470662526766, 'w3': 2.190417525846874, 'w4': 1.1556421484946604, 'w5': 3.801813080300898}. Best is trial 14 with value: 0.33003648826054166.
2026-04-25 06:55:03,103 - INFO - Starting trial 49
[I 2026-04-25 07:56:21,424] Trial 49 pruned. 
2026-04-25 07:56:21,445 - INFO - Starting trial 50
[I 2026-04-25 08:58:56,046] Trial 50 pruned. 
2026-04-25 08:58:56,047 - INFO - Starting trial 51
2026-04-25 10:00:31,336 - INFO - Study saved to /lustre/scratch-global/cib/abiel/AMES_FINAL/optuna/study_20260423.pkl
[I 2026-04-25 10:00:31,397] Trial 51 finished with value: 0.37490437592778886 and parameters: {'nGraphConvolutionalLayers': 2, 'n_node_neurons': 141, 'n_edge_neurons': 20, 'DropoutGNN': 0.4674883961062188, 'momentumBatchNorm': 0.6787485144720504, 'nSharedLayers': 1, 'nTargetSpecificLayers': 2, 'n_shared_0': 117, 'n_target_0': 61, 'n_target_1': 244, 'DropoutShared_0': 0.0680163696551565, 'DropoutTarget_0': 0.41819911735964227, 'DropoutTarget_1': 0.08962616765820097, 'learningRate': 0.00015029354961816103, 'w1': 5.471909548550954, 'w2': 3.481608906765206, 'w3': 1.3303087987154552, 'w4': 2.079667673278473, 'w5': 5.842454897222545}. Best is trial 14 with value: 0.33003648826054166.
2026-04-25 10:00:31,399 - INFO - Starting trial 52
2026-04-25 11:02:01,679 - INFO - Study saved to /lustre/scratch-global/cib/abiel/AMES_FINAL/optuna/study_20260423.pkl
[I 2026-04-25 11:02:01,683] Trial 52 finished with value: 0.3663345979792731 and parameters: {'nGraphConvolutionalLayers': 2, 'n_node_neurons': 177, 'n_edge_neurons': 10, 'DropoutGNN': 0.042802571102539676, 'momentumBatchNorm': 0.7779767599640507, 'nSharedLayers': 1, 'nTargetSpecificLayers': 2, 'n_shared_0': 111, 'n_target_0': 47, 'n_target_1': 267, 'DropoutShared_0': 0.021024680392893028, 'DropoutTarget_0': 0.43369582845247506, 'DropoutTarget_1': 0.03639734561265731, 'learningRate': 7.415878422681168e-05, 'w1': 4.504135516326703, 'w2': 3.410367212932245, 'w3': 1.7680863092833017, 'w4': 2.254341438463823, 'w5': 5.6215701103145905}. Best is trial 14 with value: 0.33003648826054166.
2026-04-25 11:02:01,683 - INFO - Starting trial 53
[I 2026-04-25 13:38:01,585] Trial 53 pruned. 
2026-04-25 13:38:01,737 - INFO - Starting trial 54
[I 2026-04-25 14:39:25,666] Trial 54 pruned. 
2026-04-25 14:39:25,667 - INFO - Starting trial 55
2026-04-25 15:41:51,274 - INFO - Study saved to /lustre/scratch-global/cib/abiel/AMES_FINAL/optuna/study_20260423.pkl
[I 2026-04-25 15:41:51,309] Trial 55 finished with value: 0.36596842825412745 and parameters: {'nGraphConvolutionalLayers': 3, 'n_node_neurons': 14, 'n_edge_neurons': 50, 'DropoutGNN': 0.01717794207261939, 'momentumBatchNorm': 0.40392218400577856, 'nSharedLayers': 2, 'nTargetSpecificLayers': 2, 'n_shared_0': 189, 'n_shared_1': 49, 'n_target_0': 84, 'n_target_1': 233, 'DropoutShared_0': 0.13696819067144278, 'DropoutShared_1': 0.34402776154280407, 'DropoutTarget_0': 0.33876770289586855, 'DropoutTarget_1': 0.3095282171500402, 'learningRate': 0.0005576920709165035, 'w1': 2.2854816900133574, 'w2': 1.0891332489777676, 'w3': 2.1196414514739117, 'w4': 1.0014655227689706, 'w5': 5.827166724998254}. Best is trial 14 with value: 0.33003648826054166.
2026-04-25 15:41:51,312 - INFO - Starting trial 56
[I 2026-04-25 16:42:43,937] Trial 56 pruned. 
2026-04-25 16:42:43,938 - INFO - Starting trial 57
2026-04-25 17:45:06,370 - INFO - Study saved to /lustre/scratch-global/cib/abiel/AMES_FINAL/optuna/study_20260423.pkl
[I 2026-04-25 17:45:06,410] Trial 57 finished with value: 0.3462604435001101 and parameters: {'nGraphConvolutionalLayers': 3, 'n_node_neurons': 206, 'n_edge_neurons': 23, 'DropoutGNN': 0.27652549299604684, 'momentumBatchNorm': 0.4766652705959925, 'nSharedLayers': 1, 'nTargetSpecificLayers': 2, 'n_shared_0': 83, 'n_target_0': 53, 'n_target_1': 212, 'DropoutShared_0': 0.1165724673484307, 'DropoutTarget_0': 0.42734146550417657, 'DropoutTarget_1': 0.24036206791661394, 'learningRate': 5.908914329021111e-05, 'w1': 4.987480781191716, 'w2': 5.217160606770259, 'w3': 1.0183543007501732, 'w4': 2.368961058164824, 'w5': 4.684904185889918}. Best is trial 14 with value: 0.33003648826054166.
2026-04-25 17:45:06,413 - INFO - Starting trial 58
2026-04-25 18:46:56,297 - INFO - Study saved to /lustre/scratch-global/cib/abiel/AMES_FINAL/optuna/study_20260423.pkl
[I 2026-04-25 18:46:56,299] Trial 58 finished with value: 0.3551336792537144 and parameters: {'nGraphConvolutionalLayers': 3, 'n_node_neurons': 203, 'n_edge_neurons': 24, 'DropoutGNN': 0.2865265731056878, 'momentumBatchNorm': 0.33404495223051733, 'nSharedLayers': 2, 'nTargetSpecificLayers': 2, 'n_shared_0': 90, 'n_shared_1': 163, 'n_target_0': 52, 'n_target_1': 215, 'DropoutShared_0': 0.11577488963425936, 'DropoutShared_1': 0.16817671103430337, 'DropoutTarget_0': 0.06805113899702561, 'DropoutTarget_1': 0.22876180960513187, 'learningRate': 4.961509960378152e-05, 'w1': 5.129869541500546, 'w2': 5.174444153758512, 'w3': 1.1527857046898617, 'w4': 3.1120581434287677, 'w5': 4.348054337758981}. Best is trial 14 with value: 0.33003648826054166.
2026-04-25 18:46:56,300 - INFO - Starting trial 59
[I 2026-04-25 19:45:02,734] Trial 59 pruned. 
2026-04-25 19:45:02,759 - INFO - Starting trial 60
[I 2026-04-25 20:48:39,736] Trial 60 pruned. 
2026-04-25 20:48:39,737 - INFO - Starting trial 61
2026-04-25 21:50:59,957 - INFO - Study saved to /lustre/scratch-global/cib/abiel/AMES_FINAL/optuna/study_20260423.pkl
[I 2026-04-25 21:51:00,040] Trial 61 finished with value: 0.35243143839495517 and parameters: {'nGraphConvolutionalLayers': 3, 'n_node_neurons': 141, 'n_edge_neurons': 19, 'DropoutGNN': 0.2529990858908852, 'momentumBatchNorm': 0.5294043051070066, 'nSharedLayers': 1, 'nTargetSpecificLayers': 2, 'n_shared_0': 64, 'n_target_0': 94, 'n_target_1': 188, 'DropoutShared_0': 0.07003312271062255, 'DropoutTarget_0': 0.4316867531590144, 'DropoutTarget_1': 0.2766536680557369, 'learningRate': 0.00011993941725035223, 'w1': 4.412024672728038, 'w2': 4.519988998500306, 'w3': 1.6231858976612412, 'w4': 2.054511949519767, 'w5': 5.366247158451287}. Best is trial 14 with value: 0.33003648826054166.
2026-04-25 21:51:00,043 - INFO - Starting trial 62
2026-04-25 22:52:46,908 - INFO - Study saved to /lustre/scratch-global/cib/abiel/AMES_FINAL/optuna/study_20260423.pkl
[I 2026-04-25 22:52:46,910] Trial 62 finished with value: 0.3597696982962744 and parameters: {'nGraphConvolutionalLayers': 3, 'n_node_neurons': 46, 'n_edge_neurons': 58, 'DropoutGNN': 0.24192446275832927, 'momentumBatchNorm': 0.46328848018049157, 'nSharedLayers': 1, 'nTargetSpecificLayers': 2, 'n_shared_0': 65, 'n_target_0': 40, 'n_target_1': 188, 'DropoutShared_0': 0.07851818438861655, 'DropoutTarget_0': 0.41166339053105905, 'DropoutTarget_1': 0.2745539239253433, 'learningRate': 0.00010782811942471834, 'w1': 4.765100740797396, 'w2': 4.570367080186726, 'w3': 1.1996929097376736, 'w4': 1.9382672646005052, 'w5': 5.3493793626720505}. Best is trial 14 with value: 0.33003648826054166.
2026-04-25 22:52:46,911 - INFO - Starting trial 63
2026-04-25 23:55:01,524 - INFO - Study saved to /lustre/scratch-global/cib/abiel/AMES_FINAL/optuna/study_20260423.pkl
[I 2026-04-25 23:55:01,567] Trial 63 finished with value: 0.3579572535412652 and parameters: {'nGraphConvolutionalLayers': 3, 'n_node_neurons': 180, 'n_edge_neurons': 27, 'DropoutGNN': 0.25929073464799224, 'momentumBatchNorm': 0.39611594009504336, 'nSharedLayers': 1, 'nTargetSpecificLayers': 2, 'n_shared_0': 26, 'n_target_0': 93, 'n_target_1': 146, 'DropoutShared_0': 0.10872465207053382, 'DropoutTarget_0': 0.46730840514023714, 'DropoutTarget_1': 0.31589582019969775, 'learningRate': 7.395749420940547e-05, 'w1': 3.710145043894503, 'w2': 4.79412657941907, 'w3': 1.7572260967999322, 'w4': 1.5313539052268386, 'w5': 5.171843616944782}. Best is trial 14 with value: 0.33003648826054166.
2026-04-25 23:55:01,569 - INFO - Starting trial 64
2026-04-26 00:57:54,112 - INFO - Study saved to /lustre/scratch-global/cib/abiel/AMES_FINAL/optuna/study_20260423.pkl
[I 2026-04-26 00:57:54,114] Trial 64 finished with value: 0.36016008274895805 and parameters: {'nGraphConvolutionalLayers': 4, 'n_node_neurons': 142, 'n_edge_neurons': 4, 'DropoutGNN': 0.25614351186185014, 'momentumBatchNorm': 0.5284472096812216, 'nSharedLayers': 1, 'nTargetSpecificLayers': 2, 'n_shared_0': 85, 'n_target_0': 78, 'n_target_1': 203, 'DropoutShared_0': 0.017549044580323206, 'DropoutTarget_0': 0.38241663825906935, 'DropoutTarget_1': 0.3495642920380565, 'learningRate': 6.486806001132179e-05, 'w1': 4.269232826995529, 'w2': 4.903899889242505, 'w3': 1.3194928010450508, 'w4': 2.196098787403677, 'w5': 4.927839971676259}. Best is trial 14 with value: 0.33003648826054166.
2026-04-26 00:57:54,115 - INFO - Starting trial 65
2026-04-26 02:00:26,117 - INFO - Study saved to /lustre/scratch-global/cib/abiel/AMES_FINAL/optuna/study_20260423.pkl
[I 2026-04-26 02:00:26,168] Trial 65 finished with value: 0.3689491719858987 and parameters: {'nGraphConvolutionalLayers': 3, 'n_node_neurons': 104, 'n_edge_neurons': 13, 'DropoutGNN': 0.3209182195797654, 'momentumBatchNorm': 0.42790766961748133, 'nSharedLayers': 1, 'nTargetSpecificLayers': 2, 'n_shared_0': 55, 'n_target_0': 93, 'n_target_1': 182, 'DropoutShared_0': 0.4539598000592061, 'DropoutTarget_0': 0.43713430769822675, 'DropoutTarget_1': 0.24190756588286424, 'learningRate': 0.00013023740440276974, 'w1': 5.36585107007008, 'w2': 4.11420844842195, 'w3': 2.0581272520708502, 'w4': 2.579872528657721, 'w5': 5.518697763896741}. Best is trial 14 with value: 0.33003648826054166.
2026-04-26 02:00:26,170 - INFO - Starting trial 66
[I 2026-04-26 03:02:43,069] Trial 66 pruned. 
2026-04-26 03:02:43,070 - INFO - Starting trial 67
slurmstepd: error: *** JOB 1548344 ON drago32060019 CANCELLED AT 2026-04-26T03:27:46 DUE TO TIME LIMIT ***
