[I 2026-04-18 16:38:25,887] Trial 111 finished with value: 0.3520731916739827 and parameters: {'nGraphConvolutionalLayers': 2, 'n_node_neurons': 93, 'n_edge_neurons': 256, 'DropoutGNN': 0.1014063251737618, 'momentumBatchNorm': 0.8346318676949459, 'nSharedLayers': 1, 'nTargetSpecificLayers': 2, 'n_shared_0': 94, 'n_target_0': 172, 'n_target_1': 188, 'DropoutShared_0': 0.13745191004436091, 'DropoutTarget_0': 0.21915228234332734, 'DropoutTarget_1': 0.12942236772165988, 'learningRate': 9.268390381935456e-05, 'w1': 5.37200577810032, 'w2': 3.826162020387104, 'w3': 1.1391840685555106, 'w4': 5.714196146690398, 'w5': 1.1249289760375247}. Best is trial 105 with value: 0.3464444364820208.
2026-04-18 16:38:25,889 - INFO - Starting trial 112
[I 2026-04-18 17:10:05,942] Trial 112 finished with value: 0.35555609847818104 and parameters: {'nGraphConvolutionalLayers': 2, 'n_node_neurons': 93, 'n_edge_neurons': 263, 'DropoutGNN': 0.07295856439609166, 'momentumBatchNorm': 0.8364561669123242, 'nSharedLayers': 1, 'nTargetSpecificLayers': 2, 'n_shared_0': 90, 'n_target_0': 167, 'n_target_1': 187, 'DropoutShared_0': 0.1432651169053995, 'DropoutTarget_0': 0.24676174910757923, 'DropoutTarget_1': 0.1296283675612969, 'learningRate': 9.104872930749147e-05, 'w1': 5.3788694800557915, 'w2': 4.025412175093301, 'w3': 1.1579866978818443, 'w4': 5.760687024387754, 'w5': 1.1552572356943065}. Best is trial 105 with value: 0.3464444364820208.
2026-04-18 17:10:05,944 - INFO - Starting trial 113
[I 2026-04-18 17:41:40,976] Trial 113 pruned. 
2026-04-18 17:41:40,997 - INFO - Starting trial 114
[I 2026-04-18 18:12:49,031] Trial 114 pruned. 
2026-04-18 18:12:49,032 - INFO - Starting trial 115
[I 2026-04-18 18:44:19,028] Trial 115 pruned. 
2026-04-18 18:44:19,029 - INFO - Starting trial 116
[I 2026-04-18 19:14:49,444] Trial 116 pruned. 
2026-04-18 19:14:49,459 - INFO - Starting trial 117
[I 2026-04-18 19:46:08,107] Trial 117 pruned. 
2026-04-18 19:46:08,108 - INFO - Starting trial 118
[I 2026-04-18 20:17:53,883] Trial 118 pruned. 
2026-04-18 20:17:53,884 - INFO - Starting trial 119
[I 2026-04-18 20:49:35,393] Trial 119 pruned. 
2026-04-18 20:49:35,430 - INFO - Starting trial 120
[I 2026-04-18 21:21:20,543] Trial 120 pruned. 
2026-04-18 21:21:20,544 - INFO - Starting trial 121
[I 2026-04-18 21:52:56,522] Trial 121 pruned. 
2026-04-18 21:52:56,522 - INFO - Starting trial 122
[I 2026-04-18 22:24:37,463] Trial 122 pruned. 
2026-04-18 22:24:37,464 - INFO - Starting trial 123
[I 2026-04-18 22:55:41,845] Trial 123 pruned. 
2026-04-18 22:55:41,846 - INFO - Starting trial 124
[I 2026-04-18 23:27:22,811] Trial 124 pruned. 
2026-04-18 23:27:22,827 - INFO - Starting trial 125
[I 2026-04-18 23:59:01,077] Trial 125 pruned. 
2026-04-18 23:59:01,077 - INFO - Starting trial 126
[I 2026-04-19 00:33:47,089] Trial 126 pruned. 
2026-04-19 00:33:47,090 - INFO - Starting trial 127
[I 2026-04-19 01:06:37,371] Trial 127 pruned. 
2026-04-19 01:06:37,371 - INFO - Starting trial 128
[I 2026-04-19 01:39:17,732] Trial 128 pruned. 
2026-04-19 01:39:17,750 - INFO - Starting trial 129
[I 2026-04-19 02:11:57,229] Trial 129 pruned. 
2026-04-19 02:11:57,230 - INFO - Starting trial 130
[I 2026-04-19 02:43:31,886] Trial 130 pruned. 
2026-04-19 02:43:31,886 - INFO - Starting trial 131
[I 2026-04-19 03:16:06,007] Trial 131 pruned. 
2026-04-19 03:16:06,038 - INFO - Starting trial 132
[I 2026-04-19 03:48:47,011] Trial 132 finished with value: 0.35890991020770296 and parameters: {'nGraphConvolutionalLayers': 3, 'n_node_neurons': 151, 'n_edge_neurons': 246, 'DropoutGNN': 0.13450745005891293, 'momentumBatchNorm': 0.7563341041250596, 'nSharedLayers': 1, 'nTargetSpecificLayers': 2, 'n_shared_0': 136, 'n_target_0': 273, 'n_target_1': 144, 'DropoutShared_0': 0.10455131904665124, 'DropoutTarget_0': 0.18755872931893558, 'DropoutTarget_1': 0.18307821339484273, 'learningRate': 7.750835703461957e-05, 'w1': 5.914248675806797, 'w2': 3.01075019163154, 'w3': 1.0939489545065704, 'w4': 4.804775223653212, 'w5': 1.5334440950991481}. Best is trial 105 with value: 0.3464444364820208.
2026-04-19 03:48:47,011 - INFO - Starting trial 133
[I 2026-04-19 04:21:13,748] Trial 133 finished with value: 0.3555563602419127 and parameters: {'nGraphConvolutionalLayers': 3, 'n_node_neurons': 120, 'n_edge_neurons': 227, 'DropoutGNN': 0.13396879894440755, 'momentumBatchNorm': 0.7490926283932717, 'nSharedLayers': 1, 'nTargetSpecificLayers': 2, 'n_shared_0': 278, 'n_target_0': 271, 'n_target_1': 132, 'DropoutShared_0': 0.08074939126745738, 'DropoutTarget_0': 0.2423089893949123, 'DropoutTarget_1': 0.17158420895472837, 'learningRate': 8.028662456650151e-05, 'w1': 5.875900296254461, 'w2': 4.0925874562984985, 'w3': 1.193275454773044, 'w4': 4.834980952045406, 'w5': 1.5878300973387995}. Best is trial 105 with value: 0.3464444364820208.
2026-04-19 04:21:13,751 - INFO - Starting trial 134
[I 2026-04-19 04:53:42,089] Trial 134 finished with value: 0.35505868586755934 and parameters: {'nGraphConvolutionalLayers': 3, 'n_node_neurons': 121, 'n_edge_neurons': 238, 'DropoutGNN': 0.13300632237946386, 'momentumBatchNorm': 0.7663099718699082, 'nSharedLayers': 1, 'nTargetSpecificLayers': 2, 'n_shared_0': 251, 'n_target_0': 266, 'n_target_1': 144, 'DropoutShared_0': 0.08474982537127426, 'DropoutTarget_0': 0.2615190532664099, 'DropoutTarget_1': 0.17009464400338803, 'learningRate': 7.97950686360651e-05, 'w1': 5.772319500248184, 'w2': 4.348343624515696, 'w3': 1.4545047583674915, 'w4': 4.910547459725595, 'w5': 1.559732401297321}. Best is trial 105 with value: 0.3464444364820208.
2026-04-19 04:53:42,090 - INFO - Starting trial 135
[I 2026-04-19 05:26:27,457] Trial 135 pruned. 
2026-04-19 05:26:27,475 - INFO - Starting trial 136
[I 2026-04-19 05:59:14,146] Trial 136 pruned. 
2026-04-19 05:59:14,146 - INFO - Starting trial 137
[I 2026-04-19 06:31:39,917] Trial 137 pruned. 
2026-04-19 06:31:39,917 - INFO - Starting trial 138
[I 2026-04-19 07:04:04,698] Trial 138 finished with value: 0.35104520115114396 and parameters: {'nGraphConvolutionalLayers': 3, 'n_node_neurons': 99, 'n_edge_neurons': 226, 'DropoutGNN': 0.10011526757763779, 'momentumBatchNorm': 0.7272735588994633, 'nSharedLayers': 1, 'nTargetSpecificLayers': 2, 'n_shared_0': 258, 'n_target_0': 278, 'n_target_1': 127, 'DropoutShared_0': 0.10477505582762443, 'DropoutTarget_0': 0.2684161207711999, 'DropoutTarget_1': 0.32146056438972004, 'learningRate': 8.272789863913565e-05, 'w1': 5.424925024955685, 'w2': 4.145206680591892, 'w3': 1.5070494793431863, 'w4': 4.675563744034635, 'w5': 1.131990166121907}. Best is trial 105 with value: 0.3464444364820208.
2026-04-19 07:04:04,699 - INFO - Starting trial 139
[I 2026-04-19 07:36:42,657] Trial 139 pruned. 
2026-04-19 07:36:42,678 - INFO - Starting trial 140
[I 2026-04-19 08:09:17,023] Trial 140 pruned. 
2026-04-19 08:09:17,024 - INFO - Starting trial 141
[I 2026-04-19 08:41:49,849] Trial 141 finished with value: 0.3498254055778186 and parameters: {'nGraphConvolutionalLayers': 3, 'n_node_neurons': 100, 'n_edge_neurons': 227, 'DropoutGNN': 0.07546882336939685, 'momentumBatchNorm': 0.6788406817384689, 'nSharedLayers': 1, 'nTargetSpecificLayers': 2, 'n_shared_0': 279, 'n_target_0': 279, 'n_target_1': 149, 'DropoutShared_0': 0.059781304444487995, 'DropoutTarget_0': 0.2791732791451783, 'DropoutTarget_1': 0.32631763683456855, 'learningRate': 5.112627628640821e-05, 'w1': 5.393546668262779, 'w2': 4.616145925572721, 'w3': 1.6994555616424463, 'w4': 5.0206959525331385, 'w5': 1.0012667971135123}. Best is trial 105 with value: 0.3464444364820208.
2026-04-19 08:41:49,849 - INFO - Starting trial 142
[I 2026-04-19 09:14:24,062] Trial 142 finished with value: 0.35735458547160737 and parameters: {'nGraphConvolutionalLayers': 3, 'n_node_neurons': 102, 'n_edge_neurons': 227, 'DropoutGNN': 0.07051222882019582, 'momentumBatchNorm': 0.6840293968270913, 'nSharedLayers': 1, 'nTargetSpecificLayers': 2, 'n_shared_0': 300, 'n_target_0': 279, 'n_target_1': 155, 'DropoutShared_0': 0.06283404503759563, 'DropoutTarget_0': 0.2288669150143467, 'DropoutTarget_1': 0.3348278659941132, 'learningRate': 5.3403205242201174e-05, 'w1': 5.395934636846871, 'w2': 4.73018893031226, 'w3': 1.6962791058226552, 'w4': 5.034416960592728, 'w5': 1.1150409030848938}. Best is trial 105 with value: 0.3464444364820208.
2026-04-19 09:14:24,097 - INFO - Starting trial 143
[I 2026-04-19 09:46:47,743] Trial 143 finished with value: 0.3505930362712769 and parameters: {'nGraphConvolutionalLayers': 3, 'n_node_neurons': 96, 'n_edge_neurons': 236, 'DropoutGNN': 0.08073558474598758, 'momentumBatchNorm': 0.6227306704342388, 'nSharedLayers': 1, 'nTargetSpecificLayers': 2, 'n_shared_0': 291, 'n_target_0': 283, 'n_target_1': 146, 'DropoutShared_0': 0.23426396722301412, 'DropoutTarget_0': 0.27327739372929416, 'DropoutTarget_1': 0.35978477290770594, 'learningRate': 8.21737165019325e-05, 'w1': 5.277200532742515, 'w2': 4.908544636877389, 'w3': 1.6177082226122512, 'w4': 4.933398818482099, 'w5': 1.0055568242872106}. Best is trial 105 with value: 0.3464444364820208.
2026-04-19 09:46:47,744 - INFO - Starting trial 144
[I 2026-04-19 10:19:21,840] Trial 144 finished with value: 0.34903712222973504 and parameters: {'nGraphConvolutionalLayers': 3, 'n_node_neurons': 96, 'n_edge_neurons': 233, 'DropoutGNN': 0.05940920054763281, 'momentumBatchNorm': 0.6720601389121255, 'nSharedLayers': 1, 'nTargetSpecificLayers': 2, 'n_shared_0': 290, 'n_target_0': 270, 'n_target_1': 149, 'DropoutShared_0': 0.2734619822746292, 'DropoutTarget_0': 0.2743965299230176, 'DropoutTarget_1': 0.3662784154915674, 'learningRate': 8.923378531513165e-05, 'w1': 5.539693690446929, 'w2': 5.00970349696486, 'w3': 1.5918449476991527, 'w4': 4.929309161067813, 'w5': 1.0152778481476672}. Best is trial 105 with value: 0.3464444364820208.
2026-04-19 10:19:21,840 - INFO - Starting trial 145
[I 2026-04-19 10:52:02,692] Trial 145 finished with value: 0.3570962664626894 and parameters: {'nGraphConvolutionalLayers': 3, 'n_node_neurons': 95, 'n_edge_neurons': 219, 'DropoutGNN': 0.035970255007534, 'momentumBatchNorm': 0.6136053791089893, 'nSharedLayers': 1, 'nTargetSpecificLayers': 2, 'n_shared_0': 283, 'n_target_0': 277, 'n_target_1': 146, 'DropoutShared_0': 0.2986769692445394, 'DropoutTarget_0': 0.2788179476756108, 'DropoutTarget_1': 0.37067599957524605, 'learningRate': 0.00013804500566856428, 'w1': 5.567237853838819, 'w2': 5.094425069661827, 'w3': 1.5846163019840498, 'w4': 5.146650165790997, 'w5': 1.018694942943204}. Best is trial 105 with value: 0.3464444364820208.
2026-04-19 10:52:02,730 - INFO - Starting trial 146
[I 2026-04-19 11:24:39,980] Trial 146 pruned. 
2026-04-19 11:24:39,980 - INFO - Starting trial 147
[I 2026-04-19 11:57:19,021] Trial 147 pruned. 
2026-04-19 11:57:19,021 - INFO - Starting trial 148
[I 2026-04-19 12:29:59,431] Trial 148 pruned. 
2026-04-19 12:29:59,431 - INFO - Starting trial 149
[I 2026-04-19 13:02:49,458] Trial 149 pruned. 
2026-04-19 13:02:49,487 - INFO - Starting trial 150
2026-04-19 13:35:23,063 - INFO - Study saved to /lustre/scratch-global/cib/abiel/AMES_FINAL/optuna/study_20260415.pkl
[I 2026-04-19 13:35:23,091] Trial 150 finished with value: 0.3471309468859718 and parameters: {'nGraphConvolutionalLayers': 3, 'n_node_neurons': 75, 'n_edge_neurons': 216, 'DropoutGNN': 0.07514510015155437, 'momentumBatchNorm': 0.6448049288567996, 'nSharedLayers': 1, 'nTargetSpecificLayers': 2, 'n_shared_0': 260, 'n_target_0': 194, 'n_target_1': 153, 'DropoutShared_0': 0.29720231572250644, 'DropoutTarget_0': 0.3005448517990411, 'DropoutTarget_1': 0.3703527073471488, 'learningRate': 0.00010887664319495924, 'w1': 5.645518981331277, 'w2': 4.24292451776411, 'w3': 1.4658265015368492, 'w4': 4.740549219055804, 'w5': 1.244108333318906}. Best is trial 105 with value: 0.3464444364820208.
2026-04-19 13:35:23,092 - INFO - Starting trial 151
[I 2026-04-19 14:07:50,493] Trial 151 pruned. 
2026-04-19 14:07:50,493 - INFO - Starting trial 152
[I 2026-04-19 14:40:25,712] Trial 152 finished with value: 0.35151870413905095 and parameters: {'nGraphConvolutionalLayers': 3, 'n_node_neurons': 74, 'n_edge_neurons': 208, 'DropoutGNN': 0.07450732543083627, 'momentumBatchNorm': 0.6391059441197481, 'nSharedLayers': 1, 'nTargetSpecificLayers': 2, 'n_shared_0': 280, 'n_target_0': 186, 'n_target_1': 141, 'DropoutShared_0': 0.2743171056437492, 'DropoutTarget_0': 0.23895199214355972, 'DropoutTarget_1': 0.3589799796767142, 'learningRate': 0.00010649233721338258, 'w1': 5.855937805081475, 'w2': 4.258332448172759, 'w3': 1.4199602880484687, 'w4': 4.733607612125924, 'w5': 1.2477225776438583}. Best is trial 105 with value: 0.3464444364820208.
2026-04-19 14:40:25,713 - INFO - Starting trial 153
[I 2026-04-19 15:13:00,418] Trial 153 finished with value: 0.3436604274170739 and parameters: {'nGraphConvolutionalLayers': 3, 'n_node_neurons': 68, 'n_edge_neurons': 210, 'DropoutGNN': 0.041274102922155415, 'momentumBatchNorm': 0.6482826858516952, 'nSharedLayers': 1, 'nTargetSpecificLayers': 2, 'n_shared_0': 260, 'n_target_0': 190, 'n_target_1': 155, 'DropoutShared_0': 0.2839369402610895, 'DropoutTarget_0': 0.3258547453317812, 'DropoutTarget_1': 0.3603408419615237, 'learningRate': 0.00010796271919374848, 'w1': 5.847666080579569, 'w2': 4.24222429404212, 'w3': 1.6982889136575947, 'w4': 4.670536464959126, 'w5': 1.0985163596222776}. Best is trial 153 with value: 0.3436604274170739.
2026-04-19 15:13:00,433 - INFO - Starting trial 154
[I 2026-04-19 15:45:25,094] Trial 154 pruned. 
2026-04-19 15:45:25,095 - INFO - Starting trial 155
[I 2026-04-19 16:17:50,340] Trial 155 pruned. 
2026-04-19 16:17:50,340 - INFO - Starting trial 156
[I 2026-04-19 16:50:12,561] Trial 156 pruned. 
2026-04-19 16:50:12,561 - INFO - Starting trial 157
[I 2026-04-19 17:22:18,038] Trial 157 finished with value: 0.3550671116227196 and parameters: {'nGraphConvolutionalLayers': 3, 'n_node_neurons': 57, 'n_edge_neurons': 228, 'DropoutGNN': 0.052991151680607515, 'momentumBatchNorm': 0.6242706865204286, 'nSharedLayers': 1, 'nTargetSpecificLayers': 2, 'n_shared_0': 277, 'n_target_0': 171, 'n_target_1': 202, 'DropoutShared_0': 0.27004985285907873, 'DropoutTarget_0': 0.3010941678412505, 'DropoutTarget_1': 0.36639092878224144, 'learningRate': 0.00010047981831324563, 'w1': 5.608200213233293, 'w2': 3.97216388978265, 'w3': 1.5879563472515204, 'w4': 4.688042695436594, 'w5': 1.2501308051128441}. Best is trial 153 with value: 0.3436604274170739.
2026-04-19 17:22:18,039 - INFO - Starting trial 158
[I 2026-04-19 17:54:35,830] Trial 158 pruned. 
2026-04-19 17:54:35,831 - INFO - Starting trial 159
[I 2026-04-19 18:27:08,452] Trial 159 pruned. 
2026-04-19 18:27:08,472 - INFO - Starting trial 160
[I 2026-04-19 18:58:48,532] Trial 160 pruned. 
2026-04-19 18:58:48,604 - INFO - Study saved to /lustre/scratch-global/cib/abiel/AMES_FINAL/optuna/study_20260415.pkl
2026-04-19 18:58:48,742 - INFO - Optimization complete. Finished trials: 161, Complete trials: 58
2026-04-19 18:58:48,743 - INFO - Best trial: value=0.343660
2026-04-19 18:58:48,743 - INFO -   nGraphConvolutionalLayers: 3
2026-04-19 18:58:48,743 - INFO -   n_node_neurons: 68
2026-04-19 18:58:48,743 - INFO -   n_edge_neurons: 210
2026-04-19 18:58:48,743 - INFO -   DropoutGNN: 0.041274102922155415
2026-04-19 18:58:48,743 - INFO -   momentumBatchNorm: 0.6482826858516952
2026-04-19 18:58:48,743 - INFO -   nSharedLayers: 1
2026-04-19 18:58:48,743 - INFO -   nTargetSpecificLayers: 2
2026-04-19 18:58:48,743 - INFO -   n_shared_0: 260
2026-04-19 18:58:48,744 - INFO -   n_target_0: 190
2026-04-19 18:58:48,744 - INFO -   n_target_1: 155
2026-04-19 18:58:48,744 - INFO -   DropoutShared_0: 0.2839369402610895
2026-04-19 18:58:48,744 - INFO -   DropoutTarget_0: 0.3258547453317812
2026-04-19 18:58:48,744 - INFO -   DropoutTarget_1: 0.3603408419615237
2026-04-19 18:58:48,744 - INFO -   learningRate: 0.00010796271919374848
2026-04-19 18:58:48,744 - INFO -   w1: 5.847666080579569
2026-04-19 18:58:48,744 - INFO -   w2: 4.24222429404212
2026-04-19 18:58:48,744 - INFO -   w3: 1.6982889136575947
2026-04-19 18:58:48,744 - INFO -   w4: 4.670536464959126
2026-04-19 18:58:48,744 - INFO -   w5: 1.0985163596222776
