[I 2026-05-21 01:27:24,771] Trial 110 finished with value: 0.3487202221155166 and parameters: {'nGraphConvolutionalLayers': 5, 'n_node_neurons': 289, 'n_edge_neurons': 249, 'DropoutGNN': 0.08171284393063605, 'momentumBatchNorm': 0.3624966170782632, 'nSharedLayers': 1, 'nTargetSpecificLayers': 2, 'n_shared_0': 61, 'n_target_0': 183, 'n_target_1': 147, 'DropoutShared_0': 0.088581984912534, 'DropoutTarget_0': 0.38314330209645486, 'DropoutTarget_1': 0.36598098518388805, 'learningRate': 3.930850876527989e-05, 'w1': 1.3280249510423574, 'w2': 3.9497900634350183, 'w3': 1.6688356064878014, 'w4': 3.4382672019086473, 'w5': 1.3006768545271952}. Best is trial 83 with value: 0.30262381792068477.
2026-05-21 01:27:24,772 - INFO - Starting trial 111
2026-05-21 01:59:43,110 - INFO - Study saved to /lustre/scratch-global/cib/abiel/AMES_FINAL/optuna/study_20260518.pkl
[I 2026-05-21 01:59:43,138] Trial 111 finished with value: 0.3236911554847445 and parameters: {'nGraphConvolutionalLayers': 5, 'n_node_neurons': 254, 'n_edge_neurons': 269, 'DropoutGNN': 0.07042644945307461, 'momentumBatchNorm': 0.22301572094842464, 'nSharedLayers': 1, 'nTargetSpecificLayers': 2, 'n_shared_0': 111, 'n_target_0': 171, 'n_target_1': 138, 'DropoutShared_0': 0.17461274432151308, 'DropoutTarget_0': 0.35264362858770704, 'DropoutTarget_1': 0.31029140802115635, 'learningRate': 6.31010178335271e-05, 'w1': 1.7266764745367646, 'w2': 3.4188684474757576, 'w3': 2.5201948220832397, 'w4': 3.266172208477238, 'w5': 1.177752557126959}. Best is trial 83 with value: 0.30262381792068477.
2026-05-21 01:59:43,138 - INFO - Starting trial 112
2026-05-21 02:31:58,826 - INFO - Study saved to /lustre/scratch-global/cib/abiel/AMES_FINAL/optuna/study_20260518.pkl
[I 2026-05-21 02:31:58,829] Trial 112 finished with value: 0.33037711679935455 and parameters: {'nGraphConvolutionalLayers': 5, 'n_node_neurons': 240, 'n_edge_neurons': 272, 'DropoutGNN': 0.050821700069862474, 'momentumBatchNorm': 0.21789208087132436, 'nSharedLayers': 1, 'nTargetSpecificLayers': 2, 'n_shared_0': 110, 'n_target_0': 191, 'n_target_1': 175, 'DropoutShared_0': 0.17857648388914654, 'DropoutTarget_0': 0.3518395613001772, 'DropoutTarget_1': 0.3209930325602267, 'learningRate': 5.792717565014962e-05, 'w1': 1.0055044163315463, 'w2': 3.193143956290591, 'w3': 2.59536861211222, 'w4': 3.2594061477757625, 'w5': 1.2075620489477548}. Best is trial 83 with value: 0.30262381792068477.
2026-05-21 02:31:58,829 - INFO - Starting trial 113
2026-05-21 03:04:06,134 - INFO - Study saved to /lustre/scratch-global/cib/abiel/AMES_FINAL/optuna/study_20260518.pkl
[I 2026-05-21 03:04:06,147] Trial 113 finished with value: 0.3375505677291325 and parameters: {'nGraphConvolutionalLayers': 5, 'n_node_neurons': 278, 'n_edge_neurons': 291, 'DropoutGNN': 0.08771363317483694, 'momentumBatchNorm': 0.33723953495283265, 'nSharedLayers': 1, 'nTargetSpecificLayers': 2, 'n_shared_0': 77, 'n_target_0': 154, 'n_target_1': 134, 'DropoutShared_0': 0.15201911699148188, 'DropoutTarget_0': 0.36909778585779696, 'DropoutTarget_1': 0.3965189837688007, 'learningRate': 7.636103051892579e-05, 'w1': 1.5988277668424633, 'w2': 3.4532185116941707, 'w3': 2.305711630175547, 'w4': 3.5646104021692206, 'w5': 1.3791080032088034}. Best is trial 83 with value: 0.30262381792068477.
2026-05-21 03:04:06,148 - INFO - Starting trial 114
[I 2026-05-21 03:36:00,638] Trial 114 pruned. 
2026-05-21 03:36:00,658 - INFO - Starting trial 115
2026-05-21 04:08:11,642 - INFO - Study saved to /lustre/scratch-global/cib/abiel/AMES_FINAL/optuna/study_20260518.pkl
[I 2026-05-21 04:08:11,644] Trial 115 finished with value: 0.34559599816799164 and parameters: {'nGraphConvolutionalLayers': 5, 'n_node_neurons': 260, 'n_edge_neurons': 296, 'DropoutGNN': 0.07166554622343156, 'momentumBatchNorm': 0.27584488055066037, 'nSharedLayers': 1, 'nTargetSpecificLayers': 2, 'n_shared_0': 122, 'n_target_0': 168, 'n_target_1': 117, 'DropoutShared_0': 0.12004165043534931, 'DropoutTarget_0': 0.28642817225376954, 'DropoutTarget_1': 0.28229733925536415, 'learningRate': 5.739915041727213e-05, 'w1': 1.8384173406013198, 'w2': 3.273017216705801, 'w3': 2.7857582552682585, 'w4': 3.367799546951675, 'w5': 1.512128847416474}. Best is trial 83 with value: 0.30262381792068477.
2026-05-21 04:08:11,644 - INFO - Starting trial 116
2026-05-21 04:39:58,058 - INFO - Study saved to /lustre/scratch-global/cib/abiel/AMES_FINAL/optuna/study_20260518.pkl
[I 2026-05-21 04:39:58,075] Trial 116 finished with value: 0.3382457846403122 and parameters: {'nGraphConvolutionalLayers': 5, 'n_node_neurons': 272, 'n_edge_neurons': 257, 'DropoutGNN': 0.10702204472492963, 'momentumBatchNorm': 0.23105531100316368, 'nSharedLayers': 1, 'nTargetSpecificLayers': 2, 'n_shared_0': 70, 'n_target_0': 113, 'n_target_1': 185, 'DropoutShared_0': 0.17456413741128662, 'DropoutTarget_0': 0.3083102940345336, 'DropoutTarget_1': 0.29656876907394536, 'learningRate': 8.267124820496211e-05, 'w1': 2.2129078868752816, 'w2': 3.6021387980617052, 'w3': 2.5317626001620575, 'w4': 3.102633916188865, 'w5': 1.2330575575219012}. Best is trial 83 with value: 0.30262381792068477.
2026-05-21 04:39:58,076 - INFO - Starting trial 117
[I 2026-05-21 05:12:09,814] Trial 117 pruned. 
2026-05-21 05:12:09,814 - INFO - Starting trial 118
[I 2026-05-21 05:43:59,630] Trial 118 pruned. 
2026-05-21 05:43:59,664 - INFO - Starting trial 119
[I 2026-05-21 06:15:48,891] Trial 119 pruned. 
2026-05-21 06:15:48,892 - INFO - Starting trial 120
[I 2026-05-21 06:47:29,136] Trial 120 pruned. 
2026-05-21 06:47:29,136 - INFO - Starting trial 121
2026-05-21 07:19:15,689 - INFO - Study saved to /lustre/scratch-global/cib/abiel/AMES_FINAL/optuna/study_20260518.pkl
[I 2026-05-21 07:19:15,710] Trial 121 finished with value: 0.33170621497290476 and parameters: {'nGraphConvolutionalLayers': 5, 'n_node_neurons': 253, 'n_edge_neurons': 266, 'DropoutGNN': 0.06711173605817337, 'momentumBatchNorm': 0.4203910323833143, 'nSharedLayers': 1, 'nTargetSpecificLayers': 2, 'n_shared_0': 122, 'n_target_0': 167, 'n_target_1': 141, 'DropoutShared_0': 0.16546368986048696, 'DropoutTarget_0': 0.3383006328334197, 'DropoutTarget_1': 0.2977479533715055, 'learningRate': 5.122401141153574e-05, 'w1': 1.716263078461879, 'w2': 3.6640068175337013, 'w3': 2.470119052126434, 'w4': 1.3070670061245637, 'w5': 1.1699085076944726}. Best is trial 83 with value: 0.30262381792068477.
2026-05-21 07:19:15,712 - INFO - Starting trial 122
2026-05-21 07:50:48,185 - INFO - Study saved to /lustre/scratch-global/cib/abiel/AMES_FINAL/optuna/study_20260518.pkl
[I 2026-05-21 07:50:48,196] Trial 122 finished with value: 0.32803897568157747 and parameters: {'nGraphConvolutionalLayers': 5, 'n_node_neurons': 256, 'n_edge_neurons': 275, 'DropoutGNN': 0.04555088510171208, 'momentumBatchNorm': 0.39763952433294164, 'nSharedLayers': 1, 'nTargetSpecificLayers': 2, 'n_shared_0': 299, 'n_target_0': 185, 'n_target_1': 122, 'DropoutShared_0': 0.19308999662360182, 'DropoutTarget_0': 0.3339509117605767, 'DropoutTarget_1': 0.3753068037219922, 'learningRate': 7.021975490821813e-05, 'w1': 1.9637615381375721, 'w2': 3.9667353248647466, 'w3': 2.72321337127711, 'w4': 3.042965117997061, 'w5': 1.0045113722135857}. Best is trial 83 with value: 0.30262381792068477.
2026-05-21 07:50:48,197 - INFO - Starting trial 123
[I 2026-05-21 08:22:34,296] Trial 123 pruned. 
2026-05-21 08:22:34,296 - INFO - Starting trial 124
2026-05-21 08:54:50,932 - INFO - Study saved to /lustre/scratch-global/cib/abiel/AMES_FINAL/optuna/study_20260518.pkl
[I 2026-05-21 08:54:50,971] Trial 124 finished with value: 0.337795108301299 and parameters: {'nGraphConvolutionalLayers': 5, 'n_node_neurons': 166, 'n_edge_neurons': 269, 'DropoutGNN': 0.09741650578279563, 'momentumBatchNorm': 0.3376131643344493, 'nSharedLayers': 1, 'nTargetSpecificLayers': 2, 'n_shared_0': 83, 'n_target_0': 164, 'n_target_1': 153, 'DropoutShared_0': 0.17862115933254977, 'DropoutTarget_0': 0.35043164910369934, 'DropoutTarget_1': 0.35835576658021234, 'learningRate': 6.283675866193561e-05, 'w1': 2.6502458926322388, 'w2': 3.5526709685609275, 'w3': 2.069068636795682, 'w4': 3.25986098355654, 'w5': 1.576082388085692}. Best is trial 83 with value: 0.30262381792068477.
2026-05-21 08:54:50,973 - INFO - Starting trial 125
2026-05-21 09:26:38,622 - INFO - Study saved to /lustre/scratch-global/cib/abiel/AMES_FINAL/optuna/study_20260518.pkl
[I 2026-05-21 09:26:38,680] Trial 125 finished with value: 0.3421183770895004 and parameters: {'nGraphConvolutionalLayers': 5, 'n_node_neurons': 294, 'n_edge_neurons': 245, 'DropoutGNN': 0.08417628238650779, 'momentumBatchNorm': 0.35775646577866177, 'nSharedLayers': 1, 'nTargetSpecificLayers': 2, 'n_shared_0': 99, 'n_target_0': 142, 'n_target_1': 137, 'DropoutShared_0': 0.12904642711808587, 'DropoutTarget_0': 0.3694595251227654, 'DropoutTarget_1': 0.3869115183147853, 'learningRate': 8.602284495989786e-05, 'w1': 1.6573963218598737, 'w2': 3.3655886685630447, 'w3': 2.86218958581246, 'w4': 2.804229343939497, 'w5': 1.4146011855992802}. Best is trial 83 with value: 0.30262381792068477.
2026-05-21 09:26:38,681 - INFO - Starting trial 126
[I 2026-05-21 09:58:40,084] Trial 126 pruned. 
2026-05-21 09:58:40,084 - INFO - Starting trial 127
[I 2026-05-21 10:30:43,709] Trial 127 pruned. 
2026-05-21 10:30:43,755 - INFO - Starting trial 128
2026-05-21 11:02:37,510 - INFO - Study saved to /lustre/scratch-global/cib/abiel/AMES_FINAL/optuna/study_20260518.pkl
[I 2026-05-21 11:02:37,566] Trial 128 finished with value: 0.3324695029429027 and parameters: {'nGraphConvolutionalLayers': 5, 'n_node_neurons': 266, 'n_edge_neurons': 279, 'DropoutGNN': 0.04637994257707383, 'momentumBatchNorm': 0.43114237423790946, 'nSharedLayers': 1, 'nTargetSpecificLayers': 2, 'n_shared_0': 76, 'n_target_0': 155, 'n_target_1': 150, 'DropoutShared_0': 0.10102846838019305, 'DropoutTarget_0': 0.31694526285316016, 'DropoutTarget_1': 0.335037632897185, 'learningRate': 3.4886741869890475e-05, 'w1': 1.1319134620548428, 'w2': 3.4650341933656486, 'w3': 1.1845555835057016, 'w4': 3.360561228604484, 'w5': 1.2024374939456761}. Best is trial 83 with value: 0.30262381792068477.
2026-05-21 11:02:37,567 - INFO - Starting trial 129
2026-05-21 11:34:28,754 - INFO - Study saved to /lustre/scratch-global/cib/abiel/AMES_FINAL/optuna/study_20260518.pkl
[I 2026-05-21 11:34:28,756] Trial 129 finished with value: 0.33925174704619815 and parameters: {'nGraphConvolutionalLayers': 5, 'n_node_neurons': 126, 'n_edge_neurons': 258, 'DropoutGNN': 0.10983850249065276, 'momentumBatchNorm': 0.3051456380612239, 'nSharedLayers': 1, 'nTargetSpecificLayers': 2, 'n_shared_0': 96, 'n_target_0': 225, 'n_target_1': 114, 'DropoutShared_0': 0.14243633063541428, 'DropoutTarget_0': 0.33315700427132827, 'DropoutTarget_1': 0.3246749153986871, 'learningRate': 5.404038693603854e-05, 'w1': 2.132890903072043, 'w2': 4.129542930398282, 'w3': 1.8815283238438263, 'w4': 2.6003115146667213, 'w5': 1.4498036086163881}. Best is trial 83 with value: 0.30262381792068477.
2026-05-21 11:34:28,756 - INFO - Starting trial 130
2026-05-21 12:06:56,989 - INFO - Study saved to /lustre/scratch-global/cib/abiel/AMES_FINAL/optuna/study_20260518.pkl
[I 2026-05-21 12:06:56,991] Trial 130 finished with value: 0.33814703251634326 and parameters: {'nGraphConvolutionalLayers': 5, 'n_node_neurons': 287, 'n_edge_neurons': 271, 'DropoutGNN': 0.07516994471052768, 'momentumBatchNorm': 0.4519611538298284, 'nSharedLayers': 1, 'nTargetSpecificLayers': 2, 'n_shared_0': 117, 'n_target_0': 182, 'n_target_1': 126, 'DropoutShared_0': 0.16816357103463034, 'DropoutTarget_0': 0.3495831728941581, 'DropoutTarget_1': 0.30596718209791723, 'learningRate': 0.00010253897669899387, 'w1': 1.3958887842530476, 'w2': 3.6051861263549307, 'w3': 1.542411907789834, 'w4': 3.161184282882142, 'w5': 1.3244166890014688}. Best is trial 83 with value: 0.30262381792068477.
2026-05-21 12:06:56,991 - INFO - Starting trial 131
2026-05-21 12:39:02,527 - INFO - Study saved to /lustre/scratch-global/cib/abiel/AMES_FINAL/optuna/study_20260518.pkl
[I 2026-05-21 12:39:02,552] Trial 131 finished with value: 0.3244907506874629 and parameters: {'nGraphConvolutionalLayers': 5, 'n_node_neurons': 250, 'n_edge_neurons': 300, 'DropoutGNN': 0.0631829725492182, 'momentumBatchNorm': 0.31285344828250583, 'nSharedLayers': 1, 'nTargetSpecificLayers': 2, 'n_shared_0': 125, 'n_target_0': 164, 'n_target_1': 173, 'DropoutShared_0': 0.18457645254905053, 'DropoutTarget_0': 0.3690202626967042, 'DropoutTarget_1': 0.24994976411967265, 'learningRate': 4.754934023828596e-05, 'w1': 1.215342568819731, 'w2': 3.4378671536395657, 'w3': 2.300881785233575, 'w4': 2.5170122977312874, 'w5': 1.1116586239557307}. Best is trial 83 with value: 0.30262381792068477.
2026-05-21 12:39:02,553 - INFO - Starting trial 132
2026-05-21 13:11:04,541 - INFO - Study saved to /lustre/scratch-global/cib/abiel/AMES_FINAL/optuna/study_20260518.pkl
[I 2026-05-21 13:11:04,542] Trial 132 finished with value: 0.3278082574265344 and parameters: {'nGraphConvolutionalLayers': 5, 'n_node_neurons': 253, 'n_edge_neurons': 283, 'DropoutGNN': 0.08878458548778373, 'momentumBatchNorm': 0.3366782238233597, 'nSharedLayers': 1, 'nTargetSpecificLayers': 2, 'n_shared_0': 135, 'n_target_0': 160, 'n_target_1': 179, 'DropoutShared_0': 0.18261122826097348, 'DropoutTarget_0': 0.3769601774877911, 'DropoutTarget_1': 0.24157507929063013, 'learningRate': 6.672815309513213e-05, 'w1': 1.2199364442445146, 'w2': 2.9719726316703707, 'w3': 2.3648661375763074, 'w4': 2.981448984836655, 'w5': 1.0011526182671453}. Best is trial 83 with value: 0.30262381792068477.
2026-05-21 13:11:04,543 - INFO - Starting trial 133
2026-05-21 13:42:57,138 - INFO - Study saved to /lustre/scratch-global/cib/abiel/AMES_FINAL/optuna/study_20260518.pkl
[I 2026-05-21 13:42:57,139] Trial 133 finished with value: 0.332085382597787 and parameters: {'nGraphConvolutionalLayers': 5, 'n_node_neurons': 259, 'n_edge_neurons': 296, 'DropoutGNN': 0.06731855264942771, 'momentumBatchNorm': 0.2830427337670396, 'nSharedLayers': 1, 'nTargetSpecificLayers': 2, 'n_shared_0': 125, 'n_target_0': 190, 'n_target_1': 210, 'DropoutShared_0': 0.1571784834379561, 'DropoutTarget_0': 0.35709609627627426, 'DropoutTarget_1': 0.26266498137761046, 'learningRate': 4.140569543518087e-05, 'w1': 1.301002215057085, 'w2': 3.256997743594739, 'w3': 2.7014011211218683, 'w4': 2.4737546669806454, 'w5': 1.1107535684283583}. Best is trial 83 with value: 0.30262381792068477.
2026-05-21 13:42:57,139 - INFO - Starting trial 134
2026-05-21 14:14:53,031 - INFO - Study saved to /lustre/scratch-global/cib/abiel/AMES_FINAL/optuna/study_20260518.pkl
[I 2026-05-21 14:14:53,055] Trial 134 finished with value: 0.32488457496677126 and parameters: {'nGraphConvolutionalLayers': 5, 'n_node_neurons': 248, 'n_edge_neurons': 300, 'DropoutGNN': 0.05328601125288415, 'momentumBatchNorm': 0.3896965657512103, 'nSharedLayers': 1, 'nTargetSpecificLayers': 2, 'n_shared_0': 142, 'n_target_0': 174, 'n_target_1': 160, 'DropoutShared_0': 0.19134330002111655, 'DropoutTarget_0': 0.3891681097419283, 'DropoutTarget_1': 0.2174141272994036, 'learningRate': 8.079402809792047e-05, 'w1': 4.142714308713318, 'w2': 3.7188639916685537, 'w3': 2.252474178856621, 'w4': 2.1507810480953617, 'w5': 1.2461517221938159}. Best is trial 83 with value: 0.30262381792068477.
2026-05-21 14:14:53,057 - INFO - Starting trial 135
2026-05-21 14:46:52,464 - INFO - Study saved to /lustre/scratch-global/cib/abiel/AMES_FINAL/optuna/study_20260518.pkl
[I 2026-05-21 14:46:52,466] Trial 135 finished with value: 0.3454278394579887 and parameters: {'nGraphConvolutionalLayers': 5, 'n_node_neurons': 233, 'n_edge_neurons': 299, 'DropoutGNN': 0.0009580823628487986, 'momentumBatchNorm': 0.3204375833750905, 'nSharedLayers': 1, 'nTargetSpecificLayers': 2, 'n_shared_0': 143, 'n_target_0': 174, 'n_target_1': 162, 'DropoutShared_0': 0.19657628070080385, 'DropoutTarget_0': 0.39218047023991404, 'DropoutTarget_1': 0.2242075258014698, 'learningRate': 8.401519333552156e-05, 'w1': 4.1994548398496265, 'w2': 3.124165022183574, 'w3': 2.1453385225559605, 'w4': 2.5511417214220664, 'w5': 1.2809909641985653}. Best is trial 83 with value: 0.30262381792068477.
2026-05-21 14:46:52,466 - INFO - Starting trial 136
slurmstepd: error: *** JOB 1579835 ON drago31050351 CANCELLED AT 2026-05-21T15:04:52 DUE TO TIME LIMIT ***
