2026-05-12 15:56:25,041 - INFO - Using device: cuda
[I 2026-05-12 15:56:25,046] A new study created in memory with name: no-name-e71c7e92-4190-4644-a784-825b25498de1
2026-05-12 15:56:25,047 - INFO - Created new Optuna study.
2026-05-12 15:56:25,074 - INFO - Input mode: gnn
2026-05-12 15:57:26,870 - INFO - [train] No NaN graphs found (5485 graphs OK).
2026-05-12 15:57:50,105 - INFO - Starting trial 0
2026-05-12 17:06:38,702 - INFO - Study saved to /lustre/scratch-global/cib/abiel/AMES_FINAL/optuna/study_20260512.pkl
[I 2026-05-12 17:06:38,784] Trial 0 finished with value: 0.6741962068421501 and parameters: {'nGraphConvolutionalLayers': 3, 'n_node_neurons': 255, 'n_edge_neurons': 280, 'DropoutGNN': 0.2828614882206951, 'momentumBatchNorm': 0.4295639534165512, 'nSharedLayers': 1, 'nTargetSpecificLayers': 1, 'n_shared_0': 276, 'n_target_0': 134, 'DropoutShared_0': 0.17079097254751208, 'DropoutTarget_0': 0.22874775021985905, 'learningRate': 0.029011816475528102, 'w1': 2.1991685801134357, 'w2': 2.2496699352211014, 'w3': 4.649500786178557, 'w4': 2.4804340037177615, 'w5': 3.0104193228994265}. Best is trial 0 with value: 0.6741962068421501.
2026-05-12 17:06:38,787 - INFO - Starting trial 1
2026-05-12 18:19:11,195 - INFO - Study saved to /lustre/scratch-global/cib/abiel/AMES_FINAL/optuna/study_20260512.pkl
[I 2026-05-12 18:19:11,275] Trial 1 finished with value: 0.4290812191792897 and parameters: {'nGraphConvolutionalLayers': 5, 'n_node_neurons': 58, 'n_edge_neurons': 151, 'DropoutGNN': 0.438320891711868, 'momentumBatchNorm': 0.7940615512109105, 'nSharedLayers': 2, 'nTargetSpecificLayers': 2, 'n_shared_0': 256, 'n_shared_1': 105, 'n_target_0': 112, 'n_target_1': 113, 'DropoutShared_0': 0.18748887943863274, 'DropoutShared_1': 0.17412691440726097, 'DropoutTarget_0': 0.1955782369704253, 'DropoutTarget_1': 0.48806630788367383, 'learningRate': 0.0003947777894829449, 'w1': 2.2691244410395166, 'w2': 2.305304972726943, 'w3': 1.2435901240827594, 'w4': 5.457795637596542, 'w5': 4.873361084983098}. Best is trial 1 with value: 0.4290812191792897.
2026-05-12 18:19:11,278 - INFO - Starting trial 2
2026-05-12 19:33:18,042 - INFO - Study saved to /lustre/scratch-global/cib/abiel/AMES_FINAL/optuna/study_20260512.pkl
[I 2026-05-12 19:33:18,103] Trial 2 finished with value: 0.3955628864254271 and parameters: {'nGraphConvolutionalLayers': 3, 'n_node_neurons': 281, 'n_edge_neurons': 208, 'DropoutGNN': 0.20112142337768113, 'momentumBatchNorm': 0.2994432249519138, 'nSharedLayers': 2, 'nTargetSpecificLayers': 1, 'n_shared_0': 207, 'n_shared_1': 159, 'n_target_0': 201, 'DropoutShared_0': 0.020633321290700335, 'DropoutShared_1': 0.36185291896844474, 'DropoutTarget_0': 0.17815220169999624, 'learningRate': 3.367559193395826e-05, 'w1': 4.167397119362324, 'w2': 3.255177901535048, 'w3': 4.700646723260725, 'w4': 3.4346682977417378, 'w5': 5.820263466854802}. Best is trial 2 with value: 0.3955628864254271.
2026-05-12 19:33:18,106 - INFO - Starting trial 3
2026-05-12 20:50:35,942 - INFO - Study saved to /lustre/scratch-global/cib/abiel/AMES_FINAL/optuna/study_20260512.pkl
[I 2026-05-12 20:50:35,974] Trial 3 finished with value: 0.3787888209308896 and parameters: {'nGraphConvolutionalLayers': 4, 'n_node_neurons': 108, 'n_edge_neurons': 152, 'DropoutGNN': 0.31316711016643856, 'momentumBatchNorm': 0.13537728223491285, 'nSharedLayers': 1, 'nTargetSpecificLayers': 3, 'n_shared_0': 230, 'n_target_0': 5, 'n_target_1': 137, 'n_target_2': 120, 'DropoutShared_0': 0.16738820777919095, 'DropoutTarget_0': 0.21291598132119444, 'DropoutTarget_1': 0.37362414923057685, 'DropoutTarget_2': 0.080674159873169, 'learningRate': 0.0001721456575886496, 'w1': 1.9350335521758497, 'w2': 3.858160072069984, 'w3': 2.3905995803106075, 'w4': 3.865344054807824, 'w5': 2.3933157437542345}. Best is trial 3 with value: 0.3787888209308896.
2026-05-12 20:50:35,975 - INFO - Starting trial 4
2026-05-12 22:02:39,721 - INFO - Study saved to /lustre/scratch-global/cib/abiel/AMES_FINAL/optuna/study_20260512.pkl
[I 2026-05-12 22:02:39,813] Trial 4 finished with value: 0.6619752975872585 and parameters: {'nGraphConvolutionalLayers': 1, 'n_node_neurons': 132, 'n_edge_neurons': 111, 'DropoutGNN': 0.3500485032760471, 'momentumBatchNorm': 0.2653596176931481, 'nSharedLayers': 2, 'nTargetSpecificLayers': 3, 'n_shared_0': 214, 'n_shared_1': 99, 'n_target_0': 74, 'n_target_1': 67, 'n_target_2': 21, 'DropoutShared_0': 0.14228039634909212, 'DropoutShared_1': 0.32352614385811373, 'DropoutTarget_0': 0.006450521582174518, 'DropoutTarget_1': 0.08028842138022313, 'DropoutTarget_2': 0.2094823901273039, 'learningRate': 0.0068479702772585764, 'w1': 1.6270847569436544, 'w2': 1.8868038698380587, 'w3': 4.00816380464517, 'w4': 3.881635021154536, 'w5': 4.888911312880989}. Best is trial 3 with value: 0.3787888209308896.
2026-05-12 22:02:39,815 - INFO - Starting trial 5
[I 2026-05-12 23:13:15,623] Trial 5 pruned. 
2026-05-12 23:13:15,646 - INFO - Starting trial 6
[I 2026-05-13 00:26:13,754] Trial 6 pruned. 
2026-05-13 00:26:13,789 - INFO - Starting trial 7
2026-05-13 01:38:07,632 - INFO - Study saved to /lustre/scratch-global/cib/abiel/AMES_FINAL/optuna/study_20260512.pkl
[I 2026-05-13 01:38:07,678] Trial 7 finished with value: 0.39657853467123855 and parameters: {'nGraphConvolutionalLayers': 4, 'n_node_neurons': 132, 'n_edge_neurons': 208, 'DropoutGNN': 0.08577205619709172, 'momentumBatchNorm': 0.5019809669438914, 'nSharedLayers': 4, 'nTargetSpecificLayers': 1, 'n_shared_0': 165, 'n_shared_1': 219, 'n_shared_2': 71, 'n_shared_3': 94, 'n_target_0': 179, 'DropoutShared_0': 0.4403610254583578, 'DropoutShared_1': 0.49265541968689386, 'DropoutShared_2': 0.044819520999676565, 'DropoutShared_3': 0.49424275848386373, 'DropoutTarget_0': 0.066756979766257, 'learningRate': 0.00014153767366861897, 'w1': 5.21985361752498, 'w2': 1.287016759122554, 'w3': 3.8683257144919776, 'w4': 5.922071857707525, 'w5': 4.650882922040023}. Best is trial 3 with value: 0.3787888209308896.
2026-05-13 01:38:07,680 - INFO - Starting trial 8
[I 2026-05-13 02:50:54,504] Trial 8 pruned. 
2026-05-13 02:50:54,540 - INFO - Starting trial 9
[I 2026-05-13 04:01:34,444] Trial 9 pruned. 
2026-05-13 04:01:34,506 - INFO - Starting trial 10
[I 2026-05-13 05:13:21,554] Trial 10 pruned. 
2026-05-13 05:13:21,595 - INFO - Starting trial 11
[I 2026-05-13 08:27:55,348] Trial 11 pruned. 
2026-05-13 08:27:55,488 - INFO - Starting trial 12
2026-05-13 09:40:43,835 - INFO - Study saved to /lustre/scratch-global/cib/abiel/AMES_FINAL/optuna/study_20260512.pkl
[I 2026-05-13 09:40:43,894] Trial 12 finished with value: 0.3694565022843225 and parameters: {'nGraphConvolutionalLayers': 4, 'n_node_neurons': 197, 'n_edge_neurons': 202, 'DropoutGNN': 0.21727442382266118, 'momentumBatchNorm': 0.27355311189994524, 'nSharedLayers': 3, 'nTargetSpecificLayers': 3, 'n_shared_0': 298, 'n_shared_1': 192, 'n_shared_2': 6, 'n_target_0': 219, 'n_target_1': 12, 'n_target_2': 292, 'DropoutShared_0': 0.09383582401460143, 'DropoutShared_1': 0.4414102618123996, 'DropoutShared_2': 0.4830322182960469, 'DropoutTarget_0': 0.10594564009293303, 'DropoutTarget_1': 0.05816780297451443, 'DropoutTarget_2': 0.0033917099649037746, 'learningRate': 8.072639756999959e-05, 'w1': 3.8668565830686865, 'w2': 3.409675808206338, 'w3': 2.7142178937932067, 'w4': 3.0975735941853713, 'w5': 1.1140217146394744}. Best is trial 12 with value: 0.3694565022843225.
2026-05-13 09:40:43,897 - INFO - Starting trial 13
[I 2026-05-13 10:54:48,032] Trial 13 pruned. 
2026-05-13 10:54:48,088 - INFO - Starting trial 14
2026-05-13 12:04:11,844 - INFO - Study saved to /lustre/scratch-global/cib/abiel/AMES_FINAL/optuna/study_20260512.pkl
[I 2026-05-13 12:04:11,916] Trial 14 finished with value: 0.39459082220281877 and parameters: {'nGraphConvolutionalLayers': 4, 'n_node_neurons': 164, 'n_edge_neurons': 241, 'DropoutGNN': 0.22909807011819205, 'momentumBatchNorm': 0.05274046301060864, 'nSharedLayers': 3, 'nTargetSpecificLayers': 3, 'n_shared_0': 251, 'n_shared_1': 230, 'n_shared_2': 168, 'n_target_0': 226, 'n_target_1': 8, 'n_target_2': 163, 'DropoutShared_0': 0.09510035192622696, 'DropoutShared_1': 0.40781722947968696, 'DropoutShared_2': 0.47975156577473155, 'DropoutTarget_0': 0.25880030377022084, 'DropoutTarget_1': 0.1337796108136576, 'DropoutTarget_2': 0.15050599266638998, 'learningRate': 0.00015003059362730467, 'w1': 3.984805884734114, 'w2': 4.2558971259501925, 'w3': 1.4995314508809887, 'w4': 1.5984031507042753, 'w5': 1.0099253796633343}. Best is trial 12 with value: 0.3694565022843225.
2026-05-13 12:04:11,918 - INFO - Starting trial 15
[I 2026-05-13 13:09:27,583] Trial 15 pruned. 
2026-05-13 13:09:27,617 - INFO - Starting trial 16
2026-05-13 14:12:49,923 - INFO - Study saved to /lustre/scratch-global/cib/abiel/AMES_FINAL/optuna/study_20260512.pkl
[I 2026-05-13 14:12:49,941] Trial 16 finished with value: 0.37389418457235607 and parameters: {'nGraphConvolutionalLayers': 2, 'n_node_neurons': 101, 'n_edge_neurons': 180, 'DropoutGNN': 0.13601530867588224, 'momentumBatchNorm': 0.6692634607390784, 'nSharedLayers': 3, 'nTargetSpecificLayers': 2, 'n_shared_0': 255, 'n_shared_1': 10, 'n_shared_2': 8, 'n_target_0': 251, 'n_target_1': 116, 'DropoutShared_0': 0.08039597013235433, 'DropoutShared_1': 0.005176227358710095, 'DropoutShared_2': 0.3696179451705261, 'DropoutTarget_0': 0.48661807225238496, 'DropoutTarget_1': 0.35364468302693547, 'learningRate': 6.125545885155161e-05, 'w1': 4.606096933116538, 'w2': 4.956862234862032, 'w3': 1.8996883393997686, 'w4': 3.2569842525704753, 'w5': 1.5857899192773832}. Best is trial 12 with value: 0.3694565022843225.
2026-05-13 14:12:49,941 - INFO - Starting trial 17
[I 2026-05-13 15:16:03,237] Trial 17 pruned. 
2026-05-13 15:16:03,259 - INFO - Starting trial 18
[I 2026-05-13 16:18:47,399] Trial 18 pruned. 
2026-05-13 16:18:47,399 - INFO - Starting trial 19
[I 2026-05-13 17:22:41,784] Trial 19 pruned. 
2026-05-13 17:22:41,828 - INFO - Starting trial 20
[I 2026-05-13 18:25:29,892] Trial 20 pruned. 
2026-05-13 18:25:29,893 - INFO - Starting trial 21
[I 2026-05-13 19:31:38,602] Trial 21 pruned. 
2026-05-13 19:31:38,702 - INFO - Starting trial 22
2026-05-13 20:37:09,973 - INFO - Study saved to /lustre/scratch-global/cib/abiel/AMES_FINAL/optuna/study_20260512.pkl
[I 2026-05-13 20:37:10,039] Trial 22 finished with value: 0.3839938849210739 and parameters: {'nGraphConvolutionalLayers': 3, 'n_node_neurons': 109, 'n_edge_neurons': 191, 'DropoutGNN': 0.3528333152655593, 'momentumBatchNorm': 0.37082185838128057, 'nSharedLayers': 3, 'nTargetSpecificLayers': 3, 'n_shared_0': 265, 'n_shared_1': 141, 'n_shared_2': 117, 'n_target_0': 151, 'n_target_1': 139, 'n_target_2': 224, 'DropoutShared_0': 0.14638593790988183, 'DropoutShared_1': 0.18188607472421847, 'DropoutShared_2': 0.30964164807159933, 'DropoutTarget_0': 0.49967922430557954, 'DropoutTarget_1': 0.33450334310819446, 'DropoutTarget_2': 0.12418708128800487, 'learningRate': 6.262035902616884e-05, 'w1': 3.9552533071659997, 'w2': 3.8142187990905203, 'w3': 3.0877977801799985, 'w4': 2.99587050220802, 'w5': 1.7529745746005951}. Best is trial 12 with value: 0.3694565022843225.
2026-05-13 20:37:10,041 - INFO - Starting trial 23
2026-05-13 21:42:13,624 - INFO - Study saved to /lustre/scratch-global/cib/abiel/AMES_FINAL/optuna/study_20260512.pkl
[I 2026-05-13 21:42:13,675] Trial 23 finished with value: 0.389028468472617 and parameters: {'nGraphConvolutionalLayers': 4, 'n_node_neurons': 127, 'n_edge_neurons': 149, 'DropoutGNN': 0.2906697657519685, 'momentumBatchNorm': 0.23326777168780904, 'nSharedLayers': 1, 'nTargetSpecificLayers': 3, 'n_shared_0': 278, 'n_target_0': 189, 'n_target_1': 208, 'n_target_2': 105, 'DropoutShared_0': 0.05490924746064526, 'DropoutTarget_0': 0.24554210563066997, 'DropoutTarget_1': 0.4459752338827267, 'DropoutTarget_2': 0.29013253665066735, 'learningRate': 0.0001769880544801381, 'w1': 3.0640726478795504, 'w2': 4.614844797803058, 'w3': 2.4602014020718506, 'w4': 3.830586856163698, 'w5': 2.553011166556845}. Best is trial 12 with value: 0.3694565022843225.
2026-05-13 21:42:13,677 - INFO - Starting trial 24
[I 2026-05-13 22:49:06,845] Trial 24 pruned. 
2026-05-13 22:49:06,905 - INFO - Starting trial 25
[I 2026-05-13 23:53:58,824] Trial 25 pruned. 
2026-05-13 23:53:58,825 - INFO - Starting trial 26
2026-05-14 00:58:15,900 - INFO - Study saved to /lustre/scratch-global/cib/abiel/AMES_FINAL/optuna/study_20260512.pkl
[I 2026-05-14 00:58:15,965] Trial 26 finished with value: 0.3644827000583921 and parameters: {'nGraphConvolutionalLayers': 3, 'n_node_neurons': 114, 'n_edge_neurons': 133, 'DropoutGNN': 0.15989819615750783, 'momentumBatchNorm': 0.5825648962577665, 'nSharedLayers': 2, 'nTargetSpecificLayers': 2, 'n_shared_0': 284, 'n_shared_1': 50, 'n_target_0': 119, 'n_target_1': 197, 'DropoutShared_0': 0.131920235184126, 'DropoutShared_1': 0.0583747948870382, 'DropoutTarget_0': 0.2980448991320051, 'DropoutTarget_1': 0.44449038655612, 'learningRate': 8.069885520680536e-05, 'w1': 2.796159455470457, 'w2': 3.89841901592466, 'w3': 2.0995073015285697, 'w4': 3.042172337158228, 'w5': 2.655790018205958}. Best is trial 26 with value: 0.3644827000583921.
2026-05-14 00:58:15,967 - INFO - Starting trial 27
2026-05-14 02:02:21,391 - INFO - Study saved to /lustre/scratch-global/cib/abiel/AMES_FINAL/optuna/study_20260512.pkl
[I 2026-05-14 02:02:21,393] Trial 27 finished with value: 0.36463493117264345 and parameters: {'nGraphConvolutionalLayers': 3, 'n_node_neurons': 134, 'n_edge_neurons': 85, 'DropoutGNN': 0.15686458080138002, 'momentumBatchNorm': 0.6279437104952037, 'nSharedLayers': 2, 'nTargetSpecificLayers': 2, 'n_shared_0': 284, 'n_shared_1': 53, 'n_target_0': 126, 'n_target_1': 209, 'DropoutShared_0': 0.11879134468162306, 'DropoutShared_1': 0.049920180685074346, 'DropoutTarget_0': 0.421957882767008, 'DropoutTarget_1': 0.4953108180614607, 'learningRate': 7.16506518515967e-05, 'w1': 3.2885661707074236, 'w2': 4.696717594763307, 'w3': 2.1895987166904427, 'w4': 2.963991852825357, 'w5': 1.2986235887303839}. Best is trial 26 with value: 0.3644827000583921.
2026-05-14 02:02:21,394 - INFO - Starting trial 28
[I 2026-05-14 03:06:23,285] Trial 28 pruned. 
2026-05-14 03:06:23,287 - INFO - Starting trial 29
2026-05-14 04:10:38,864 - INFO - Study saved to /lustre/scratch-global/cib/abiel/AMES_FINAL/optuna/study_20260512.pkl
[I 2026-05-14 04:10:38,899] Trial 29 finished with value: 0.34371187005724224 and parameters: {'nGraphConvolutionalLayers': 3, 'n_node_neurons': 213, 'n_edge_neurons': 265, 'DropoutGNN': 0.16521664002981026, 'momentumBatchNorm': 0.39896116390749026, 'nSharedLayers': 2, 'nTargetSpecificLayers': 2, 'n_shared_0': 280, 'n_shared_1': 83, 'n_target_0': 144, 'n_target_1': 269, 'DropoutShared_0': 0.04154790542616271, 'DropoutShared_1': 0.0579779942864217, 'DropoutTarget_0': 0.4162875232640214, 'DropoutTarget_1': 0.4492384338788702, 'learningRate': 8.036283725667687e-05, 'w1': 3.2600562837568052, 'w2': 2.8291299947015975, 'w3': 2.174388920113804, 'w4': 2.4623990945393035, 'w5': 2.8081413959717496}. Best is trial 29 with value: 0.34371187005724224.
2026-05-14 04:10:38,901 - INFO - Starting trial 30
[I 2026-05-14 05:15:00,179] Trial 30 pruned. 
2026-05-14 05:15:00,180 - INFO - Starting trial 31
2026-05-14 06:19:23,384 - INFO - Study saved to /lustre/scratch-global/cib/abiel/AMES_FINAL/optuna/study_20260512.pkl
[I 2026-05-14 06:19:23,436] Trial 31 finished with value: 0.37339665821620394 and parameters: {'nGraphConvolutionalLayers': 3, 'n_node_neurons': 212, 'n_edge_neurons': 95, 'DropoutGNN': 0.251525979712326, 'momentumBatchNorm': 0.4289958048041648, 'nSharedLayers': 2, 'nTargetSpecificLayers': 2, 'n_shared_0': 278, 'n_shared_1': 46, 'n_target_0': 104, 'n_target_1': 258, 'DropoutShared_0': 0.10738670254103402, 'DropoutShared_1': 0.13811838778110921, 'DropoutTarget_0': 0.39992481011520065, 'DropoutTarget_1': 0.4423218866333055, 'learningRate': 8.430625933960918e-05, 'w1': 2.726812747813044, 'w2': 2.4510048984430384, 'w3': 2.179793127288289, 'w4': 2.9592515913422597, 'w5': 3.291074143173043}. Best is trial 29 with value: 0.34371187005724224.
2026-05-14 06:19:23,438 - INFO - Starting trial 32
[I 2026-05-14 07:23:36,125] Trial 32 pruned. 
2026-05-14 07:23:36,127 - INFO - Starting trial 33
[I 2026-05-14 08:27:25,111] Trial 33 pruned. 
2026-05-14 08:27:25,142 - INFO - Starting trial 34
2026-05-14 09:31:28,804 - INFO - Study saved to /lustre/scratch-global/cib/abiel/AMES_FINAL/optuna/study_20260512.pkl
[I 2026-05-14 09:31:28,819] Trial 34 finished with value: 0.35850699007511133 and parameters: {'nGraphConvolutionalLayers': 3, 'n_node_neurons': 144, 'n_edge_neurons': 132, 'DropoutGNN': 0.16676565749090033, 'momentumBatchNorm': 0.5221661752672196, 'nSharedLayers': 1, 'nTargetSpecificLayers': 2, 'n_shared_0': 271, 'n_target_0': 85, 'n_target_1': 271, 'DropoutShared_0': 0.21283969561338323, 'DropoutTarget_0': 0.2735678322572521, 'DropoutTarget_1': 0.4614639161218509, 'learningRate': 4.6677866559576734e-05, 'w1': 2.8594371943628825, 'w2': 3.49463455265489, 'w3': 3.4159389241462197, 'w4': 1.9817717875264758, 'w5': 1.0837772413781042}. Best is trial 29 with value: 0.34371187005724224.
2026-05-14 09:31:28,820 - INFO - Starting trial 35
2026-05-14 10:35:49,248 - INFO - Study saved to /lustre/scratch-global/cib/abiel/AMES_FINAL/optuna/study_20260512.pkl
[I 2026-05-14 10:35:49,252] Trial 35 finished with value: 0.37594102859497075 and parameters: {'nGraphConvolutionalLayers': 3, 'n_node_neurons': 148, 'n_edge_neurons': 129, 'DropoutGNN': 0.15733780535482175, 'momentumBatchNorm': 0.5482971532372256, 'nSharedLayers': 1, 'nTargetSpecificLayers': 2, 'n_shared_0': 270, 'n_target_0': 80, 'n_target_1': 277, 'DropoutShared_0': 0.1875193529448054, 'DropoutTarget_0': 0.2758148303861242, 'DropoutTarget_1': 0.49941779480909665, 'learningRate': 4.4913541547141185e-05, 'w1': 2.036235265864536, 'w2': 4.112913114942433, 'w3': 3.4647455946373373, 'w4': 1.7252294609111214, 'w5': 3.4264549647372773}. Best is trial 29 with value: 0.34371187005724224.
2026-05-14 10:35:49,253 - INFO - Starting trial 36
[I 2026-05-14 11:37:40,564] Trial 36 pruned. 
2026-05-14 11:37:40,632 - INFO - Starting trial 37
[I 2026-05-14 12:41:46,617] Trial 37 pruned. 
2026-05-14 12:41:46,618 - INFO - Starting trial 38
[I 2026-05-14 13:44:49,531] Trial 38 pruned. 
2026-05-14 13:44:49,592 - INFO - Starting trial 39
2026-05-14 14:48:55,659 - INFO - Study saved to /lustre/scratch-global/cib/abiel/AMES_FINAL/optuna/study_20260512.pkl
[I 2026-05-14 14:48:55,698] Trial 39 finished with value: 0.3695367156607764 and parameters: {'nGraphConvolutionalLayers': 3, 'n_node_neurons': 296, 'n_edge_neurons': 130, 'DropoutGNN': 0.16772533336132228, 'momentumBatchNorm': 0.48543857211835334, 'nSharedLayers': 1, 'nTargetSpecificLayers': 2, 'n_shared_0': 223, 'n_target_0': 139, 'n_target_1': 277, 'DropoutShared_0': 0.20295329705603235, 'DropoutTarget_0': 0.3354164734696902, 'DropoutTarget_1': 0.4286341698462021, 'learningRate': 4.4066269886148655e-05, 'w1': 2.146118985116697, 'w2': 3.0584420227469935, 'w3': 4.89764237863327, 'w4': 1.9127132201580972, 'w5': 5.326275153928074}. Best is trial 29 with value: 0.34371187005724224.
2026-05-14 14:48:55,699 - INFO - Starting trial 40
[I 2026-05-14 15:53:40,528] Trial 40 pruned. 
2026-05-14 15:53:40,530 - INFO - Starting trial 41
2026-05-14 16:58:49,401 - INFO - Study saved to /lustre/scratch-global/cib/abiel/AMES_FINAL/optuna/study_20260512.pkl
[I 2026-05-14 16:58:49,553] Trial 41 finished with value: 0.33268911847046445 and parameters: {'nGraphConvolutionalLayers': 4, 'n_node_neurons': 208, 'n_edge_neurons': 299, 'DropoutGNN': 0.21256399668780376, 'momentumBatchNorm': 0.3678075951949296, 'nSharedLayers': 2, 'nTargetSpecificLayers': 2, 'n_shared_0': 265, 'n_shared_1': 141, 'n_target_0': 102, 'n_target_1': 160, 'DropoutShared_0': 0.48556085255120884, 'DropoutShared_1': 0.1760468973996121, 'DropoutTarget_0': 0.19065814155352107, 'DropoutTarget_1': 0.10128715021778595, 'learningRate': 9.311411093883588e-05, 'w1': 3.8958664968280443, 'w2': 3.4100946015576956, 'w3': 2.260443391746768, 'w4': 3.086134910951037, 'w5': 1.0406214436616579}. Best is trial 41 with value: 0.33268911847046445.
2026-05-14 16:58:49,555 - INFO - Starting trial 42
2026-05-14 18:02:46,974 - INFO - Study saved to /lustre/scratch-global/cib/abiel/AMES_FINAL/optuna/study_20260512.pkl
[I 2026-05-14 18:02:46,977] Trial 42 finished with value: 0.3427460340091161 and parameters: {'nGraphConvolutionalLayers': 3, 'n_node_neurons': 143, 'n_edge_neurons': 296, 'DropoutGNN': 0.26221814262016907, 'momentumBatchNorm': 0.3982321185648781, 'nSharedLayers': 2, 'nTargetSpecificLayers': 2, 'n_shared_0': 270, 'n_shared_1': 133, 'n_target_0': 100, 'n_target_1': 169, 'DropoutShared_0': 0.4655042553948624, 'DropoutShared_1': 0.16147399625500738, 'DropoutTarget_0': 0.17578359712560734, 'DropoutTarget_1': 0.0968617024214968, 'learningRate': 0.00011030718823483894, 'w1': 4.271195280209125, 'w2': 4.019743922647573, 'w3': 2.3543395768814244, 'w4': 2.32490490504369, 'w5': 1.0313947490048856}. Best is trial 41 with value: 0.33268911847046445.
2026-05-14 18:02:46,977 - INFO - Starting trial 43
[I 2026-05-14 19:06:38,740] Trial 43 pruned. 
2026-05-14 19:06:38,809 - INFO - Starting trial 44
[I 2026-05-14 20:12:16,184] Trial 44 pruned. 
2026-05-14 20:12:16,273 - INFO - Starting trial 45
[I 2026-05-14 21:15:36,320] Trial 45 pruned. 
2026-05-14 21:15:36,320 - INFO - Starting trial 46
[I 2026-05-14 22:19:41,422] Trial 46 pruned. 
2026-05-14 22:19:41,492 - INFO - Starting trial 47
[I 2026-05-14 23:24:40,255] Trial 47 pruned. 
2026-05-14 23:24:40,255 - INFO - Starting trial 48
2026-05-15 00:28:09,928 - INFO - Study saved to /lustre/scratch-global/cib/abiel/AMES_FINAL/optuna/study_20260512.pkl
