2026-05-18 15:08:41,695 - INFO - Using device: cuda
[I 2026-05-18 15:08:41,700] A new study created in memory with name: no-name-9a3722cf-a9a4-48f5-a147-55adc7cede08
2026-05-18 15:08:41,701 - INFO - Created new Optuna study.
2026-05-18 15:08:41,753 - INFO - Input mode: gnn
2026-05-18 15:11:55,242 - INFO - [train] No NaN graphs found (5485 graphs OK).
2026-05-18 15:12:03,543 - INFO - Seeded first trial with YAML hyperparameters: {'nGraphConvolutionalLayers': 5, 'n_node_neurons': 273, 'n_edge_neurons': 226, 'DropoutGNN': 0.1002, 'momentumBatchNorm': 0.3655, 'nSharedLayers': 1, 'nTargetSpecificLayers': 1, 'learningRate': 6e-05, 'n_shared_0': 176, 'n_target_0': 194, 'DropoutShared_0': 0.3747, 'DropoutTarget_0': 0.1149, 'w1': 4.986, 'w2': 4.482, 'w3': 3.021, 'w4': 1.561, 'w5': 1.525}
2026-05-18 15:12:03,544 - INFO - Starting trial 0
2026-05-18 15:43:19,871 - INFO - Study saved to /lustre/scratch-global/cib/abiel/AMES_FINAL/optuna/study_20260518.pkl
[I 2026-05-18 15:43:19,873] Trial 0 finished with value: 0.3184257245915276 and parameters: {'nGraphConvolutionalLayers': 5, 'n_node_neurons': 273, 'n_edge_neurons': 226, 'DropoutGNN': 0.1002, 'momentumBatchNorm': 0.3655, 'nSharedLayers': 1, 'nTargetSpecificLayers': 1, 'n_shared_0': 176, 'n_target_0': 194, 'DropoutShared_0': 0.3747, 'DropoutTarget_0': 0.1149, 'learningRate': 6e-05, 'w1': 4.986, 'w2': 4.482, 'w3': 3.021, 'w4': 1.561, 'w5': 1.525}. Best is trial 0 with value: 0.3184257245915276.
2026-05-18 15:43:19,873 - INFO - Starting trial 1
2026-05-18 16:10:46,480 - INFO - Study saved to /lustre/scratch-global/cib/abiel/AMES_FINAL/optuna/study_20260518.pkl
[I 2026-05-18 16:10:46,492] Trial 1 finished with value: 0.491344860621861 and parameters: {'nGraphConvolutionalLayers': 1, 'n_node_neurons': 275, 'n_edge_neurons': 297, 'DropoutGNN': 0.09770108294703095, 'momentumBatchNorm': 0.6694872480582237, 'nSharedLayers': 1, 'nTargetSpecificLayers': 1, 'n_shared_0': 54, 'n_target_0': 100, 'DropoutShared_0': 0.2414242689530839, 'DropoutTarget_0': 0.018694114575035226, 'learningRate': 0.0003597753715178062, 'w1': 2.8321261217060543, 'w2': 4.688494883855485, 'w3': 5.391450782435877, 'w4': 2.523002884342916, 'w5': 5.979372529755045}. Best is trial 0 with value: 0.3184257245915276.
2026-05-18 16:10:46,492 - INFO - Starting trial 2
2026-05-18 16:40:37,460 - INFO - Study saved to /lustre/scratch-global/cib/abiel/AMES_FINAL/optuna/study_20260518.pkl
[I 2026-05-18 16:40:37,487] Trial 2 finished with value: 0.6407105386257173 and parameters: {'nGraphConvolutionalLayers': 3, 'n_node_neurons': 154, 'n_edge_neurons': 281, 'DropoutGNN': 0.45698401512502684, 'momentumBatchNorm': 0.7250876416595392, 'nSharedLayers': 2, 'nTargetSpecificLayers': 1, 'n_shared_0': 180, 'n_shared_1': 129, 'n_target_0': 279, 'DropoutShared_0': 0.4870568911916313, 'DropoutShared_1': 0.0647302644132417, 'DropoutTarget_0': 0.27961324055566517, 'learningRate': 0.03091030970776624, 'w1': 3.410872207874013, 'w2': 2.2911809336202125, 'w3': 2.7632033428169294, 'w4': 2.978670299516766, 'w5': 2.0236908727957417}. Best is trial 0 with value: 0.3184257245915276.
2026-05-18 16:40:37,488 - INFO - Starting trial 3
2026-05-18 17:14:22,690 - INFO - Study saved to /lustre/scratch-global/cib/abiel/AMES_FINAL/optuna/study_20260518.pkl
[I 2026-05-18 17:14:22,697] Trial 3 finished with value: 0.6276843777724674 and parameters: {'nGraphConvolutionalLayers': 5, 'n_node_neurons': 197, 'n_edge_neurons': 115, 'DropoutGNN': 0.20809972566997087, 'momentumBatchNorm': 0.17664890491673169, 'nSharedLayers': 1, 'nTargetSpecificLayers': 3, 'n_shared_0': 254, 'n_target_0': 234, 'n_target_1': 264, 'n_target_2': 48, 'DropoutShared_0': 0.42609560311794425, 'DropoutTarget_0': 0.19729238107285402, 'DropoutTarget_1': 0.022916946155928042, 'DropoutTarget_2': 0.09819193386554337, 'learningRate': 0.006863996083260657, 'w1': 1.8926241186442758, 'w2': 1.6358319955429121, 'w3': 5.580608059668709, 'w4': 4.907017604097828, 'w5': 1.4814673569248062}. Best is trial 0 with value: 0.3184257245915276.
2026-05-18 17:14:22,699 - INFO - Starting trial 4
2026-05-18 17:49:30,167 - INFO - Study saved to /lustre/scratch-global/cib/abiel/AMES_FINAL/optuna/study_20260518.pkl
[I 2026-05-18 17:49:30,278] Trial 4 finished with value: 0.5733798011711666 and parameters: {'nGraphConvolutionalLayers': 5, 'n_node_neurons': 267, 'n_edge_neurons': 83, 'DropoutGNN': 0.3147577474590652, 'momentumBatchNorm': 0.9390181221086374, 'nSharedLayers': 3, 'nTargetSpecificLayers': 3, 'n_shared_0': 175, 'n_shared_1': 131, 'n_shared_2': 250, 'n_target_0': 243, 'n_target_1': 143, 'n_target_2': 251, 'DropoutShared_0': 0.13913054450572587, 'DropoutShared_1': 0.013053686893069016, 'DropoutShared_2': 0.16544016911827392, 'DropoutTarget_0': 0.2737508372024056, 'DropoutTarget_1': 0.1771254061727504, 'DropoutTarget_2': 0.01780884806277261, 'learningRate': 0.003764526286733783, 'w1': 2.6801924708552285, 'w2': 3.655152942529486, 'w3': 5.43093477712809, 'w4': 4.780929997424597, 'w5': 1.470182563248089}. Best is trial 0 with value: 0.3184257245915276.
2026-05-18 17:49:30,280 - INFO - Starting trial 5
2026-05-18 18:22:07,726 - INFO - Study saved to /lustre/scratch-global/cib/abiel/AMES_FINAL/optuna/study_20260518.pkl
[I 2026-05-18 18:22:07,729] Trial 5 finished with value: 0.5461104003020696 and parameters: {'nGraphConvolutionalLayers': 3, 'n_node_neurons': 165, 'n_edge_neurons': 220, 'DropoutGNN': 0.36249585851423033, 'momentumBatchNorm': 0.8536978633296275, 'nSharedLayers': 3, 'nTargetSpecificLayers': 3, 'n_shared_0': 281, 'n_shared_1': 298, 'n_shared_2': 245, 'n_target_0': 109, 'n_target_1': 154, 'n_target_2': 120, 'DropoutShared_0': 0.18284275512482417, 'DropoutShared_1': 0.24693964794676987, 'DropoutShared_2': 0.4786457171171132, 'DropoutTarget_0': 0.25726118093553857, 'DropoutTarget_1': 0.2572012931695654, 'DropoutTarget_2': 0.2283087581291987, 'learningRate': 0.02011091743915247, 'w1': 5.911902603961183, 'w2': 4.191122623796841, 'w3': 3.734716210179383, 'w4': 2.2707005649306087, 'w5': 2.2682190296369185}. Best is trial 0 with value: 0.3184257245915276.
2026-05-18 18:22:07,730 - INFO - Starting trial 6
[I 2026-05-18 18:52:43,200] Trial 6 pruned. 
2026-05-18 18:52:43,200 - INFO - Starting trial 7
2026-05-18 19:24:55,676 - INFO - Study saved to /lustre/scratch-global/cib/abiel/AMES_FINAL/optuna/study_20260518.pkl
[I 2026-05-18 19:24:55,704] Trial 7 finished with value: 0.4520734364645822 and parameters: {'nGraphConvolutionalLayers': 4, 'n_node_neurons': 271, 'n_edge_neurons': 50, 'DropoutGNN': 0.42059093608537923, 'momentumBatchNorm': 0.8075800461009246, 'nSharedLayers': 2, 'nTargetSpecificLayers': 2, 'n_shared_0': 229, 'n_shared_1': 86, 'n_target_0': 213, 'n_target_1': 201, 'DropoutShared_0': 0.01766947635651578, 'DropoutShared_1': 0.2722090043625629, 'DropoutTarget_0': 0.45619998210744306, 'DropoutTarget_1': 0.22277184776681952, 'learningRate': 0.00043705194442226455, 'w1': 4.127370833869428, 'w2': 2.9981661332158147, 'w3': 1.8991075850238768, 'w4': 3.985010831161292, 'w5': 1.982850068526997}. Best is trial 0 with value: 0.3184257245915276.
2026-05-18 19:24:55,706 - INFO - Starting trial 8
[I 2026-05-18 19:59:04,246] Trial 8 pruned. 
2026-05-18 19:59:04,273 - INFO - Starting trial 9
2026-05-18 20:30:57,905 - INFO - Study saved to /lustre/scratch-global/cib/abiel/AMES_FINAL/optuna/study_20260518.pkl
[I 2026-05-18 20:30:57,923] Trial 9 finished with value: 0.5376127472945622 and parameters: {'nGraphConvolutionalLayers': 2, 'n_node_neurons': 159, 'n_edge_neurons': 6, 'DropoutGNN': 0.0829691503973623, 'momentumBatchNorm': 0.40443926761445315, 'nSharedLayers': 4, 'nTargetSpecificLayers': 3, 'n_shared_0': 72, 'n_shared_1': 188, 'n_shared_2': 190, 'n_shared_3': 4, 'n_target_0': 49, 'n_target_1': 206, 'n_target_2': 281, 'DropoutShared_0': 0.30552393340692374, 'DropoutShared_1': 0.19661773086466694, 'DropoutShared_2': 0.2969705647106127, 'DropoutShared_3': 0.22833871192730243, 'DropoutTarget_0': 0.17546802577021653, 'DropoutTarget_1': 0.4260654804345264, 'DropoutTarget_2': 0.4726283148207639, 'learningRate': 0.019615705580503958, 'w1': 4.77837614437504, 'w2': 2.171527169390016, 'w3': 1.6708381124438956, 'w4': 2.2690308888805504, 'w5': 2.7453117594322176}. Best is trial 0 with value: 0.3184257245915276.
2026-05-18 20:30:57,924 - INFO - Starting trial 10
2026-05-18 21:01:08,342 - INFO - Study saved to /lustre/scratch-global/cib/abiel/AMES_FINAL/optuna/study_20260518.pkl
[I 2026-05-18 21:01:08,344] Trial 10 finished with value: 0.464875146150589 and parameters: {'nGraphConvolutionalLayers': 4, 'n_node_neurons': 52, 'n_edge_neurons': 179, 'DropoutGNN': 0.006877861279041858, 'momentumBatchNorm': 0.45535256260977564, 'nSharedLayers': 1, 'nTargetSpecificLayers': 1, 'n_shared_0': 122, 'n_target_0': 8, 'DropoutShared_0': 0.38667181193966776, 'DropoutTarget_0': 0.12036944848470418, 'learningRate': 2.1461491742718027e-05, 'w1': 5.763919320804529, 'w2': 5.8847016051903696, 'w3': 4.1502862730229495, 'w4': 1.202674260860214, 'w5': 3.6679152746602925}. Best is trial 0 with value: 0.3184257245915276.
2026-05-18 21:01:08,344 - INFO - Starting trial 11
[I 2026-05-18 21:32:35,043] Trial 11 pruned. 
2026-05-18 21:32:35,044 - INFO - Starting trial 12
2026-05-18 22:05:56,095 - INFO - Study saved to /lustre/scratch-global/cib/abiel/AMES_FINAL/optuna/study_20260518.pkl
[I 2026-05-18 22:05:56,158] Trial 12 finished with value: 0.3794555182116372 and parameters: {'nGraphConvolutionalLayers': 5, 'n_node_neurons': 297, 'n_edge_neurons': 2, 'DropoutGNN': 0.3797623121055478, 'momentumBatchNorm': 0.6253277269289317, 'nSharedLayers': 2, 'nTargetSpecificLayers': 2, 'n_shared_0': 127, 'n_shared_1': 2, 'n_target_0': 189, 'n_target_1': 76, 'DropoutShared_0': 0.033042653013883816, 'DropoutShared_1': 0.3483444321870923, 'DropoutTarget_0': 0.45465545362078075, 'DropoutTarget_1': 0.08514630241409593, 'learningRate': 0.00010565050954504912, 'w1': 4.2157659887896966, 'w2': 2.700552833714862, 'w3': 2.1676171181332333, 'w4': 1.2121559243464004, 'w5': 1.1405293230728495}. Best is trial 0 with value: 0.3184257245915276.
2026-05-18 22:05:56,160 - INFO - Starting trial 13
2026-05-18 22:40:12,666 - INFO - Study saved to /lustre/scratch-global/cib/abiel/AMES_FINAL/optuna/study_20260518.pkl
[I 2026-05-18 22:40:12,667] Trial 13 finished with value: 0.3394248487268176 and parameters: {'nGraphConvolutionalLayers': 5, 'n_node_neurons': 221, 'n_edge_neurons': 235, 'DropoutGNN': 0.2981016003141739, 'momentumBatchNorm': 0.5525566804597362, 'nSharedLayers': 1, 'nTargetSpecificLayers': 2, 'n_shared_0': 128, 'n_target_0': 181, 'n_target_1': 53, 'DropoutShared_0': 0.10278761346320804, 'DropoutTarget_0': 0.3699011984980599, 'DropoutTarget_1': 0.01938469731275788, 'learningRate': 7.756986138873183e-05, 'w1': 5.10000670429185, 'w2': 5.592148715735467, 'w3': 2.741571619314727, 'w4': 1.2051431801220824, 'w5': 1.2626299327590518}. Best is trial 0 with value: 0.3184257245915276.
2026-05-18 22:40:12,667 - INFO - Starting trial 14
2026-05-18 23:13:29,961 - INFO - Study saved to /lustre/scratch-global/cib/abiel/AMES_FINAL/optuna/study_20260518.pkl
[I 2026-05-18 23:13:30,035] Trial 14 finished with value: 0.44925056074346814 and parameters: {'nGraphConvolutionalLayers': 5, 'n_node_neurons': 207, 'n_edge_neurons': 242, 'DropoutGNN': 0.268635379122164, 'momentumBatchNorm': 0.3266317805683439, 'nSharedLayers': 1, 'nTargetSpecificLayers': 1, 'n_shared_0': 98, 'n_target_0': 169, 'DropoutShared_0': 0.13134970326933804, 'DropoutTarget_0': 0.36300000087175505, 'learningRate': 1.3735399063374547e-05, 'w1': 5.197450784450977, 'w2': 5.9694182734090875, 'w3': 4.333397838466746, 'w4': 1.712556695821157, 'w5': 4.570618009913942}. Best is trial 0 with value: 0.3184257245915276.
2026-05-18 23:13:30,037 - INFO - Starting trial 15
2026-05-18 23:45:32,253 - INFO - Study saved to /lustre/scratch-global/cib/abiel/AMES_FINAL/optuna/study_20260518.pkl
[I 2026-05-18 23:45:32,265] Trial 15 finished with value: 0.36204638694013863 and parameters: {'nGraphConvolutionalLayers': 3, 'n_node_neurons': 6, 'n_edge_neurons': 255, 'DropoutGNN': 0.1450941812231854, 'momentumBatchNorm': 0.566382448097556, 'nSharedLayers': 1, 'nTargetSpecificLayers': 1, 'n_shared_0': 154, 'n_target_0': 283, 'DropoutShared_0': 0.3161944302518505, 'DropoutTarget_0': 0.35696248795148827, 'learningRate': 5.780043990948618e-05, 'w1': 5.205790376241042, 'w2': 5.136156104702234, 'w3': 2.7237648024177643, 'w4': 1.7639719596368382, 'w5': 1.0647532557719808}. Best is trial 0 with value: 0.3184257245915276.
2026-05-18 23:45:32,265 - INFO - Starting trial 16
[I 2026-05-19 00:19:45,133] Trial 16 pruned. 
2026-05-19 00:19:45,143 - INFO - Starting trial 17
2026-05-19 00:51:00,804 - INFO - Study saved to /lustre/scratch-global/cib/abiel/AMES_FINAL/optuna/study_20260518.pkl
[I 2026-05-19 00:51:00,807] Trial 17 finished with value: 0.36167774839060646 and parameters: {'nGraphConvolutionalLayers': 4, 'n_node_neurons': 120, 'n_edge_neurons': 124, 'DropoutGNN': 0.21437526794728567, 'momentumBatchNorm': 0.5187634061669854, 'nSharedLayers': 3, 'nTargetSpecificLayers': 1, 'n_shared_0': 137, 'n_shared_1': 219, 'n_shared_2': 10, 'n_target_0': 216, 'DropoutShared_0': 0.39119196416452473, 'DropoutShared_1': 0.4416459201156716, 'DropoutShared_2': 0.01709452208479878, 'DropoutTarget_0': 0.10998655940191665, 'learningRate': 0.00013961854608330538, 'w1': 5.22741175188072, 'w2': 5.329538883492043, 'w3': 4.442939750974046, 'w4': 1.7515215888040672, 'w5': 3.5073717318358377}. Best is trial 0 with value: 0.3184257245915276.
2026-05-19 00:51:00,807 - INFO - Starting trial 18
2026-05-19 01:19:58,249 - INFO - Study saved to /lustre/scratch-global/cib/abiel/AMES_FINAL/optuna/study_20260518.pkl
[I 2026-05-19 01:19:58,251] Trial 18 finished with value: 0.43015145616871975 and parameters: {'nGraphConvolutionalLayers': 2, 'n_node_neurons': 226, 'n_edge_neurons': 202, 'DropoutGNN': 0.15053876968370183, 'momentumBatchNorm': 0.21200929371157143, 'nSharedLayers': 2, 'nTargetSpecificLayers': 2, 'n_shared_0': 91, 'n_shared_1': 237, 'n_target_0': 151, 'n_target_1': 85, 'DropoutShared_0': 0.46092741349524813, 'DropoutShared_1': 0.12597905766378792, 'DropoutTarget_0': 0.3953273068192285, 'DropoutTarget_1': 0.12824508156793782, 'learningRate': 1.0804976384253734e-05, 'w1': 4.760567617760547, 'w2': 5.497137798058119, 'w3': 2.2538169397005667, 'w4': 1.0702261435862481, 'w5': 5.97658511161276}. Best is trial 0 with value: 0.3184257245915276.
2026-05-19 01:19:58,251 - INFO - Starting trial 19
2026-05-19 01:50:33,356 - INFO - Study saved to /lustre/scratch-global/cib/abiel/AMES_FINAL/optuna/study_20260518.pkl
[I 2026-05-19 01:50:33,371] Trial 19 finished with value: 0.43139662623405456 and parameters: {'nGraphConvolutionalLayers': 5, 'n_node_neurons': 190, 'n_edge_neurons': 268, 'DropoutGNN': 0.31811336772177207, 'momentumBatchNorm': 0.03058135041012444, 'nSharedLayers': 1, 'nTargetSpecificLayers': 1, 'n_shared_0': 11, 'n_target_0': 259, 'DropoutShared_0': 0.08259882352819058, 'DropoutTarget_0': 0.1995107634849418, 'learningRate': 3.1152432360563505e-05, 'w1': 5.496230131613448, 'w2': 1.0148665358518718, 'w3': 3.3444808111410196, 'w4': 1.823533453576868, 'w5': 2.9728335085699316}. Best is trial 0 with value: 0.3184257245915276.
2026-05-19 01:50:33,372 - INFO - Starting trial 20
2026-05-19 02:20:38,306 - INFO - Study saved to /lustre/scratch-global/cib/abiel/AMES_FINAL/optuna/study_20260518.pkl
[I 2026-05-19 02:20:38,357] Trial 20 finished with value: 0.39321505997862133 and parameters: {'nGraphConvolutionalLayers': 3, 'n_node_neurons': 116, 'n_edge_neurons': 152, 'DropoutGNN': 0.14321342562750392, 'momentumBatchNorm': 0.3829832912130844, 'nSharedLayers': 2, 'nTargetSpecificLayers': 2, 'n_shared_0': 160, 'n_shared_1': 64, 'n_target_0': 207, 'n_target_1': 75, 'DropoutShared_0': 0.3350770353204201, 'DropoutShared_1': 0.3347041689174691, 'DropoutTarget_0': 0.31272432508420833, 'DropoutTarget_1': 0.3438917751389279, 'learningRate': 0.0002569699689341439, 'w1': 3.6564601372698364, 'w2': 4.276931277418115, 'w3': 1.087894614235588, 'w4': 5.9485744477524705, 'w5': 5.144237203561701}. Best is trial 0 with value: 0.3184257245915276.
2026-05-19 02:20:38,365 - INFO - Starting trial 21
2026-05-19 02:50:29,226 - INFO - Study saved to /lustre/scratch-global/cib/abiel/AMES_FINAL/optuna/study_20260518.pkl
[I 2026-05-19 02:50:29,228] Trial 21 finished with value: 0.375711430140904 and parameters: {'nGraphConvolutionalLayers': 4, 'n_node_neurons': 106, 'n_edge_neurons': 122, 'DropoutGNN': 0.23597086208027038, 'momentumBatchNorm': 0.5383943534508335, 'nSharedLayers': 3, 'nTargetSpecificLayers': 1, 'n_shared_0': 127, 'n_shared_1': 203, 'n_shared_2': 6, 'n_target_0': 218, 'DropoutShared_0': 0.38268547502148853, 'DropoutShared_1': 0.4844189667305955, 'DropoutShared_2': 0.006897107618075802, 'DropoutTarget_0': 0.10946724162698203, 'learningRate': 0.0001652306602256962, 'w1': 5.236170940535264, 'w2': 5.4647403896458435, 'w3': 4.765250555775317, 'w4': 1.6091377084896645, 'w5': 3.6683070719721234}. Best is trial 0 with value: 0.3184257245915276.
2026-05-19 02:50:29,229 - INFO - Starting trial 22
2026-05-19 03:20:04,778 - INFO - Study saved to /lustre/scratch-global/cib/abiel/AMES_FINAL/optuna/study_20260518.pkl
[I 2026-05-19 03:20:04,790] Trial 22 finished with value: 0.39142813418592726 and parameters: {'nGraphConvolutionalLayers': 4, 'n_node_neurons': 112, 'n_edge_neurons': 125, 'DropoutGNN': 0.2065119691220323, 'momentumBatchNorm': 0.5017121449939335, 'nSharedLayers': 3, 'nTargetSpecificLayers': 1, 'n_shared_0': 200, 'n_shared_1': 244, 'n_shared_2': 6, 'n_target_0': 173, 'DropoutShared_0': 0.38087738812991595, 'DropoutShared_1': 0.41711304351973305, 'DropoutShared_2': 0.018908604511191168, 'DropoutTarget_0': 0.10212082722281068, 'learningRate': 4.754439738206818e-05, 'w1': 4.74192880649823, 'w2': 4.79077948223258, 'w3': 3.9531885551613413, 'w4': 2.0542265996463898, 'w5': 4.1036464979407}. Best is trial 0 with value: 0.3184257245915276.
2026-05-19 03:20:04,791 - INFO - Starting trial 23
[I 2026-05-19 03:51:04,727] Trial 23 pruned. 
2026-05-19 03:51:04,728 - INFO - Starting trial 24
2026-05-19 04:21:20,530 - INFO - Study saved to /lustre/scratch-global/cib/abiel/AMES_FINAL/optuna/study_20260518.pkl
[I 2026-05-19 04:21:20,559] Trial 24 finished with value: 0.3457511922291347 and parameters: {'nGraphConvolutionalLayers': 4, 'n_node_neurons': 244, 'n_edge_neurons': 152, 'DropoutGNN': 0.11520005299767618, 'momentumBatchNorm': 0.4441864223453539, 'nSharedLayers': 2, 'nTargetSpecificLayers': 1, 'n_shared_0': 82, 'n_shared_1': 247, 'n_target_0': 199, 'DropoutShared_0': 0.4248714017378977, 'DropoutShared_1': 0.2856576005934166, 'DropoutTarget_0': 0.2255695212313779, 'learningRate': 0.00012370408690005245, 'w1': 4.260931668333182, 'w2': 5.214019601698495, 'w3': 3.125280225671817, 'w4': 2.5944175084442738, 'w5': 1.9257059520866218}. Best is trial 0 with value: 0.3184257245915276.
2026-05-19 04:21:20,559 - INFO - Starting trial 25
2026-05-19 04:53:32,242 - INFO - Study saved to /lustre/scratch-global/cib/abiel/AMES_FINAL/optuna/study_20260518.pkl
[I 2026-05-19 04:53:32,266] Trial 25 finished with value: 0.3635592794418335 and parameters: {'nGraphConvolutionalLayers': 5, 'n_node_neurons': 239, 'n_edge_neurons': 200, 'DropoutGNN': 0.11221136771299953, 'momentumBatchNorm': 0.28332515124449503, 'nSharedLayers': 1, 'nTargetSpecificLayers': 2, 'n_shared_0': 48, 'n_target_0': 300, 'n_target_1': 122, 'DropoutShared_0': 0.42797547270409414, 'DropoutTarget_0': 0.22689928703494042, 'DropoutTarget_1': 0.10568184549357122, 'learningRate': 8.914113510589456e-05, 'w1': 4.361042466886728, 'w2': 4.656189602882629, 'w3': 2.5836645498502997, 'w4': 3.0429579256974257, 'w5': 1.8240204215603844}. Best is trial 0 with value: 0.3184257245915276.
2026-05-19 04:53:32,267 - INFO - Starting trial 26
2026-05-19 05:24:21,670 - INFO - Study saved to /lustre/scratch-global/cib/abiel/AMES_FINAL/optuna/study_20260518.pkl
[I 2026-05-19 05:24:21,673] Trial 26 finished with value: 0.3981891027518681 and parameters: {'nGraphConvolutionalLayers': 4, 'n_node_neurons': 245, 'n_edge_neurons': 152, 'DropoutGNN': 0.16130672789656403, 'momentumBatchNorm': 0.43421151074119857, 'nSharedLayers': 2, 'nTargetSpecificLayers': 1, 'n_shared_0': 103, 'n_shared_1': 275, 'n_target_0': 153, 'DropoutShared_0': 0.19420032358935485, 'DropoutShared_1': 0.28057287695106137, 'DropoutTarget_0': 0.31026453331595716, 'learningRate': 2.3939521818514162e-05, 'w1': 3.963830508140161, 'w2': 3.9485063275410033, 'w3': 3.1334242064823195, 'w4': 2.562254268437541, 'w5': 2.3219189048336517}. Best is trial 0 with value: 0.3184257245915276.
2026-05-19 05:24:21,673 - INFO - Starting trial 27
[I 2026-05-19 05:55:52,497] Trial 27 pruned. 
2026-05-19 05:55:52,522 - INFO - Starting trial 28
2026-05-19 06:26:48,605 - INFO - Study saved to /lustre/scratch-global/cib/abiel/AMES_FINAL/optuna/study_20260518.pkl
[I 2026-05-19 06:26:48,617] Trial 28 finished with value: 0.37218099977288926 and parameters: {'nGraphConvolutionalLayers': 4, 'n_node_neurons': 249, 'n_edge_neurons': 93, 'DropoutGNN': 0.24997936963060213, 'momentumBatchNorm': 0.3683867142632338, 'nSharedLayers': 2, 'nTargetSpecificLayers': 1, 'n_shared_0': 31, 'n_shared_1': 260, 'n_target_0': 162, 'DropoutShared_0': 0.2757918100859582, 'DropoutShared_1': 0.19398162352951168, 'DropoutTarget_0': 0.417222158792112, 'learningRate': 3.7804840149894146e-05, 'w1': 3.2713289502556773, 'w2': 4.57555217440805, 'w3': 2.337802328434063, 'w4': 1.3363081676332262, 'w5': 1.7119975888249288}. Best is trial 0 with value: 0.3184257245915276.
2026-05-19 06:26:48,617 - INFO - Starting trial 29
[I 2026-05-19 06:56:12,046] Trial 29 pruned. 
2026-05-19 06:56:12,046 - INFO - Starting trial 30
2026-05-19 07:25:21,714 - INFO - Study saved to /lustre/scratch-global/cib/abiel/AMES_FINAL/optuna/study_20260518.pkl
