[I 2026-05-19 07:25:21,717] Trial 30 finished with value: 0.37418762138911654 and parameters: {'nGraphConvolutionalLayers': 2, 'n_node_neurons': 284, 'n_edge_neurons': 280, 'DropoutGNN': 0.11732175604515681, 'momentumBatchNorm': 0.47649397154143686, 'nSharedLayers': 1, 'nTargetSpecificLayers': 2, 'n_shared_0': 45, 'n_target_0': 227, 'n_target_1': 4, 'DropoutShared_0': 0.44724563860986943, 'DropoutTarget_0': 0.15247259607173344, 'DropoutTarget_1': 0.06650246519746408, 'learningRate': 0.0001930564343515783, 'w1': 2.5025000737377887, 'w2': 4.843507045560946, 'w3': 1.4832776364607019, 'w4': 2.030585518222555, 'w5': 2.34978759950611}. Best is trial 0 with value: 0.3184257245915276.
2026-05-19 07:25:21,718 - INFO - Starting trial 31
2026-05-19 07:54:33,144 - INFO - Study saved to /lustre/scratch-global/cib/abiel/AMES_FINAL/optuna/study_20260518.pkl
[I 2026-05-19 07:54:33,194] Trial 31 finished with value: 0.3702886160782405 and parameters: {'nGraphConvolutionalLayers': 4, 'n_node_neurons': 138, 'n_edge_neurons': 136, 'DropoutGNN': 0.17998651625671347, 'momentumBatchNorm': 0.5735102999514023, 'nSharedLayers': 3, 'nTargetSpecificLayers': 1, 'n_shared_0': 109, 'n_shared_1': 229, 'n_shared_2': 94, 'n_target_0': 207, 'DropoutShared_0': 0.40689857087232, 'DropoutShared_1': 0.4243314973081974, 'DropoutShared_2': 0.4265649356241037, 'DropoutTarget_0': 0.06055754143574624, 'learningRate': 0.0001241988183765263, 'w1': 5.111363056460096, 'w2': 5.282514584607066, 'w3': 4.924782273468649, 'w4': 2.2193859921965053, 'w5': 3.4787816880143225}. Best is trial 0 with value: 0.3184257245915276.
2026-05-19 07:54:33,195 - INFO - Starting trial 32
2026-05-19 08:24:44,217 - INFO - Study saved to /lustre/scratch-global/cib/abiel/AMES_FINAL/optuna/study_20260518.pkl
[I 2026-05-19 08:24:44,232] Trial 32 finished with value: 0.34594895218099864 and parameters: {'nGraphConvolutionalLayers': 3, 'n_node_neurons': 254, 'n_edge_neurons': 96, 'DropoutGNN': 0.23357940002494587, 'momentumBatchNorm': 0.6940297279277792, 'nSharedLayers': 2, 'nTargetSpecificLayers': 1, 'n_shared_0': 145, 'n_shared_1': 218, 'n_target_0': 193, 'DropoutShared_0': 0.466016623638434, 'DropoutShared_1': 0.30003061858216196, 'DropoutTarget_0': 0.1292187703238409, 'learningRate': 7.965278373604193e-05, 'w1': 5.535382608322224, 'w2': 5.2595608836241885, 'w3': 2.860000883216195, 'w4': 1.4494777958542195, 'w5': 2.0900619438179824}. Best is trial 0 with value: 0.3184257245915276.
2026-05-19 08:24:44,233 - INFO - Starting trial 33
2026-05-19 08:53:43,955 - INFO - Study saved to /lustre/scratch-global/cib/abiel/AMES_FINAL/optuna/study_20260518.pkl
[I 2026-05-19 08:53:43,957] Trial 33 finished with value: 0.3509276272569384 and parameters: {'nGraphConvolutionalLayers': 3, 'n_node_neurons': 257, 'n_edge_neurons': 73, 'DropoutGNN': 0.357838183849085, 'momentumBatchNorm': 0.6951690053548443, 'nSharedLayers': 2, 'nTargetSpecificLayers': 1, 'n_shared_0': 169, 'n_shared_1': 159, 'n_target_0': 188, 'DropoutShared_0': 0.45263315253768627, 'DropoutShared_1': 0.3070827331251397, 'DropoutTarget_0': 0.0008392282056795541, 'learningRate': 7.469621058201557e-05, 'w1': 5.474806098825629, 'w2': 4.520472236097383, 'w3': 2.5380385776424035, 'w4': 1.412833027137971, 'w5': 2.0105670266963136}. Best is trial 0 with value: 0.3184257245915276.
2026-05-19 08:53:43,958 - INFO - Starting trial 34
[I 2026-05-19 09:21:25,510] Trial 34 pruned. 
2026-05-19 09:21:25,511 - INFO - Starting trial 35
[I 2026-05-19 09:50:24,957] Trial 35 pruned. 
2026-05-19 09:50:24,983 - INFO - Starting trial 36
[I 2026-05-19 10:20:40,903] Trial 36 pruned. 
2026-05-19 10:20:40,904 - INFO - Starting trial 37
[I 2026-05-19 10:51:21,092] Trial 37 pruned. 
2026-05-19 10:51:21,093 - INFO - Starting trial 38
[I 2026-05-19 11:22:04,741] Trial 38 pruned. 
2026-05-19 11:22:04,741 - INFO - Starting trial 39
2026-05-19 11:54:59,284 - INFO - Study saved to /lustre/scratch-global/cib/abiel/AMES_FINAL/optuna/study_20260518.pkl
[I 2026-05-19 11:54:59,297] Trial 39 finished with value: 0.3869119146892003 and parameters: {'nGraphConvolutionalLayers': 3, 'n_node_neurons': 192, 'n_edge_neurons': 178, 'DropoutGNN': 0.02894306194251557, 'momentumBatchNorm': 0.7732214264493864, 'nSharedLayers': 1, 'nTargetSpecificLayers': 3, 'n_shared_0': 147, 'n_target_0': 176, 'n_target_1': 237, 'n_target_2': 188, 'DropoutShared_0': 0.17679627629667466, 'DropoutTarget_0': 0.4953855423396998, 'DropoutTarget_1': 0.1732790271502356, 'DropoutTarget_2': 0.3591758064587143, 'learningRate': 0.0003451160552718368, 'w1': 4.913910939926109, 'w2': 5.3132261628557105, 'w3': 2.9221223944795685, 'w4': 1.4369169720337585, 'w5': 1.924509731903269}. Best is trial 0 with value: 0.3184257245915276.
2026-05-19 11:54:59,298 - INFO - Starting trial 40
[I 2026-05-19 12:27:04,193] Trial 40 pruned. 
2026-05-19 12:27:04,194 - INFO - Starting trial 41
2026-05-19 12:57:46,524 - INFO - Study saved to /lustre/scratch-global/cib/abiel/AMES_FINAL/optuna/study_20260518.pkl
[I 2026-05-19 12:57:46,525] Trial 41 finished with value: 0.3534578943252563 and parameters: {'nGraphConvolutionalLayers': 3, 'n_node_neurons': 261, 'n_edge_neurons': 71, 'DropoutGNN': 0.3442373630270284, 'momentumBatchNorm': 0.6834663456931188, 'nSharedLayers': 2, 'nTargetSpecificLayers': 1, 'n_shared_0': 175, 'n_shared_1': 151, 'n_target_0': 188, 'DropoutShared_0': 0.4176901999928215, 'DropoutShared_1': 0.3015196880584809, 'DropoutTarget_0': 0.09325896863825692, 'learningRate': 8.88163977906444e-05, 'w1': 5.36511278472104, 'w2': 4.45152676064963, 'w3': 2.6722589090419326, 'w4': 1.4156120096676892, 'w5': 2.046583042171733}. Best is trial 0 with value: 0.3184257245915276.
2026-05-19 12:57:46,525 - INFO - Starting trial 42
2026-05-19 13:28:09,026 - INFO - Study saved to /lustre/scratch-global/cib/abiel/AMES_FINAL/optuna/study_20260518.pkl
[I 2026-05-19 13:28:09,063] Trial 42 finished with value: 0.36024968309061867 and parameters: {'nGraphConvolutionalLayers': 3, 'n_node_neurons': 235, 'n_edge_neurons': 83, 'DropoutGNN': 0.40612465536692605, 'momentumBatchNorm': 0.6890580455440027, 'nSharedLayers': 2, 'nTargetSpecificLayers': 1, 'n_shared_0': 194, 'n_shared_1': 179, 'n_target_0': 164, 'DropoutShared_0': 0.4456698351578626, 'DropoutShared_1': 0.24860051690996474, 'DropoutTarget_0': 0.038134789935920434, 'learningRate': 8.032040953632058e-05, 'w1': 5.785797807489865, 'w2': 4.10947650286679, 'w3': 2.0180259316295848, 'w4': 1.9385191501120447, 'w5': 2.065502992661624}. Best is trial 0 with value: 0.3184257245915276.
2026-05-19 13:28:09,065 - INFO - Starting trial 43
[I 2026-05-19 13:59:30,507] Trial 43 pruned. 
2026-05-19 13:59:30,508 - INFO - Starting trial 44
[I 2026-05-19 14:28:51,869] Trial 44 pruned. 
2026-05-19 14:28:51,869 - INFO - Starting trial 45
[I 2026-05-19 15:00:31,455] Trial 45 pruned. 
2026-05-19 15:00:31,477 - INFO - Starting trial 46
[I 2026-05-19 15:31:46,744] Trial 46 pruned. 
2026-05-19 15:31:46,745 - INFO - Starting trial 47
2026-05-19 16:03:45,434 - INFO - Study saved to /lustre/scratch-global/cib/abiel/AMES_FINAL/optuna/study_20260518.pkl
[I 2026-05-19 16:03:45,437] Trial 47 finished with value: 0.3329673851387841 and parameters: {'nGraphConvolutionalLayers': 4, 'n_node_neurons': 246, 'n_edge_neurons': 30, 'DropoutGNN': 0.07820815423102645, 'momentumBatchNorm': 0.47678142936566503, 'nSharedLayers': 3, 'nTargetSpecificLayers': 2, 'n_shared_0': 159, 'n_shared_1': 137, 'n_shared_2': 80, 'n_target_0': 137, 'n_target_1': 110, 'DropoutShared_0': 0.40991673737794887, 'DropoutShared_1': 0.22657082859198907, 'DropoutShared_2': 0.17562157127139916, 'DropoutTarget_0': 0.1750885431861124, 'DropoutTarget_1': 0.141981553333083, 'learningRate': 0.00012192468903905148, 'w1': 1.079797030282764, 'w2': 4.73177360446471, 'w3': 3.5135834503612196, 'w4': 1.2370665017582727, 'w5': 1.2252938818186419}. Best is trial 0 with value: 0.3184257245915276.
2026-05-19 16:03:45,438 - INFO - Starting trial 48
[I 2026-05-19 16:36:01,086] Trial 48 pruned. 
2026-05-19 16:36:01,087 - INFO - Starting trial 49
[I 2026-05-19 17:06:44,389] Trial 49 pruned. 
2026-05-19 17:06:44,390 - INFO - Starting trial 50
2026-05-19 17:34:32,461 - INFO - Study saved to /lustre/scratch-global/cib/abiel/AMES_FINAL/optuna/study_20260518.pkl
[I 2026-05-19 17:34:32,469] Trial 50 finished with value: 0.34876369578497746 and parameters: {'nGraphConvolutionalLayers': 4, 'n_node_neurons': 275, 'n_edge_neurons': 178, 'DropoutGNN': 0.008786890918696638, 'momentumBatchNorm': 0.5354496784307403, 'nSharedLayers': 4, 'nTargetSpecificLayers': 2, 'n_shared_0': 221, 'n_shared_1': 137, 'n_shared_2': 53, 'n_shared_3': 282, 'n_target_0': 117, 'n_target_1': 51, 'DropoutShared_0': 0.37260342473357433, 'DropoutShared_1': 0.22420144722635396, 'DropoutShared_2': 0.09223873329067787, 'DropoutShared_3': 0.49816382384703184, 'DropoutTarget_0': 0.2583423179691658, 'DropoutTarget_1': 0.051141456219300926, 'learningRate': 0.0001141773326418122, 'w1': 4.59398858430381, 'w2': 5.130365391176548, 'w3': 3.4551312835404744, 'w4': 1.6401780472829828, 'w5': 1.7266956007741614}. Best is trial 0 with value: 0.3184257245915276.
2026-05-19 17:34:32,471 - INFO - Starting trial 51
2026-05-19 18:05:02,583 - INFO - Study saved to /lustre/scratch-global/cib/abiel/AMES_FINAL/optuna/study_20260518.pkl
[I 2026-05-19 18:05:02,586] Trial 51 finished with value: 0.3609518430914197 and parameters: {'nGraphConvolutionalLayers': 4, 'n_node_neurons': 300, 'n_edge_neurons': 183, 'DropoutGNN': 0.00416304498262266, 'momentumBatchNorm': 0.5559657159494599, 'nSharedLayers': 4, 'nTargetSpecificLayers': 2, 'n_shared_0': 249, 'n_shared_1': 133, 'n_shared_2': 56, 'n_shared_3': 299, 'n_target_0': 92, 'n_target_1': 50, 'DropoutShared_0': 0.368764466857098, 'DropoutShared_1': 0.22788040310294, 'DropoutShared_2': 0.09309653062641161, 'DropoutShared_3': 0.48848277425328473, 'DropoutTarget_0': 0.24167081146581162, 'DropoutTarget_1': 0.053996471944575956, 'learningRate': 0.00013569249440643395, 'w1': 1.4983466485929426, 'w2': 5.146818041887686, 'w3': 3.520711373037114, 'w4': 1.6060934464356256, 'w5': 1.8046854425360164}. Best is trial 0 with value: 0.3184257245915276.
2026-05-19 18:05:02,587 - INFO - Starting trial 52
[I 2026-05-19 18:37:11,093] Trial 52 pruned. 
2026-05-19 18:37:11,094 - INFO - Starting trial 53
2026-05-19 19:10:03,308 - INFO - Study saved to /lustre/scratch-global/cib/abiel/AMES_FINAL/optuna/study_20260518.pkl
[I 2026-05-19 19:10:03,315] Trial 53 finished with value: 0.3406081849336624 and parameters: {'nGraphConvolutionalLayers': 4, 'n_node_neurons': 269, 'n_edge_neurons': 169, 'DropoutGNN': 0.09724405864769164, 'momentumBatchNorm': 0.5284656994034791, 'nSharedLayers': 4, 'nTargetSpecificLayers': 3, 'n_shared_0': 211, 'n_shared_1': 110, 'n_shared_2': 120, 'n_shared_3': 218, 'n_target_0': 155, 'n_target_1': 32, 'n_target_2': 220, 'DropoutShared_0': 0.1525899365140007, 'DropoutShared_1': 0.22980263261617945, 'DropoutShared_2': 0.22005721307540566, 'DropoutShared_3': 0.4896656951196961, 'DropoutTarget_0': 0.2615028492935068, 'DropoutTarget_1': 0.005763038779567686, 'DropoutTarget_2': 0.3164243088362096, 'learningRate': 0.00012287404210478258, 'w1': 2.8432020801451605, 'w2': 5.497692334330215, 'w3': 3.151837921207981, 'w4': 1.2384724392057498, 'w5': 1.303755033933596}. Best is trial 0 with value: 0.3184257245915276.
2026-05-19 19:10:03,316 - INFO - Starting trial 54
2026-05-19 19:44:13,883 - INFO - Study saved to /lustre/scratch-global/cib/abiel/AMES_FINAL/optuna/study_20260518.pkl
[I 2026-05-19 19:44:13,919] Trial 54 finished with value: 0.3686245235374995 and parameters: {'nGraphConvolutionalLayers': 5, 'n_node_neurons': 230, 'n_edge_neurons': 167, 'DropoutGNN': 0.10441668094033776, 'momentumBatchNorm': 0.3998335255769461, 'nSharedLayers': 3, 'nTargetSpecificLayers': 3, 'n_shared_0': 156, 'n_shared_1': 76, 'n_shared_2': 120, 'n_target_0': 159, 'n_target_1': 27, 'n_target_2': 200, 'DropoutShared_0': 0.10976523491022228, 'DropoutShared_1': 0.2654605379975058, 'DropoutShared_2': 0.22432892773494997, 'DropoutTarget_0': 0.2883275944574295, 'DropoutTarget_1': 0.013700086239448373, 'DropoutTarget_2': 0.3036963700232039, 'learningRate': 5.588515972834441e-05, 'w1': 2.872437533726611, 'w2': 5.776958767786987, 'w3': 3.0765535566093782, 'w4': 4.625072650491117, 'w5': 1.3339437847767848}. Best is trial 0 with value: 0.3184257245915276.
2026-05-19 19:44:13,921 - INFO - Starting trial 55
2026-05-19 20:17:28,594 - INFO - Study saved to /lustre/scratch-global/cib/abiel/AMES_FINAL/optuna/study_20260518.pkl
[I 2026-05-19 20:17:28,601] Trial 55 finished with value: 0.3478573582002095 and parameters: {'nGraphConvolutionalLayers': 4, 'n_node_neurons': 252, 'n_edge_neurons': 218, 'DropoutGNN': 0.0875448811604425, 'momentumBatchNorm': 0.33097508434693834, 'nSharedLayers': 4, 'nTargetSpecificLayers': 3, 'n_shared_0': 207, 'n_shared_1': 296, 'n_shared_2': 166, 'n_shared_3': 225, 'n_target_0': 219, 'n_target_1': 121, 'n_target_2': 225, 'DropoutShared_0': 0.1568826261425252, 'DropoutShared_1': 0.1732832402357924, 'DropoutShared_2': 0.3358533793558737, 'DropoutShared_3': 0.09742621392508899, 'DropoutTarget_0': 0.40741234934639237, 'DropoutTarget_1': 0.1510741203881109, 'DropoutTarget_2': 0.36156333171030014, 'learningRate': 3.53307493512698e-05, 'w1': 1.7973700241522266, 'w2': 5.555646618984642, 'w3': 2.787679566775918, 'w4': 1.2306534768606443, 'w5': 1.2170694571316005}. Best is trial 0 with value: 0.3184257245915276.
2026-05-19 20:17:28,602 - INFO - Starting trial 56
2026-05-19 20:51:41,846 - INFO - Study saved to /lustre/scratch-global/cib/abiel/AMES_FINAL/optuna/study_20260518.pkl
[I 2026-05-19 20:51:41,881] Trial 56 finished with value: 0.3578348986591612 and parameters: {'nGraphConvolutionalLayers': 5, 'n_node_neurons': 266, 'n_edge_neurons': 110, 'DropoutGNN': 0.13740322072027858, 'momentumBatchNorm': 0.4734850408369893, 'nSharedLayers': 3, 'nTargetSpecificLayers': 3, 'n_shared_0': 239, 'n_shared_1': 56, 'n_shared_2': 201, 'n_target_0': 135, 'n_target_1': 63, 'n_target_2': 103, 'DropoutShared_0': 0.15347883466236933, 'DropoutShared_1': 0.04023489834362384, 'DropoutShared_2': 0.24054041137983734, 'DropoutTarget_0': 0.13248623115866473, 'DropoutTarget_1': 0.10851678303276466, 'DropoutTarget_2': 0.2251885651693845, 'learningRate': 0.00015904757773414516, 'w1': 2.1581387548176716, 'w2': 5.453748448253779, 'w3': 3.204536593239265, 'w4': 1.199705248416959, 'w5': 1.4836088704047834}. Best is trial 0 with value: 0.3184257245915276.
2026-05-19 20:51:41,883 - INFO - Starting trial 57
2026-05-19 21:23:26,712 - INFO - Study saved to /lustre/scratch-global/cib/abiel/AMES_FINAL/optuna/study_20260518.pkl
[I 2026-05-19 21:23:26,718] Trial 57 finished with value: 0.3457829398768289 and parameters: {'nGraphConvolutionalLayers': 4, 'n_node_neurons': 291, 'n_edge_neurons': 141, 'DropoutGNN': 0.16033642616031757, 'momentumBatchNorm': 0.644912254027771, 'nSharedLayers': 1, 'nTargetSpecificLayers': 2, 'n_shared_0': 187, 'n_target_0': 25, 'n_target_1': 32, 'DropoutShared_0': 0.0791573066115792, 'DropoutTarget_0': 0.2077526424265364, 'DropoutTarget_1': 0.0018527574984179077, 'learningRate': 0.00010197082711600188, 'w1': 1.4618257640627188, 'w2': 2.278095011089281, 'w3': 3.7410360665518585, 'w4': 1.472597912910977, 'w5': 2.459463029549603}. Best is trial 0 with value: 0.3184257245915276.
2026-05-19 21:23:26,719 - INFO - Starting trial 58
[I 2026-05-19 21:54:59,682] Trial 58 pruned. 
2026-05-19 21:54:59,683 - INFO - Starting trial 59
[I 2026-05-19 22:26:37,642] Trial 59 pruned. 
2026-05-19 22:26:37,701 - INFO - Starting trial 60
2026-05-19 22:58:05,127 - INFO - Study saved to /lustre/scratch-global/cib/abiel/AMES_FINAL/optuna/study_20260518.pkl
[I 2026-05-19 22:58:05,195] Trial 60 finished with value: 0.3538809475728444 and parameters: {'nGraphConvolutionalLayers': 4, 'n_node_neurons': 291, 'n_edge_neurons': 285, 'DropoutGNN': 0.0777361480759471, 'momentumBatchNorm': 0.42342446958107, 'nSharedLayers': 1, 'nTargetSpecificLayers': 2, 'n_shared_0': 213, 'n_target_0': 66, 'n_target_1': 34, 'DropoutShared_0': 0.11417307089698911, 'DropoutTarget_0': 0.2627315022186391, 'DropoutTarget_1': 0.034693661658969505, 'learningRate': 5.356534959532092e-05, 'w1': 2.112850527091531, 'w2': 2.805981734319018, 'w3': 4.094496197974356, 'w4': 1.7938590008228341, 'w5': 1.9212915710447072}. Best is trial 0 with value: 0.3184257245915276.
2026-05-19 22:58:05,196 - INFO - Starting trial 61
2026-05-19 23:29:12,769 - INFO - Study saved to /lustre/scratch-global/cib/abiel/AMES_FINAL/optuna/study_20260518.pkl
[I 2026-05-19 23:29:12,771] Trial 61 finished with value: 0.35043089355741225 and parameters: {'nGraphConvolutionalLayers': 4, 'n_node_neurons': 235, 'n_edge_neurons': 142, 'DropoutGNN': 0.20449226756326766, 'momentumBatchNorm': 0.6605427072125566, 'nSharedLayers': 1, 'nTargetSpecificLayers': 2, 'n_shared_0': 143, 'n_target_0': 41, 'n_target_1': 70, 'DropoutShared_0': 0.07639978470615864, 'DropoutTarget_0': 0.16714786926703562, 'DropoutTarget_1': 0.07708447264611121, 'learningRate': 0.00010349016005307758, 'w1': 1.2407741337985108, 'w2': 1.4619893247159683, 'w3': 5.890660655036013, 'w4': 1.3539459243527192, 'w5': 2.195616147871201}. Best is trial 0 with value: 0.3184257245915276.
2026-05-19 23:29:12,771 - INFO - Starting trial 62
2026-05-19 23:59:59,725 - INFO - Study saved to /lustre/scratch-global/cib/abiel/AMES_FINAL/optuna/study_20260518.pkl
[I 2026-05-19 23:59:59,738] Trial 62 finished with value: 0.332592151931354 and parameters: {'nGraphConvolutionalLayers': 4, 'n_node_neurons': 249, 'n_edge_neurons': 162, 'DropoutGNN': 0.15826953154477427, 'momentumBatchNorm': 0.5932318985304116, 'nSharedLayers': 1, 'nTargetSpecificLayers': 2, 'n_shared_0': 166, 'n_target_0': 173, 'n_target_1': 95, 'DropoutShared_0': 0.1355617019392495, 'DropoutTarget_0': 0.19257432232837132, 'DropoutTarget_1': 0.18789528127442873, 'learningRate': 7.165255959685395e-05, 'w1': 1.4371898927664915, 'w2': 3.312976685098428, 'w3': 2.9784492710352306, 'w4': 1.5244491838372505, 'w5': 1.5552126151344108}. Best is trial 0 with value: 0.3184257245915276.
2026-05-19 23:59:59,738 - INFO - Starting trial 63
2026-05-20 00:30:47,254 - INFO - Study saved to /lustre/scratch-global/cib/abiel/AMES_FINAL/optuna/study_20260518.pkl
[I 2026-05-20 00:30:47,301] Trial 63 finished with value: 0.3589794776269367 and parameters: {'nGraphConvolutionalLayers': 4, 'n_node_neurons': 269, 'n_edge_neurons': 235, 'DropoutGNN': 0.1014641009502274, 'momentumBatchNorm': 0.5915205193205871, 'nSharedLayers': 1, 'nTargetSpecificLayers': 2, 'n_shared_0': 162, 'n_target_0': 172, 'n_target_1': 135, 'DropoutShared_0': 0.12743705401504002, 'DropoutTarget_0': 0.1913113036854508, 'DropoutTarget_1': 0.1990972300171525, 'learningRate': 0.00016038380476694373, 'w1': 1.4545935258246663, 'w2': 3.0729784596271164, 'w3': 3.7643020794480058, 'w4': 1.6049058857354077, 'w5': 1.5761806982062105}. Best is trial 0 with value: 0.3184257245915276.
2026-05-20 00:30:47,303 - INFO - Starting trial 64
2026-05-20 01:01:47,955 - INFO - Study saved to /lustre/scratch-global/cib/abiel/AMES_FINAL/optuna/study_20260518.pkl
[I 2026-05-20 01:01:47,956] Trial 64 finished with value: 0.3646387160675866 and parameters: {'nGraphConvolutionalLayers': 4, 'n_node_neurons': 243, 'n_edge_neurons': 162, 'DropoutGNN': 0.17775145051790447, 'momentumBatchNorm': 0.4659193392877963, 'nSharedLayers': 1, 'nTargetSpecificLayers': 2, 'n_shared_0': 178, 'n_target_0': 147, 'n_target_1': 96, 'DropoutShared_0': 0.04787405020214422, 'DropoutTarget_0': 0.34040470717823523, 'DropoutTarget_1': 0.18409786943894052, 'learningRate': 0.00024002467224900134, 'w1': 3.1635042903949633, 'w2': 2.170067162335918, 'w3': 2.9649636461233277, 'w4': 1.2390347589034436, 'w5': 1.2229461682187044}. Best is trial 0 with value: 0.3184257245915276.
2026-05-20 01:01:47,956 - INFO - Starting trial 65
[I 2026-05-20 01:33:19,857] Trial 65 pruned. 
2026-05-20 01:33:19,858 - INFO - Starting trial 66
2026-05-20 02:04:20,066 - INFO - Study saved to /lustre/scratch-global/cib/abiel/AMES_FINAL/optuna/study_20260518.pkl
[I 2026-05-20 02:04:20,135] Trial 66 finished with value: 0.32845343691962103 and parameters: {'nGraphConvolutionalLayers': 4, 'n_node_neurons': 291, 'n_edge_neurons': 214, 'DropoutGNN': 0.13857481916586417, 'momentumBatchNorm': 0.5000024859784689, 'nSharedLayers': 1, 'nTargetSpecificLayers': 2, 'n_shared_0': 129, 'n_target_0': 207, 'n_target_1': 169, 'DropoutShared_0': 0.14082394615236316, 'DropoutTarget_0': 0.3754849717633778, 'DropoutTarget_1': 0.27304688049611636, 'learningRate': 4.778630746678744e-05, 'w1': 1.1100748403318723, 'w2': 3.35358713143387, 'w3': 2.6643696462343454, 'w4': 1.5308859471738407, 'w5': 1.4379417496234579}. Best is trial 0 with value: 0.3184257245915276.
2026-05-20 02:04:20,149 - INFO - Starting trial 67
[I 2026-05-20 02:37:30,666] Trial 67 pruned. 
2026-05-20 02:37:30,666 - INFO - Starting trial 68
2026-05-20 03:08:43,400 - INFO - Study saved to /lustre/scratch-global/cib/abiel/AMES_FINAL/optuna/study_20260518.pkl
[I 2026-05-20 03:08:43,411] Trial 68 finished with value: 0.3263118848630361 and parameters: {'nGraphConvolutionalLayers': 4, 'n_node_neurons': 248, 'n_edge_neurons': 155, 'DropoutGNN': 0.06356882491347142, 'momentumBatchNorm': 0.307410874463213, 'nSharedLayers': 1, 'nTargetSpecificLayers': 2, 'n_shared_0': 130, 'n_target_0': 159, 'n_target_1': 171, 'DropoutShared_0': 0.18649158290073414, 'DropoutTarget_0': 0.37281544102501046, 'DropoutTarget_1': 0.24960124311163445, 'learningRate': 4.66124327516415e-05, 'w1': 1.0620713759795188, 'w2': 3.427481502864472, 'w3': 2.3004275467054676, 'w4': 2.768190171534902, 'w5': 1.1388499022315746}. Best is trial 0 with value: 0.3184257245915276.
2026-05-20 03:08:43,412 - INFO - Starting trial 69
[I 2026-05-20 03:39:55,035] Trial 69 pruned. 
2026-05-20 03:39:55,060 - INFO - Starting trial 70
