[I 2026-05-20 04:12:16,853] Trial 70 pruned. 
2026-05-20 04:12:16,853 - INFO - Starting trial 71
2026-05-20 04:43:33,159 - INFO - Study saved to /lustre/scratch-global/cib/abiel/AMES_FINAL/optuna/study_20260518.pkl
[I 2026-05-20 04:43:33,190] Trial 71 finished with value: 0.34757400674479344 and parameters: {'nGraphConvolutionalLayers': 4, 'n_node_neurons': 245, 'n_edge_neurons': 130, 'DropoutGNN': 0.10941003483559056, 'momentumBatchNorm': 0.31997878582902645, 'nSharedLayers': 1, 'nTargetSpecificLayers': 2, 'n_shared_0': 110, 'n_target_0': 166, 'n_target_1': 179, 'DropoutShared_0': 0.1925543422627375, 'DropoutTarget_0': 0.38811514451754764, 'DropoutTarget_1': 0.33113622378672836, 'learningRate': 4.764569878083344e-05, 'w1': 1.3379794238553597, 'w2': 3.127988317913482, 'w3': 2.371631927760346, 'w4': 2.742585547523824, 'w5': 1.660280964588523}. Best is trial 0 with value: 0.3184257245915276.
2026-05-20 04:43:33,191 - INFO - Starting trial 72
2026-05-20 05:14:24,909 - INFO - Study saved to /lustre/scratch-global/cib/abiel/AMES_FINAL/optuna/study_20260518.pkl
[I 2026-05-20 05:14:24,911] Trial 72 finished with value: 0.3190501026596341 and parameters: {'nGraphConvolutionalLayers': 4, 'n_node_neurons': 225, 'n_edge_neurons': 159, 'DropoutGNN': 0.0880266754133205, 'momentumBatchNorm': 0.40930814345023064, 'nSharedLayers': 1, 'nTargetSpecificLayers': 2, 'n_shared_0': 89, 'n_target_0': 131, 'n_target_1': 130, 'DropoutShared_0': 0.12591439000204058, 'DropoutTarget_0': 0.3782814981958723, 'DropoutTarget_1': 0.2756331783946377, 'learningRate': 6.921408833615974e-05, 'w1': 1.1291815453091067, 'w2': 3.388717764387572, 'w3': 2.748811610877335, 'w4': 3.1382654118739683, 'w5': 1.15519385751617}. Best is trial 0 with value: 0.3184257245915276.
2026-05-20 05:14:24,911 - INFO - Starting trial 73
2026-05-20 05:46:09,065 - INFO - Study saved to /lustre/scratch-global/cib/abiel/AMES_FINAL/optuna/study_20260518.pkl
[I 2026-05-20 05:46:09,067] Trial 73 finished with value: 0.3534464416333607 and parameters: {'nGraphConvolutionalLayers': 4, 'n_node_neurons': 226, 'n_edge_neurons': 157, 'DropoutGNN': 0.08867543579953308, 'momentumBatchNorm': 0.38600508563163854, 'nSharedLayers': 1, 'nTargetSpecificLayers': 2, 'n_shared_0': 126, 'n_target_0': 131, 'n_target_1': 138, 'DropoutShared_0': 0.13540277784568516, 'DropoutTarget_0': 0.36371399900550566, 'DropoutTarget_1': 0.2125093031022851, 'learningRate': 3.649122941817828e-05, 'w1': 1.1041043946202016, 'w2': 3.3911448435116656, 'w3': 2.682366454336848, 'w4': 3.2255760648633602, 'w5': 1.1953088403824135}. Best is trial 0 with value: 0.3184257245915276.
2026-05-20 05:46:09,067 - INFO - Starting trial 74
2026-05-20 06:17:55,243 - INFO - Study saved to /lustre/scratch-global/cib/abiel/AMES_FINAL/optuna/study_20260518.pkl
[I 2026-05-20 06:17:55,294] Trial 74 finished with value: 0.3379604418788637 and parameters: {'nGraphConvolutionalLayers': 4, 'n_node_neurons': 212, 'n_edge_neurons': 213, 'DropoutGNN': 0.04022108261955668, 'momentumBatchNorm': 0.29492271634134126, 'nSharedLayers': 1, 'nTargetSpecificLayers': 2, 'n_shared_0': 151, 'n_target_0': 139, 'n_target_1': 126, 'DropoutShared_0': 0.12374632160935611, 'DropoutTarget_0': 0.4404418611710251, 'DropoutTarget_1': 0.2691167889039948, 'learningRate': 4.628472056719395e-05, 'w1': 1.7383911313073037, 'w2': 2.827220450862071, 'w3': 3.000931913423725, 'w4': 1.1282302052741824, 'w5': 1.0123112556864113}. Best is trial 0 with value: 0.3184257245915276.
2026-05-20 06:17:55,295 - INFO - Starting trial 75
[I 2026-05-20 06:49:26,651] Trial 75 pruned. 
2026-05-20 06:49:26,652 - INFO - Starting trial 76
[I 2026-05-20 07:21:40,802] Trial 76 pruned. 
2026-05-20 07:21:40,802 - INFO - Starting trial 77
[I 2026-05-20 07:51:11,703] Trial 77 pruned. 
2026-05-20 07:51:11,732 - INFO - Starting trial 78
[I 2026-05-20 08:22:39,808] Trial 78 pruned. 
2026-05-20 08:22:39,809 - INFO - Starting trial 79
2026-05-20 08:54:29,421 - INFO - Study saved to /lustre/scratch-global/cib/abiel/AMES_FINAL/optuna/study_20260518.pkl
[I 2026-05-20 08:54:29,424] Trial 79 finished with value: 0.3255756501640592 and parameters: {'nGraphConvolutionalLayers': 5, 'n_node_neurons': 253, 'n_edge_neurons': 265, 'DropoutGNN': 0.06683428571841912, 'momentumBatchNorm': 0.41160958068392284, 'nSharedLayers': 1, 'nTargetSpecificLayers': 2, 'n_shared_0': 131, 'n_target_0': 166, 'n_target_1': 141, 'DropoutShared_0': 0.1647646636623647, 'DropoutTarget_0': 0.33739439734965665, 'DropoutTarget_1': 0.3036429082184275, 'learningRate': 4.753444507942622e-05, 'w1': 1.7208500462652856, 'w2': 3.7011742604711557, 'w3': 2.493744181160717, 'w4': 1.1247334793195967, 'w5': 1.1688440781307126}. Best is trial 0 with value: 0.3184257245915276.
2026-05-20 08:54:29,425 - INFO - Starting trial 80
2026-05-20 09:26:24,030 - INFO - Study saved to /lustre/scratch-global/cib/abiel/AMES_FINAL/optuna/study_20260518.pkl
[I 2026-05-20 09:26:24,045] Trial 80 finished with value: 0.35635006291525706 and parameters: {'nGraphConvolutionalLayers': 5, 'n_node_neurons': 252, 'n_edge_neurons': 256, 'DropoutGNN': 0.06551136977925745, 'momentumBatchNorm': 0.40737755736773235, 'nSharedLayers': 1, 'nTargetSpecificLayers': 2, 'n_shared_0': 150, 'n_target_0': 165, 'n_target_1': 145, 'DropoutShared_0': 0.20357695793987848, 'DropoutTarget_0': 0.42870518231881494, 'DropoutTarget_1': 0.3003264555933554, 'learningRate': 3.437772558258609e-05, 'w1': 1.9398029258009142, 'w2': 3.743443327224897, 'w3': 2.440067504214511, 'w4': 1.4987277800396395, 'w5': 1.178953213519134}. Best is trial 0 with value: 0.3184257245915276.
2026-05-20 09:26:24,046 - INFO - Starting trial 81
2026-05-20 09:58:31,842 - INFO - Study saved to /lustre/scratch-global/cib/abiel/AMES_FINAL/optuna/study_20260518.pkl
[I 2026-05-20 09:58:31,844] Trial 81 finished with value: 0.31958246043750216 and parameters: {'nGraphConvolutionalLayers': 5, 'n_node_neurons': 259, 'n_edge_neurons': 266, 'DropoutGNN': 0.08122188139861691, 'momentumBatchNorm': 0.3338839398968636, 'nSharedLayers': 1, 'nTargetSpecificLayers': 2, 'n_shared_0': 130, 'n_target_0': 173, 'n_target_1': 135, 'DropoutShared_0': 0.16838398438984034, 'DropoutTarget_0': 0.34981234126073346, 'DropoutTarget_1': 0.3695929065523316, 'learningRate': 4.90064710092254e-05, 'w1': 1.7327479064478515, 'w2': 3.5988487751371827, 'w3': 2.569552718870439, 'w4': 1.0970644789570507, 'w5': 1.0671987095754745}. Best is trial 0 with value: 0.3184257245915276.
2026-05-20 09:58:31,844 - INFO - Starting trial 82
2026-05-20 10:30:40,030 - INFO - Study saved to /lustre/scratch-global/cib/abiel/AMES_FINAL/optuna/study_20260518.pkl
[I 2026-05-20 10:30:40,062] Trial 82 finished with value: 0.326761183823858 and parameters: {'nGraphConvolutionalLayers': 5, 'n_node_neurons': 259, 'n_edge_neurons': 287, 'DropoutGNN': 0.08256044200348492, 'momentumBatchNorm': 0.2968128210187575, 'nSharedLayers': 1, 'nTargetSpecificLayers': 2, 'n_shared_0': 130, 'n_target_0': 170, 'n_target_1': 131, 'DropoutShared_0': 0.16337439799598957, 'DropoutTarget_0': 0.32787244756732997, 'DropoutTarget_1': 0.3570810798137939, 'learningRate': 4.891364784948752e-05, 'w1': 1.7497626579245293, 'w2': 3.5572199410430807, 'w3': 2.55116324587461, 'w4': 1.0882126684787585, 'w5': 1.1320193420925342}. Best is trial 0 with value: 0.3184257245915276.
2026-05-20 10:30:40,064 - INFO - Starting trial 83
2026-05-20 11:02:40,603 - INFO - Study saved to /lustre/scratch-global/cib/abiel/AMES_FINAL/optuna/study_20260518.pkl
[I 2026-05-20 11:02:40,614] Trial 83 finished with value: 0.30262381792068477 and parameters: {'nGraphConvolutionalLayers': 5, 'n_node_neurons': 257, 'n_edge_neurons': 291, 'DropoutGNN': 0.08982352542940232, 'momentumBatchNorm': 0.33782774316170533, 'nSharedLayers': 1, 'nTargetSpecificLayers': 2, 'n_shared_0': 128, 'n_target_0': 183, 'n_target_1': 149, 'DropoutShared_0': 0.16288405692148522, 'DropoutTarget_0': 0.34681738091609443, 'DropoutTarget_1': 0.36324157763754183, 'learningRate': 5.878333317326381e-05, 'w1': 1.0040650946448564, 'w2': 3.5900821217128156, 'w3': 2.2462032648408017, 'w4': 1.1210710686544059, 'w5': 1.1368435072390002}. Best is trial 83 with value: 0.30262381792068477.
2026-05-20 11:02:40,615 - INFO - Starting trial 84
2026-05-20 11:34:51,278 - INFO - Study saved to /lustre/scratch-global/cib/abiel/AMES_FINAL/optuna/study_20260518.pkl
[I 2026-05-20 11:34:51,279] Trial 84 finished with value: 0.32494155168533323 and parameters: {'nGraphConvolutionalLayers': 5, 'n_node_neurons': 261, 'n_edge_neurons': 291, 'DropoutGNN': 0.06144780630460757, 'momentumBatchNorm': 0.3427201916330051, 'nSharedLayers': 1, 'nTargetSpecificLayers': 2, 'n_shared_0': 108, 'n_target_0': 184, 'n_target_1': 155, 'DropoutShared_0': 0.1624830339476953, 'DropoutTarget_0': 0.3452020491357874, 'DropoutTarget_1': 0.3695931757959913, 'learningRate': 5.662877938989977e-05, 'w1': 1.5331349632097149, 'w2': 3.5532749748704893, 'w3': 2.2543508894019424, 'w4': 3.3382547368711784, 'w5': 1.1021157600867508}. Best is trial 83 with value: 0.30262381792068477.
2026-05-20 11:34:51,280 - INFO - Starting trial 85
[I 2026-05-20 12:06:53,231] Trial 85 pruned. 
2026-05-20 12:06:53,247 - INFO - Starting trial 86
2026-05-20 12:38:53,178 - INFO - Study saved to /lustre/scratch-global/cib/abiel/AMES_FINAL/optuna/study_20260518.pkl
[I 2026-05-20 12:38:53,202] Trial 86 finished with value: 0.32371060780116495 and parameters: {'nGraphConvolutionalLayers': 5, 'n_node_neurons': 281, 'n_edge_neurons': 273, 'DropoutGNN': 0.08790225311592888, 'momentumBatchNorm': 0.3393352925816376, 'nSharedLayers': 1, 'nTargetSpecificLayers': 2, 'n_shared_0': 88, 'n_target_0': 192, 'n_target_1': 176, 'DropoutShared_0': 0.16329426618147508, 'DropoutTarget_0': 0.3216157028084505, 'DropoutTarget_1': 0.37025387254423, 'learningRate': 5.50682369966709e-05, 'w1': 2.2798455481628506, 'w2': 4.028890584528701, 'w3': 1.860717777055908, 'w4': 3.301243272724713, 'w5': 1.152307231975603}. Best is trial 83 with value: 0.30262381792068477.
2026-05-20 12:38:53,203 - INFO - Starting trial 87
2026-05-20 13:10:44,408 - INFO - Study saved to /lustre/scratch-global/cib/abiel/AMES_FINAL/optuna/study_20260518.pkl
[I 2026-05-20 13:10:44,409] Trial 87 finished with value: 0.3329818880558014 and parameters: {'nGraphConvolutionalLayers': 5, 'n_node_neurons': 277, 'n_edge_neurons': 273, 'DropoutGNN': 0.09305578374734876, 'momentumBatchNorm': 0.3439127205045525, 'nSharedLayers': 1, 'nTargetSpecificLayers': 2, 'n_shared_0': 74, 'n_target_0': 194, 'n_target_1': 218, 'DropoutShared_0': 0.16576152189605947, 'DropoutTarget_0': 0.32152512165282204, 'DropoutTarget_1': 0.3694120841223159, 'learningRate': 8.889895139792522e-05, 'w1': 2.0436316590364236, 'w2': 4.142739001447102, 'w3': 1.7409353623310417, 'w4': 3.3243481061858526, 'w5': 1.147993554931609}. Best is trial 83 with value: 0.30262381792068477.
2026-05-20 13:10:44,410 - INFO - Starting trial 88
[I 2026-05-20 13:42:46,403] Trial 88 pruned. 
2026-05-20 13:42:46,404 - INFO - Starting trial 89
2026-05-20 14:14:59,013 - INFO - Study saved to /lustre/scratch-global/cib/abiel/AMES_FINAL/optuna/study_20260518.pkl
[I 2026-05-20 14:14:59,098] Trial 89 finished with value: 0.3214048386471612 and parameters: {'nGraphConvolutionalLayers': 5, 'n_node_neurons': 273, 'n_edge_neurons': 275, 'DropoutGNN': 0.05848581769985399, 'momentumBatchNorm': 0.17393319263909082, 'nSharedLayers': 1, 'nTargetSpecificLayers': 2, 'n_shared_0': 57, 'n_target_0': 159, 'n_target_1': 138, 'DropoutShared_0': 0.2606963366856737, 'DropoutTarget_0': 0.34877000738248776, 'DropoutTarget_1': 0.3586230655858755, 'learningRate': 6.29230163876372e-05, 'w1': 1.846532474380799, 'w2': 3.992077391485476, 'w3': 1.426838502650996, 'w4': 3.137780154597807, 'w5': 1.130909403567368}. Best is trial 83 with value: 0.30262381792068477.
2026-05-20 14:14:59,101 - INFO - Starting trial 90
[I 2026-05-20 14:47:06,035] Trial 90 pruned. 
2026-05-20 14:47:06,035 - INFO - Starting trial 91
2026-05-20 15:19:31,539 - INFO - Study saved to /lustre/scratch-global/cib/abiel/AMES_FINAL/optuna/study_20260518.pkl
[I 2026-05-20 15:19:31,541] Trial 91 finished with value: 0.34602280506065913 and parameters: {'nGraphConvolutionalLayers': 5, 'n_node_neurons': 282, 'n_edge_neurons': 297, 'DropoutGNN': 0.08115091576363459, 'momentumBatchNorm': 0.2683314170831171, 'nSharedLayers': 1, 'nTargetSpecificLayers': 2, 'n_shared_0': 115, 'n_target_0': 171, 'n_target_1': 131, 'DropoutShared_0': 0.23220870259122905, 'DropoutTarget_0': 0.32775802390262027, 'DropoutTarget_1': 0.3577978475553772, 'learningRate': 4.026094241774635e-05, 'w1': 1.8218073169528557, 'w2': 3.895698173412561, 'w3': 1.4298069919288972, 'w4': 2.894780124732585, 'w5': 1.1153046239647892}. Best is trial 83 with value: 0.30262381792068477.
2026-05-20 15:19:31,541 - INFO - Starting trial 92
[I 2026-05-20 15:51:21,565] Trial 92 pruned. 
2026-05-20 15:51:21,605 - INFO - Starting trial 93
2026-05-20 16:23:10,877 - INFO - Study saved to /lustre/scratch-global/cib/abiel/AMES_FINAL/optuna/study_20260518.pkl
[I 2026-05-20 16:23:10,880] Trial 93 finished with value: 0.34321941248008186 and parameters: {'nGraphConvolutionalLayers': 5, 'n_node_neurons': 265, 'n_edge_neurons': 292, 'DropoutGNN': 0.01784044561823983, 'momentumBatchNorm': 0.24383618856948475, 'nSharedLayers': 1, 'nTargetSpecificLayers': 2, 'n_shared_0': 64, 'n_target_0': 182, 'n_target_1': 174, 'DropoutShared_0': 0.16268197149893118, 'DropoutTarget_0': 0.35748192525648265, 'DropoutTarget_1': 0.3458551620582154, 'learningRate': 5.9062825519596595e-05, 'w1': 1.6556138364504855, 'w2': 4.241125092569114, 'w3': 1.5895071995218855, 'w4': 3.284456743745016, 'w5': 1.2800277887138218}. Best is trial 83 with value: 0.30262381792068477.
2026-05-20 16:23:10,881 - INFO - Starting trial 94
2026-05-20 16:54:50,756 - INFO - Study saved to /lustre/scratch-global/cib/abiel/AMES_FINAL/optuna/study_20260518.pkl
[I 2026-05-20 16:54:50,779] Trial 94 finished with value: 0.32382489391735625 and parameters: {'nGraphConvolutionalLayers': 5, 'n_node_neurons': 273, 'n_edge_neurons': 268, 'DropoutGNN': 0.06921897421014211, 'momentumBatchNorm': 0.33611537320269436, 'nSharedLayers': 1, 'nTargetSpecificLayers': 2, 'n_shared_0': 86, 'n_target_0': 147, 'n_target_1': 143, 'DropoutShared_0': 0.16428371853766474, 'DropoutTarget_0': 0.3378948354738114, 'DropoutTarget_1': 0.3132483145279348, 'learningRate': 9.285451560343411e-05, 'w1': 1.9513842902804506, 'w2': 3.765692669825011, 'w3': 2.0757431190911566, 'w4': 3.0423754887985908, 'w5': 1.1288557961578884}. Best is trial 83 with value: 0.30262381792068477.
2026-05-20 16:54:50,779 - INFO - Starting trial 95
2026-05-20 17:26:50,867 - INFO - Study saved to /lustre/scratch-global/cib/abiel/AMES_FINAL/optuna/study_20260518.pkl
[I 2026-05-20 17:26:50,883] Trial 95 finished with value: 0.3223289412260056 and parameters: {'nGraphConvolutionalLayers': 5, 'n_node_neurons': 293, 'n_edge_neurons': 271, 'DropoutGNN': 0.06772392231732566, 'momentumBatchNorm': 0.33903807545844644, 'nSharedLayers': 1, 'nTargetSpecificLayers': 2, 'n_shared_0': 57, 'n_target_0': 162, 'n_target_1': 190, 'DropoutShared_0': 0.14630881875319576, 'DropoutTarget_0': 0.3386689232964248, 'DropoutTarget_1': 0.30935726440392664, 'learningRate': 8.948220806908302e-05, 'w1': 1.928547056671862, 'w2': 3.714122253085106, 'w3': 2.117486194906674, 'w4': 3.0082011816696252, 'w5': 1.6996427054658354}. Best is trial 83 with value: 0.30262381792068477.
2026-05-20 17:26:50,884 - INFO - Starting trial 96
[I 2026-05-20 17:58:53,448] Trial 96 pruned. 
2026-05-20 17:58:53,449 - INFO - Starting trial 97
[I 2026-05-20 18:30:50,693] Trial 97 pruned. 
2026-05-20 18:30:50,693 - INFO - Starting trial 98
2026-05-20 19:02:50,640 - INFO - Study saved to /lustre/scratch-global/cib/abiel/AMES_FINAL/optuna/study_20260518.pkl
[I 2026-05-20 19:02:50,657] Trial 98 finished with value: 0.3413026703255517 and parameters: {'nGraphConvolutionalLayers': 5, 'n_node_neurons': 272, 'n_edge_neurons': 280, 'DropoutGNN': 0.06983691141539056, 'momentumBatchNorm': 0.38579285283642933, 'nSharedLayers': 1, 'nTargetSpecificLayers': 2, 'n_shared_0': 56, 'n_target_0': 177, 'n_target_1': 144, 'DropoutShared_0': 0.19990459637479344, 'DropoutTarget_0': 0.2778292375566662, 'DropoutTarget_1': 0.4538714383521585, 'learningRate': 8.800250296865094e-05, 'w1': 2.276543032852847, 'w2': 4.025393769969045, 'w3': 1.2772937394942123, 'w4': 2.9643299688893707, 'w5': 3.933284188792398}. Best is trial 83 with value: 0.30262381792068477.
2026-05-20 19:02:50,658 - INFO - Starting trial 99
[I 2026-05-20 19:34:35,539] Trial 99 pruned. 
2026-05-20 19:34:35,549 - INFO - Starting trial 100
[I 2026-05-20 20:05:55,782] Trial 100 pruned. 
2026-05-20 20:05:55,782 - INFO - Starting trial 101
2026-05-20 20:38:00,450 - INFO - Study saved to /lustre/scratch-global/cib/abiel/AMES_FINAL/optuna/study_20260518.pkl
[I 2026-05-20 20:38:00,476] Trial 101 finished with value: 0.31513486283166064 and parameters: {'nGraphConvolutionalLayers': 5, 'n_node_neurons': 252, 'n_edge_neurons': 261, 'DropoutGNN': 0.054288389530808986, 'momentumBatchNorm': 0.3196355567561076, 'nSharedLayers': 1, 'nTargetSpecificLayers': 2, 'n_shared_0': 81, 'n_target_0': 160, 'n_target_1': 137, 'DropoutShared_0': 0.180214392403055, 'DropoutTarget_0': 0.34896952733605363, 'DropoutTarget_1': 0.31077943440786937, 'learningRate': 7.637452173793585e-05, 'w1': 1.0044895080909757, 'w2': 3.450845622088418, 'w3': 2.4065618600254433, 'w4': 2.6920246886293544, 'w5': 1.1235799747813675}. Best is trial 83 with value: 0.30262381792068477.
2026-05-20 20:38:00,477 - INFO - Starting trial 102
2026-05-20 21:10:01,551 - INFO - Study saved to /lustre/scratch-global/cib/abiel/AMES_FINAL/optuna/study_20260518.pkl
[I 2026-05-20 21:10:01,553] Trial 102 finished with value: 0.3341911978381021 and parameters: {'nGraphConvolutionalLayers': 5, 'n_node_neurons': 255, 'n_edge_neurons': 251, 'DropoutGNN': 0.08949030957026873, 'momentumBatchNorm': 0.3729655248447435, 'nSharedLayers': 1, 'nTargetSpecificLayers': 2, 'n_shared_0': 82, 'n_target_0': 150, 'n_target_1': 138, 'DropoutShared_0': 0.17143536089079417, 'DropoutTarget_0': 0.3525794710028379, 'DropoutTarget_1': 0.3061957829108078, 'learningRate': 7.187819783736101e-05, 'w1': 3.8072310771985727, 'w2': 3.832972258145703, 'w3': 2.425758840613345, 'w4': 3.341179394020522, 'w5': 1.2635616032858694}. Best is trial 83 with value: 0.30262381792068477.
2026-05-20 21:10:01,553 - INFO - Starting trial 103
2026-05-20 21:42:01,595 - INFO - Study saved to /lustre/scratch-global/cib/abiel/AMES_FINAL/optuna/study_20260518.pkl
[I 2026-05-20 21:42:01,597] Trial 103 finished with value: 0.35004307376486915 and parameters: {'nGraphConvolutionalLayers': 5, 'n_node_neurons': 270, 'n_edge_neurons': 264, 'DropoutGNN': 0.0554274634700803, 'momentumBatchNorm': 0.35052398983794086, 'nSharedLayers': 1, 'nTargetSpecificLayers': 2, 'n_shared_0': 101, 'n_target_0': 194, 'n_target_1': 191, 'DropoutShared_0': 0.15611661522736983, 'DropoutTarget_0': 0.3174309988717944, 'DropoutTarget_1': 0.3418693363474682, 'learningRate': 3.266812695411712e-05, 'w1': 1.4088655206672867, 'w2': 3.192653414784904, 'w3': 2.0698491955153746, 'w4': 3.2141618546602246, 'w5': 1.4088783618063019}. Best is trial 83 with value: 0.30262381792068477.
2026-05-20 21:42:01,597 - INFO - Starting trial 104
[I 2026-05-20 22:14:05,786] Trial 104 pruned. 
2026-05-20 22:14:05,787 - INFO - Starting trial 105
2026-05-20 22:46:30,205 - INFO - Study saved to /lustre/scratch-global/cib/abiel/AMES_FINAL/optuna/study_20260518.pkl
[I 2026-05-20 22:46:30,207] Trial 105 finished with value: 0.3245237386226655 and parameters: {'nGraphConvolutionalLayers': 5, 'n_node_neurons': 278, 'n_edge_neurons': 275, 'DropoutGNN': 0.1227534080490626, 'momentumBatchNorm': 0.26918142357488384, 'nSharedLayers': 1, 'nTargetSpecificLayers': 2, 'n_shared_0': 85, 'n_target_0': 167, 'n_target_1': 152, 'DropoutShared_0': 0.1331421460375316, 'DropoutTarget_0': 0.40218864984582964, 'DropoutTarget_1': 0.29375322285704625, 'learningRate': 5.719392424016027e-05, 'w1': 2.209806776289255, 'w2': 4.174058462625746, 'w3': 2.2172087184815266, 'w4': 3.1323628813434303, 'w5': 1.0008634095836981}. Best is trial 83 with value: 0.30262381792068477.
2026-05-20 22:46:30,207 - INFO - Starting trial 106
2026-05-20 23:18:36,001 - INFO - Study saved to /lustre/scratch-global/cib/abiel/AMES_FINAL/optuna/study_20260518.pkl
[I 2026-05-20 23:18:36,016] Trial 106 finished with value: 0.3305791401011603 and parameters: {'nGraphConvolutionalLayers': 5, 'n_node_neurons': 280, 'n_edge_neurons': 279, 'DropoutGNN': 0.10112310562214637, 'momentumBatchNorm': 0.27335806637183124, 'nSharedLayers': 1, 'nTargetSpecificLayers': 2, 'n_shared_0': 86, 'n_target_0': 175, 'n_target_1': 162, 'DropoutShared_0': 0.10468423283456298, 'DropoutTarget_0': 0.40453033850838804, 'DropoutTarget_1': 0.29021974982789944, 'learningRate': 6.471198269053838e-05, 'w1': 2.678559548812342, 'w2': 4.404333251435321, 'w3': 2.178598524842435, 'w4': 2.850275375800939, 'w5': 1.0023868472659643}. Best is trial 83 with value: 0.30262381792068477.
2026-05-20 23:18:36,018 - INFO - Starting trial 107
[I 2026-05-20 23:50:54,745] Trial 107 pruned. 
2026-05-20 23:50:54,746 - INFO - Starting trial 108
[I 2026-05-21 00:23:02,708] Trial 108 pruned. 
2026-05-21 00:23:02,709 - INFO - Starting trial 109
[I 2026-05-21 00:55:33,149] Trial 109 pruned. 
2026-05-21 00:55:33,150 - INFO - Starting trial 110
2026-05-21 01:27:24,758 - INFO - Study saved to /lustre/scratch-global/cib/abiel/AMES_FINAL/optuna/study_20260518.pkl
