[I 2026-05-15 00:28:10,027] Trial 48 finished with value: 0.3337056703226907 and parameters: {'nGraphConvolutionalLayers': 3, 'n_node_neurons': 247, 'n_edge_neurons': 258, 'DropoutGNN': 0.11596751174626876, 'momentumBatchNorm': 0.4765114859224495, 'nSharedLayers': 1, 'nTargetSpecificLayers': 2, 'n_shared_0': 188, 'n_target_0': 161, 'n_target_1': 226, 'DropoutShared_0': 0.35189656601211294, 'DropoutTarget_0': 0.19718368614159104, 'DropoutTarget_1': 0.14828459999069635, 'learningRate': 9.898433968168126e-05, 'w1': 4.35356755073463, 'w2': 4.3441218956237915, 'w3': 3.239625215972703, 'w4': 1.8651458272147825, 'w5': 1.0057894138962173}. Best is trial 41 with value: 0.33268911847046445.
2026-05-15 00:28:10,029 - INFO - Starting trial 49
[I 2026-05-15 01:31:13,808] Trial 49 pruned. 
2026-05-15 01:31:13,809 - INFO - Starting trial 50
2026-05-15 02:34:42,017 - INFO - Study saved to /lustre/scratch-global/cib/abiel/AMES_FINAL/optuna/study_20260512.pkl
[I 2026-05-15 02:34:42,055] Trial 50 finished with value: 0.33913007608481816 and parameters: {'nGraphConvolutionalLayers': 4, 'n_node_neurons': 275, 'n_edge_neurons': 224, 'DropoutGNN': 0.11534141813955814, 'momentumBatchNorm': 0.38801389681517034, 'nSharedLayers': 1, 'nTargetSpecificLayers': 1, 'n_shared_0': 182, 'n_target_0': 143, 'DropoutShared_0': 0.3786229642066342, 'DropoutTarget_0': 0.1377330619967126, 'learningRate': 4.298500960695296e-05, 'w1': 4.820155355182051, 'w2': 4.356806624557828, 'w3': 2.896212225407176, 'w4': 1.487393714771736, 'w5': 1.4703305432064568}. Best is trial 41 with value: 0.33268911847046445.
2026-05-15 02:34:42,057 - INFO - Starting trial 51
2026-05-15 03:37:31,559 - INFO - Study saved to /lustre/scratch-global/cib/abiel/AMES_FINAL/optuna/study_20260512.pkl
[I 2026-05-15 03:37:31,561] Trial 51 finished with value: 0.32647862468447003 and parameters: {'nGraphConvolutionalLayers': 4, 'n_node_neurons': 249, 'n_edge_neurons': 219, 'DropoutGNN': 0.12554986891907866, 'momentumBatchNorm': 0.3950995914736627, 'nSharedLayers': 1, 'nTargetSpecificLayers': 1, 'n_shared_0': 186, 'n_target_0': 181, 'DropoutShared_0': 0.3792981090451984, 'DropoutTarget_0': 0.1328071783402438, 'learningRate': 4.718335744113283e-05, 'w1': 4.802249126836479, 'w2': 4.369048501318978, 'w3': 2.906347378669139, 'w4': 1.4389846649424347, 'w5': 1.442669213543174}. Best is trial 51 with value: 0.32647862468447003.
2026-05-15 03:37:31,562 - INFO - Starting trial 52
[I 2026-05-15 04:41:02,192] Trial 52 pruned. 
2026-05-15 04:41:02,218 - INFO - Starting trial 53
2026-05-15 05:45:19,652 - INFO - Study saved to /lustre/scratch-global/cib/abiel/AMES_FINAL/optuna/study_20260512.pkl
[I 2026-05-15 05:45:19,671] Trial 53 finished with value: 0.3279715438825743 and parameters: {'nGraphConvolutionalLayers': 5, 'n_node_neurons': 251, 'n_edge_neurons': 223, 'DropoutGNN': 0.07332918853212572, 'momentumBatchNorm': 0.3902960155403707, 'nSharedLayers': 1, 'nTargetSpecificLayers': 1, 'n_shared_0': 155, 'n_target_0': 203, 'DropoutShared_0': 0.45219861267675493, 'DropoutTarget_0': 0.07983897017175023, 'learningRate': 0.00010567484443024549, 'w1': 4.939324173162233, 'w2': 4.148147981633658, 'w3': 2.611085586367257, 'w4': 1.5408685579322687, 'w5': 1.7573945870517624}. Best is trial 51 with value: 0.32647862468447003.
2026-05-15 05:45:19,672 - INFO - Starting trial 54
2026-05-15 06:49:14,244 - INFO - Study saved to /lustre/scratch-global/cib/abiel/AMES_FINAL/optuna/study_20260512.pkl
[I 2026-05-15 06:49:14,258] Trial 54 finished with value: 0.33268893684659684 and parameters: {'nGraphConvolutionalLayers': 5, 'n_node_neurons': 245, 'n_edge_neurons': 222, 'DropoutGNN': 0.07484072709404435, 'momentumBatchNorm': 0.2870068616157423, 'nSharedLayers': 1, 'nTargetSpecificLayers': 1, 'n_shared_0': 147, 'n_target_0': 205, 'DropoutShared_0': 0.4559164751668552, 'DropoutTarget_0': 0.06286849338867294, 'learningRate': 0.00010899040733931194, 'w1': 5.339541238918104, 'w2': 4.415980255470186, 'w3': 2.9655288486850493, 'w4': 1.5180540352148921, 'w5': 1.770738004649545}. Best is trial 51 with value: 0.32647862468447003.
2026-05-15 06:49:14,259 - INFO - Starting trial 55
2026-05-15 07:53:42,293 - INFO - Study saved to /lustre/scratch-global/cib/abiel/AMES_FINAL/optuna/study_20260512.pkl
[I 2026-05-15 07:53:42,314] Trial 55 finished with value: 0.3408796708072934 and parameters: {'nGraphConvolutionalLayers': 5, 'n_node_neurons': 243, 'n_edge_neurons': 219, 'DropoutGNN': 0.07215498989906219, 'momentumBatchNorm': 0.28529493132774436, 'nSharedLayers': 1, 'nTargetSpecificLayers': 1, 'n_shared_0': 147, 'n_target_0': 204, 'DropoutShared_0': 0.41399137738237823, 'DropoutTarget_0': 0.04803185624828654, 'learningRate': 3.186848221856335e-05, 'w1': 5.423254910932214, 'w2': 4.434770734766166, 'w3': 2.9547374401241195, 'w4': 1.5528824761023674, 'w5': 1.8634991917652541}. Best is trial 51 with value: 0.32647862468447003.
2026-05-15 07:53:42,316 - INFO - Starting trial 56
[I 2026-05-15 08:59:30,395] Trial 56 pruned. 
2026-05-15 08:59:30,429 - INFO - Starting trial 57
2026-05-15 10:10:05,650 - INFO - Study saved to /lustre/scratch-global/cib/abiel/AMES_FINAL/optuna/study_20260512.pkl
[I 2026-05-15 10:10:05,732] Trial 57 finished with value: 0.33367028049060277 and parameters: {'nGraphConvolutionalLayers': 5, 'n_node_neurons': 269, 'n_edge_neurons': 219, 'DropoutGNN': 0.046933723667346036, 'momentumBatchNorm': 0.35967039824270447, 'nSharedLayers': 1, 'nTargetSpecificLayers': 1, 'n_shared_0': 120, 'n_target_0': 210, 'DropoutShared_0': 0.3167443262479953, 'DropoutTarget_0': 0.022867094182891387, 'learningRate': 5.296698322233133e-05, 'w1': 5.022910362879374, 'w2': 4.7753516879252444, 'w3': 3.6807381246568887, 'w4': 1.2627782815299045, 'w5': 1.7110596107117426}. Best is trial 51 with value: 0.32647862468447003.
2026-05-15 10:10:05,735 - INFO - Starting trial 58
[I 2026-05-15 11:20:09,821] Trial 58 pruned. 
2026-05-15 11:20:10,022 - INFO - Starting trial 59
[I 2026-05-15 12:29:42,744] Trial 59 pruned. 
2026-05-15 12:29:42,808 - INFO - Starting trial 60
[I 2026-05-15 13:39:59,508] Trial 60 pruned. 
2026-05-15 13:39:59,614 - INFO - Starting trial 61
2026-05-15 14:50:04,061 - INFO - Study saved to /lustre/scratch-global/cib/abiel/AMES_FINAL/optuna/study_20260512.pkl
[I 2026-05-15 14:50:04,137] Trial 61 finished with value: 0.322759484563555 and parameters: {'nGraphConvolutionalLayers': 5, 'n_node_neurons': 273, 'n_edge_neurons': 226, 'DropoutGNN': 0.10016594295706821, 'momentumBatchNorm': 0.36552585978097596, 'nSharedLayers': 1, 'nTargetSpecificLayers': 1, 'n_shared_0': 176, 'n_target_0': 194, 'DropoutShared_0': 0.37474102072154813, 'DropoutTarget_0': 0.11494682089496047, 'learningRate': 5.589980516033267e-05, 'w1': 4.986444383356081, 'w2': 4.48200575755542, 'w3': 3.0205614695962777, 'w4': 1.5607037459548256, 'w5': 1.5253267084304856}. Best is trial 61 with value: 0.322759484563555.
2026-05-15 14:50:04,140 - INFO - Starting trial 62
slurmstepd: error: *** JOB 1556140 ON drago32030012 CANCELLED AT 2026-05-15T15:51:28 DUE TO TIME LIMIT ***
